{"C:\\Users\\Diplon\\Desktop\\delivery-system-main\\delivery-system-main\\backend\\server.js": {"path":"C:\\Users\\Diplon\\Desktop\\delivery-system-main\\delivery-system-main\\backend\\server.js","statementMap":{"0":{"start":{"line":2,"column":0},"end":{"line":2,"column":16}},"1":{"start":{"line":4,"column":12},"end":{"line":4,"column":25}},"2":{"start":{"line":11,"column":19},"end":{"line":11,"column":49}},"3":{"start":{"line":12,"column":18},"end":{"line":12,"column":42}},"4":{"start":{"line":42,"column":12},"end":{"line":42,"column":21}},"5":{"start":{"line":43,"column":15},"end":{"line":43,"column":37}},"6":{"start":{"line":46,"column":11},"end":{"line":48,"column":2}},"7":{"start":{"line":50,"column":0},"end":{"line":50,"column":15}},"8":{"start":{"line":52,"column":0},"end":{"line":62,"column":3}},"9":{"start":{"line":53,"column":16},"end":{"line":53,"column":44}},"10":{"start":{"line":54,"column":2},"end":{"line":54,"column":61}},"11":{"start":{"line":54,"column":14},"end":{"line":54,"column":61}},"12":{"start":{"line":55,"column":2},"end":{"line":61,"column":3}},"13":{"start":{"line":56,"column":20},"end":{"line":56,"column":61}},"14":{"start":{"line":57,"column":4},"end":{"line":57,"column":26}},"15":{"start":{"line":58,"column":4},"end":{"line":58,"column":11}},"16":{"start":{"line":60,"column":4},"end":{"line":60,"column":51}},"17":{"start":{"line":64,"column":0},"end":{"line":73,"column":3}},"18":{"start":{"line":65,"column":2},"end":{"line":65,"column":42}},"19":{"start":{"line":66,"column":2},"end":{"line":66,"column":40}},"20":{"start":{"line":67,"column":2},"end":{"line":69,"column":5}},"21":{"start":{"line":68,"column":4},"end":{"line":68,"column":63}},"22":{"start":{"line":68,"column":35},"end":{"line":68,"column":63}},"23":{"start":{"line":70,"column":2},"end":{"line":72,"column":5}},"24":{"start":{"line":71,"column":4},"end":{"line":71,"column":65}},"25":{"start":{"line":71,"column":35},"end":{"line":71,"column":65}},"26":{"start":{"line":76,"column":0},"end":{"line":76,"column":26}},"27":{"start":{"line":79,"column":0},"end":{"line":79,"column":18}},"28":{"start":{"line":80,"column":0},"end":{"line":80,"column":28}},"29":{"start":{"line":81,"column":0},"end":{"line":81,"column":27}},"30":{"start":{"line":82,"column":0},"end":{"line":82,"column":25}},"31":{"start":{"line":83,"column":0},"end":{"line":83,"column":15}},"32":{"start":{"line":86,"column":0},"end":{"line":86,"column":23}},"33":{"start":{"line":87,"column":0},"end":{"line":87,"column":41}},"34":{"start":{"line":88,"column":0},"end":{"line":88,"column":48}},"35":{"start":{"line":89,"column":0},"end":{"line":89,"column":24}},"36":{"start":{"line":92,"column":0},"end":{"line":95,"column":2}},"37":{"start":{"line":93,"column":49},"end":{"line":93,"column":72}},"38":{"start":{"line":101,"column":0},"end":{"line":104,"column":3}},"39":{"start":{"line":102,"column":2},"end":{"line":102,"column":14}},"40":{"start":{"line":103,"column":2},"end":{"line":103,"column":9}},"41":{"start":{"line":107,"column":0},"end":{"line":107,"column":69}},"42":{"start":{"line":110,"column":0},"end":{"line":128,"column":3}},"43":{"start":{"line":111,"column":21},"end":{"line":116,"column":3}},"44":{"start":{"line":117,"column":19},"end":{"line":117,"column":79}},"45":{"start":{"line":118,"column":24},"end":{"line":118,"column":60}},"46":{"start":{"line":119,"column":17},"end":{"line":119,"column":42}},"47":{"start":{"line":121,"column":2},"end":{"line":127,"column":5}},"48":{"start":{"line":131,"column":0},"end":{"line":131,"column":46}},"49":{"start":{"line":132,"column":0},"end":{"line":132,"column":49}},"50":{"start":{"line":133,"column":0},"end":{"line":133,"column":52}},"51":{"start":{"line":134,"column":0},"end":{"line":134,"column":59}},"52":{"start":{"line":135,"column":0},"end":{"line":135,"column":49}},"53":{"start":{"line":136,"column":0},"end":{"line":136,"column":54}},"54":{"start":{"line":137,"column":0},"end":{"line":137,"column":54}},"55":{"start":{"line":138,"column":0},"end":{"line":138,"column":52}},"56":{"start":{"line":139,"column":0},"end":{"line":139,"column":47}},"57":{"start":{"line":140,"column":0},"end":{"line":140,"column":69}},"58":{"start":{"line":143,"column":0},"end":{"line":153,"column":1}},"59":{"start":{"line":144,"column":2},"end":{"line":144,"column":68}},"60":{"start":{"line":146,"column":2},"end":{"line":152,"column":5}},"61":{"start":{"line":147,"column":4},"end":{"line":151,"column":5}},"62":{"start":{"line":148,"column":6},"end":{"line":148,"column":75}},"63":{"start":{"line":150,"column":6},"end":{"line":150,"column":13}},"64":{"start":{"line":156,"column":0},"end":{"line":158,"column":3}},"65":{"start":{"line":157,"column":2},"end":{"line":157,"column":71}},"66":{"start":{"line":161,"column":0},"end":{"line":161,"column":22}},"67":{"start":{"line":163,"column":13},"end":{"line":163,"column":37}},"68":{"start":{"line":165,"column":0},"end":{"line":192,"column":1}},"69":{"start":{"line":166,"column":2},"end":{"line":191,"column":5}},"70":{"start":{"line":168,"column":4},"end":{"line":188,"column":5}},"71":{"start":{"line":169,"column":19},"end":{"line":169,"column":61}},"72":{"start":{"line":170,"column":25},"end":{"line":170,"column":47}},"73":{"start":{"line":171,"column":28},"end":{"line":171,"column":69}},"74":{"start":{"line":172,"column":6},"end":{"line":185,"column":7}},"75":{"start":{"line":173,"column":8},"end":{"line":173,"column":74}},"76":{"start":{"line":174,"column":26},"end":{"line":181,"column":10}},"77":{"start":{"line":182,"column":8},"end":{"line":182,"column":31}},"78":{"start":{"line":183,"column":8},"end":{"line":183,"column":63}},"79":{"start":{"line":184,"column":8},"end":{"line":184,"column":72}},"80":{"start":{"line":187,"column":6},"end":{"line":187,"column":62}},"81":{"start":{"line":190,"column":4},"end":{"line":190,"column":114}},"82":{"start":{"line":190,"column":41},"end":{"line":190,"column":112}},"83":{"start":{"line":195,"column":17},"end":{"line":206,"column":1}},"84":{"start":{"line":196,"column":2},"end":{"line":196,"column":55}},"85":{"start":{"line":197,"column":2},"end":{"line":197,"column":35}},"86":{"start":{"line":197,"column":17},"end":{"line":197,"column":35}},"87":{"start":{"line":198,"column":2},"end":{"line":205,"column":5}},"88":{"start":{"line":199,"column":4},"end":{"line":204,"column":5}},"89":{"start":{"line":200,"column":6},"end":{"line":200,"column":40}},"90":{"start":{"line":201,"column":6},"end":{"line":201,"column":22}},"91":{"start":{"line":203,"column":6},"end":{"line":203,"column":22}},"92":{"start":{"line":208,"column":0},"end":{"line":208,"column":49}},"93":{"start":{"line":208,"column":28},"end":{"line":208,"column":47}},"94":{"start":{"line":209,"column":0},"end":{"line":209,"column":47}},"95":{"start":{"line":209,"column":27},"end":{"line":209,"column":45}}},"fnMap":{"0":{"name":"(anonymous_0)","decl":{"start":{"line":52,"column":7},"end":{"line":52,"column":8}},"loc":{"start":{"line":52,"column":25},"end":{"line":62,"column":1}},"line":52},"1":{"name":"(anonymous_1)","decl":{"start":{"line":64,"column":20},"end":{"line":64,"column":21}},"loc":{"start":{"line":64,"column":32},"end":{"line":73,"column":1}},"line":64},"2":{"name":"(anonymous_2)","decl":{"start":{"line":67,"column":25},"end":{"line":67,"column":26}},"loc":{"start":{"line":67,"column":35},"end":{"line":69,"column":3}},"line":67},"3":{"name":"(anonymous_3)","decl":{"start":{"line":70,"column":25},"end":{"line":70,"column":26}},"loc":{"start":{"line":70,"column":37},"end":{"line":72,"column":3}},"line":70},"4":{"name":"(anonymous_4)","decl":{"start":{"line":93,"column":42},"end":{"line":93,"column":43}},"loc":{"start":{"line":93,"column":49},"end":{"line":93,"column":72}},"line":93},"5":{"name":"(anonymous_5)","decl":{"start":{"line":101,"column":8},"end":{"line":101,"column":9}},"loc":{"start":{"line":101,"column":28},"end":{"line":104,"column":1}},"line":101},"6":{"name":"(anonymous_6)","decl":{"start":{"line":110,"column":41},"end":{"line":110,"column":42}},"loc":{"start":{"line":110,"column":55},"end":{"line":128,"column":1}},"line":110},"7":{"name":"(anonymous_7)","decl":{"start":{"line":146,"column":15},"end":{"line":146,"column":16}},"loc":{"start":{"line":146,"column":35},"end":{"line":152,"column":3}},"line":146},"8":{"name":"(anonymous_8)","decl":{"start":{"line":156,"column":8},"end":{"line":156,"column":9}},"loc":{"start":{"line":156,"column":22},"end":{"line":158,"column":1}},"line":156},"9":{"name":"(anonymous_9)","decl":{"start":{"line":166,"column":19},"end":{"line":166,"column":20}},"loc":{"start":{"line":166,"column":31},"end":{"line":191,"column":3}},"line":166},"10":{"name":"(anonymous_10)","decl":{"start":{"line":190,"column":35},"end":{"line":190,"column":36}},"loc":{"start":{"line":190,"column":41},"end":{"line":190,"column":112}},"line":190},"11":{"name":"(anonymous_11)","decl":{"start":{"line":195,"column":17},"end":{"line":195,"column":18}},"loc":{"start":{"line":195,"column":29},"end":{"line":206,"column":1}},"line":195},"12":{"name":"(anonymous_12)","decl":{"start":{"line":198,"column":15},"end":{"line":198,"column":16}},"loc":{"start":{"line":198,"column":27},"end":{"line":205,"column":3}},"line":198},"13":{"name":"(anonymous_13)","decl":{"start":{"line":208,"column":22},"end":{"line":208,"column":23}},"loc":{"start":{"line":208,"column":28},"end":{"line":208,"column":47}},"line":208},"14":{"name":"(anonymous_14)","decl":{"start":{"line":209,"column":21},"end":{"line":209,"column":22}},"loc":{"start":{"line":209,"column":27},"end":{"line":209,"column":45}},"line":209}},"branchMap":{"0":{"loc":{"start":{"line":54,"column":2},"end":{"line":54,"column":61}},"type":"if","locations":[{"start":{"line":54,"column":2},"end":{"line":54,"column":61}},{"start":{},"end":{}}],"line":54},"1":{"loc":{"start":{"line":68,"column":4},"end":{"line":68,"column":63}},"type":"if","locations":[{"start":{"line":68,"column":4},"end":{"line":68,"column":63}},{"start":{},"end":{}}],"line":68},"2":{"loc":{"start":{"line":71,"column":4},"end":{"line":71,"column":65}},"type":"if","locations":[{"start":{"line":71,"column":4},"end":{"line":71,"column":65}},{"start":{},"end":{}}],"line":71},"3":{"loc":{"start":{"line":92,"column":8},"end":{"line":94,"column":17}},"type":"cond-expr","locations":[{"start":{"line":93,"column":4},"end":{"line":93,"column":77}},{"start":{"line":94,"column":4},"end":{"line":94,"column":17}}],"line":92},"4":{"loc":{"start":{"line":117,"column":19},"end":{"line":117,"column":79}},"type":"binary-expr","locations":[{"start":{"line":117,"column":19},"end":{"line":117,"column":61}},{"start":{"line":117,"column":65},"end":{"line":117,"column":79}}],"line":117},"5":{"loc":{"start":{"line":119,"column":17},"end":{"line":119,"column":42}},"type":"cond-expr","locations":[{"start":{"line":119,"column":33},"end":{"line":119,"column":36}},{"start":{"line":119,"column":39},"end":{"line":119,"column":42}}],"line":119},"6":{"loc":{"start":{"line":122,"column":12},"end":{"line":122,"column":42}},"type":"cond-expr","locations":[{"start":{"line":122,"column":28},"end":{"line":122,"column":32}},{"start":{"line":122,"column":35},"end":{"line":122,"column":42}}],"line":122},"7":{"loc":{"start":{"line":143,"column":0},"end":{"line":153,"column":1}},"type":"if","locations":[{"start":{"line":143,"column":0},"end":{"line":153,"column":1}},{"start":{},"end":{}}],"line":143},"8":{"loc":{"start":{"line":147,"column":4},"end":{"line":151,"column":5}},"type":"if","locations":[{"start":{"line":147,"column":4},"end":{"line":151,"column":5}},{"start":{"line":149,"column":11},"end":{"line":151,"column":5}}],"line":147},"9":{"loc":{"start":{"line":163,"column":13},"end":{"line":163,"column":37}},"type":"binary-expr","locations":[{"start":{"line":163,"column":13},"end":{"line":163,"column":29}},{"start":{"line":163,"column":33},"end":{"line":163,"column":37}}],"line":163},"10":{"loc":{"start":{"line":165,"column":0},"end":{"line":192,"column":1}},"type":"if","locations":[{"start":{"line":165,"column":0},"end":{"line":192,"column":1}},{"start":{},"end":{}}],"line":165},"11":{"loc":{"start":{"line":172,"column":6},"end":{"line":185,"column":7}},"type":"if","locations":[{"start":{"line":172,"column":6},"end":{"line":185,"column":7}},{"start":{},"end":{}}],"line":172},"12":{"loc":{"start":{"line":197,"column":2},"end":{"line":197,"column":35}},"type":"if","locations":[{"start":{"line":197,"column":2},"end":{"line":197,"column":35}},{"start":{},"end":{}}],"line":197}},"s":{"0":3,"1":3,"2":3,"3":3,"4":3,"5":3,"6":3,"7":3,"8":3,"9":0,"10":0,"11":0,"12":0,"13":0,"14":0,"15":0,"16":0,"17":3,"18":0,"19":0,"20":0,"21":0,"22":0,"23":0,"24":0,"25":0,"26":3,"27":3,"28":3,"29":3,"30":3,"31":3,"32":3,"33":3,"34":3,"35":3,"36":3,"37":0,"38":3,"39":22,"40":22,"41":3,"42":3,"43":0,"44":0,"45":0,"46":0,"47":0,"48":3,"49":3,"50":3,"51":3,"52":3,"53":3,"54":3,"55":3,"56":3,"57":3,"58":3,"59":0,"60":0,"61":0,"62":0,"63":0,"64":3,"65":0,"66":3,"67":3,"68":3,"69":0,"70":0,"71":0,"72":0,"73":0,"74":0,"75":0,"76":0,"77":0,"78":0,"79":0,"80":0,"81":0,"82":0,"83":3,"84":0,"85":0,"86":0,"87":0,"88":0,"89":0,"90":0,"91":0,"92":3,"93":0,"94":3,"95":0},"f":{"0":0,"1":0,"2":0,"3":0,"4":0,"5":22,"6":0,"7":0,"8":0,"9":0,"10":0,"11":0,"12":0,"13":0,"14":0},"b":{"0":[0,0],"1":[0,0],"2":[0,0],"3":[0,3],"4":[0,0],"5":[0,0],"6":[0,0],"7":[0,3],"8":[0,0],"9":[3,0],"10":[0,3],"11":[0,0],"12":[0,0]},"_coverageSchema":"1a1c01bbd47fc00a2c39e90264f33305004495a9","hash":"9c203abb3d6cdb2e7dc2002d7c6035628801f2fb"}
,"C:\\Users\\Diplon\\Desktop\\delivery-system-main\\delivery-system-main\\backend\\config\\corsOptions.js": {"path":"C:\\Users\\Diplon\\Desktop\\delivery-system-main\\delivery-system-main\\backend\\config\\corsOptions.js","statementMap":{"0":{"start":{"line":3,"column":19},"end":{"line":8,"column":1}},"1":{"start":{"line":10,"column":23},"end":{"line":14,"column":2}},"2":{"start":{"line":13,"column":19},"end":{"line":13,"column":51}},"3":{"start":{"line":16,"column":27},"end":{"line":38,"column":1}},"4":{"start":{"line":19,"column":29},"end":{"line":19,"column":79}},"5":{"start":{"line":21,"column":30},"end":{"line":21,"column":77}},"6":{"start":{"line":22,"column":33},"end":{"line":22,"column":110}},"7":{"start":{"line":24,"column":4},"end":{"line":33,"column":5}},"8":{"start":{"line":29,"column":6},"end":{"line":29,"column":27}},"9":{"start":{"line":31,"column":6},"end":{"line":31,"column":46}},"10":{"start":{"line":32,"column":6},"end":{"line":32,"column":49}}},"fnMap":{"0":{"name":"(anonymous_0)","decl":{"start":{"line":13,"column":9},"end":{"line":13,"column":10}},"loc":{"start":{"line":13,"column":19},"end":{"line":13,"column":51}},"line":13},"1":{"name":"(anonymous_1)","decl":{"start":{"line":17,"column":10},"end":{"line":17,"column":11}},"loc":{"start":{"line":17,"column":32},"end":{"line":34,"column":3}},"line":17}},"branchMap":{"0":{"loc":{"start":{"line":19,"column":29},"end":{"line":19,"column":79}},"type":"cond-expr","locations":[{"start":{"line":19,"column":38},"end":{"line":19,"column":70}},{"start":{"line":19,"column":73},"end":{"line":19,"column":79}}],"line":19},"1":{"loc":{"start":{"line":21,"column":30},"end":{"line":21,"column":77}},"type":"binary-expr","locations":[{"start":{"line":21,"column":30},"end":{"line":21,"column":61}},{"start":{"line":21,"column":65},"end":{"line":21,"column":77}}],"line":21},"2":{"loc":{"start":{"line":24,"column":4},"end":{"line":33,"column":5}},"type":"if","locations":[{"start":{"line":24,"column":4},"end":{"line":33,"column":5}},{"start":{"line":30,"column":11},"end":{"line":33,"column":5}}],"line":24},"3":{"loc":{"start":{"line":25,"column":6},"end":{"line":27,"column":49}},"type":"binary-expr","locations":[{"start":{"line":25,"column":6},"end":{"line":25,"column":23}},{"start":{"line":26,"column":6},"end":{"line":26,"column":47}},{"start":{"line":27,"column":6},"end":{"line":27,"column":49}}],"line":25}},"s":{"0":3,"1":3,"2":12,"3":3,"4":22,"5":22,"6":22,"7":22,"8":22,"9":0,"10":0},"f":{"0":12,"1":22},"b":{"0":[0,22],"1":[22,22],"2":[22,0],"3":[22,0,0]},"_coverageSchema":"1a1c01bbd47fc00a2c39e90264f33305004495a9","hash":"d2c373e1d54ef4b1fa45dcce81f6cb5b15ef8745"}
,"C:\\Users\\Diplon\\Desktop\\delivery-system-main\\delivery-system-main\\backend\\config\\db.js": {"path":"C:\\Users\\Diplon\\Desktop\\delivery-system-main\\delivery-system-main\\backend\\config\\db.js","statementMap":{"0":{"start":{"line":7,"column":25},"end":{"line":69,"column":1}},"1":{"start":{"line":9,"column":2},"end":{"line":15,"column":3}},"2":{"start":{"line":10,"column":4},"end":{"line":14,"column":5}},"3":{"start":{"line":11,"column":6},"end":{"line":11,"column":45}},"4":{"start":{"line":13,"column":6},"end":{"line":13,"column":53}},"5":{"start":{"line":17,"column":17},"end":{"line":17,"column":38}},"6":{"start":{"line":19,"column":2},"end":{"line":32,"column":3}},"7":{"start":{"line":20,"column":4},"end":{"line":20,"column":56}},"8":{"start":{"line":21,"column":4},"end":{"line":31,"column":5}},"9":{"start":{"line":22,"column":36},"end":{"line":22,"column":73}},"10":{"start":{"line":23,"column":21},"end":{"line":23,"column":53}},"11":{"start":{"line":24,"column":6},"end":{"line":24,"column":33}},"12":{"start":{"line":25,"column":6},"end":{"line":25,"column":70}},"13":{"start":{"line":26,"column":6},"end":{"line":26,"column":33}},"14":{"start":{"line":27,"column":6},"end":{"line":27,"column":39}},"15":{"start":{"line":29,"column":6},"end":{"line":29,"column":79}},"16":{"start":{"line":30,"column":6},"end":{"line":30,"column":22}},"17":{"start":{"line":34,"column":22},"end":{"line":34,"column":23}},"18":{"start":{"line":35,"column":16},"end":{"line":35,"column":17}},"19":{"start":{"line":37,"column":2},"end":{"line":39,"column":5}},"20":{"start":{"line":38,"column":4},"end":{"line":38,"column":93}},"21":{"start":{"line":41,"column":2},"end":{"line":43,"column":5}},"22":{"start":{"line":42,"column":4},"end":{"line":42,"column":53}},"23":{"start":{"line":45,"column":2},"end":{"line":47,"column":5}},"24":{"start":{"line":46,"column":4},"end":{"line":46,"column":61}},"25":{"start":{"line":49,"column":2},"end":{"line":68,"column":3}},"26":{"start":{"line":50,"column":4},"end":{"line":67,"column":5}},"27":{"start":{"line":51,"column":19},"end":{"line":56,"column":8}},"28":{"start":{"line":57,"column":6},"end":{"line":57,"column":64}},"29":{"start":{"line":58,"column":6},"end":{"line":58,"column":13}},"30":{"start":{"line":60,"column":6},"end":{"line":60,"column":16}},"31":{"start":{"line":61,"column":6},"end":{"line":61,"column":83}},"32":{"start":{"line":62,"column":6},"end":{"line":65,"column":7}},"33":{"start":{"line":63,"column":8},"end":{"line":63,"column":54}},"34":{"start":{"line":64,"column":8},"end":{"line":64,"column":24}},"35":{"start":{"line":66,"column":6},"end":{"line":66,"column":60}},"36":{"start":{"line":66,"column":29},"end":{"line":66,"column":58}}},"fnMap":{"0":{"name":"(anonymous_0)","decl":{"start":{"line":7,"column":25},"end":{"line":7,"column":26}},"loc":{"start":{"line":7,"column":37},"end":{"line":69,"column":1}},"line":7},"1":{"name":"(anonymous_1)","decl":{"start":{"line":37,"column":41},"end":{"line":37,"column":42}},"loc":{"start":{"line":37,"column":47},"end":{"line":39,"column":3}},"line":37},"2":{"name":"(anonymous_2)","decl":{"start":{"line":41,"column":40},"end":{"line":41,"column":41}},"loc":{"start":{"line":41,"column":46},"end":{"line":43,"column":3}},"line":41},"3":{"name":"(anonymous_3)","decl":{"start":{"line":45,"column":34},"end":{"line":45,"column":35}},"loc":{"start":{"line":45,"column":43},"end":{"line":47,"column":3}},"line":45},"4":{"name":"(anonymous_4)","decl":{"start":{"line":66,"column":24},"end":{"line":66,"column":25}},"loc":{"start":{"line":66,"column":29},"end":{"line":66,"column":58}},"line":66}},"branchMap":{"0":{"loc":{"start":{"line":9,"column":2},"end":{"line":15,"column":3}},"type":"if","locations":[{"start":{"line":9,"column":2},"end":{"line":15,"column":3}},{"start":{},"end":{}}],"line":9},"1":{"loc":{"start":{"line":19,"column":2},"end":{"line":32,"column":3}},"type":"if","locations":[{"start":{"line":19,"column":2},"end":{"line":32,"column":3}},{"start":{},"end":{}}],"line":19},"2":{"loc":{"start":{"line":62,"column":6},"end":{"line":65,"column":7}},"type":"if","locations":[{"start":{"line":62,"column":6},"end":{"line":65,"column":7}},{"start":{},"end":{}}],"line":62}},"s":{"0":3,"1":0,"2":0,"3":0,"4":0,"5":0,"6":0,"7":0,"8":0,"9":0,"10":0,"11":0,"12":0,"13":0,"14":0,"15":0,"16":0,"17":0,"18":0,"19":0,"20":0,"21":0,"22":0,"23":0,"24":0,"25":0,"26":0,"27":0,"28":0,"29":0,"30":0,"31":0,"32":0,"33":0,"34":0,"35":0,"36":0},"f":{"0":0,"1":0,"2":0,"3":0,"4":0},"b":{"0":[0,0],"1":[0,0],"2":[0,0]},"_coverageSchema":"1a1c01bbd47fc00a2c39e90264f33305004495a9","hash":"edd9b5d28ed1130e68f24532bf4cb7d58627dbee"}
,"C:\\Users\\Diplon\\Desktop\\delivery-system-main\\delivery-system-main\\backend\\config\\logger.js": {"path":"C:\\Users\\Diplon\\Desktop\\delivery-system-main\\delivery-system-main\\backend\\config\\logger.js","statementMap":{"0":{"start":{"line":3,"column":57},"end":{"line":3,"column":71}},"1":{"start":{"line":5,"column":18},"end":{"line":7,"column":2}},"2":{"start":{"line":6,"column":2},"end":{"line":6,"column":56}},"3":{"start":{"line":9,"column":22},"end":{"line":19,"column":2}}},"fnMap":{"0":{"name":"(anonymous_0)","decl":{"start":{"line":5,"column":25},"end":{"line":5,"column":26}},"loc":{"start":{"line":5,"column":67},"end":{"line":7,"column":1}},"line":5}},"branchMap":{"0":{"loc":{"start":{"line":6,"column":37},"end":{"line":6,"column":53}},"type":"binary-expr","locations":[{"start":{"line":6,"column":37},"end":{"line":6,"column":42}},{"start":{"line":6,"column":46},"end":{"line":6,"column":53}}],"line":6},"1":{"loc":{"start":{"line":10,"column":9},"end":{"line":10,"column":65}},"type":"cond-expr","locations":[{"start":{"line":10,"column":49},"end":{"line":10,"column":55}},{"start":{"line":10,"column":58},"end":{"line":10,"column":65}}],"line":10}},"s":{"0":3,"1":3,"2":0,"3":3},"f":{"0":0},"b":{"0":[0,0],"1":[0,3]},"_coverageSchema":"1a1c01bbd47fc00a2c39e90264f33305004495a9","hash":"63927ed03bf86447e3456d16b3058153d977f061"}
,"C:\\Users\\Diplon\\Desktop\\delivery-system-main\\delivery-system-main\\backend\\config\\validateEnv.js": {"path":"C:\\Users\\Diplon\\Desktop\\delivery-system-main\\delivery-system-main\\backend\\config\\validateEnv.js","statementMap":{"0":{"start":{"line":5,"column":0},"end":{"line":5,"column":16}},"1":{"start":{"line":7,"column":27},"end":{"line":26,"column":1}},"2":{"start":{"line":8,"column":2},"end":{"line":25,"column":3}},"3":{"start":{"line":9,"column":4},"end":{"line":11,"column":5}},"4":{"start":{"line":10,"column":6},"end":{"line":10,"column":54}},"5":{"start":{"line":13,"column":16},"end":{"line":20,"column":6}},"6":{"start":{"line":21,"column":4},"end":{"line":21,"column":15}},"7":{"start":{"line":23,"column":4},"end":{"line":23,"column":68}},"8":{"start":{"line":24,"column":4},"end":{"line":24,"column":20}}},"fnMap":{"0":{"name":"(anonymous_0)","decl":{"start":{"line":7,"column":27},"end":{"line":7,"column":28}},"loc":{"start":{"line":7,"column":33},"end":{"line":26,"column":1}},"line":7}},"branchMap":{"0":{"loc":{"start":{"line":9,"column":4},"end":{"line":11,"column":5}},"type":"if","locations":[{"start":{"line":9,"column":4},"end":{"line":11,"column":5}},{"start":{},"end":{}}],"line":9},"1":{"loc":{"start":{"line":9,"column":8},"end":{"line":9,"column":57}},"type":"binary-expr","locations":[{"start":{"line":9,"column":8},"end":{"line":9,"column":31}},{"start":{"line":9,"column":35},"end":{"line":9,"column":57}}],"line":9}},"s":{"0":3,"1":3,"2":3,"3":3,"4":0,"5":3,"6":3,"7":0,"8":0},"f":{"0":3},"b":{"0":[0,3],"1":[3,0]},"_coverageSchema":"1a1c01bbd47fc00a2c39e90264f33305004495a9","hash":"6bcd6014b905f9f7b1aeeccd62da0aa927dc014c"}
,"C:\\Users\\Diplon\\Desktop\\delivery-system-main\\delivery-system-main\\backend\\controllers\\adminController.js": {"path":"C:\\Users\\Diplon\\Desktop\\delivery-system-main\\delivery-system-main\\backend\\controllers\\adminController.js","statementMap":{"0":{"start":{"line":18,"column":21},"end":{"line":18,"column":49}},"1":{"start":{"line":19,"column":18},"end":{"line":19,"column":27}},"2":{"start":{"line":22,"column":33},"end":{"line":183,"column":1}},"3":{"start":{"line":23,"column":2},"end":{"line":182,"column":3}},"4":{"start":{"line":25,"column":4},"end":{"line":27,"column":5}},"5":{"start":{"line":26,"column":6},"end":{"line":26,"column":82}},"6":{"start":{"line":29,"column":16},"end":{"line":29,"column":26}},"7":{"start":{"line":30,"column":18},"end":{"line":30,"column":31}},"8":{"start":{"line":30,"column":33},"end":{"line":30,"column":60}},"9":{"start":{"line":31,"column":23},"end":{"line":31,"column":69}},"10":{"start":{"line":32,"column":26},"end":{"line":32,"column":39}},"11":{"start":{"line":32,"column":41},"end":{"line":32,"column":93}},"12":{"start":{"line":33,"column":25},"end":{"line":33,"column":38}},"13":{"start":{"line":33,"column":40},"end":{"line":33,"column":89}},"14":{"start":{"line":36,"column":23},"end":{"line":131,"column":6}},"15":{"start":{"line":133,"column":14},"end":{"line":133,"column":41}},"16":{"start":{"line":133,"column":23},"end":{"line":133,"column":41}},"17":{"start":{"line":134,"column":14},"end":{"line":134,"column":50}},"18":{"start":{"line":134,"column":30},"end":{"line":134,"column":50}},"19":{"start":{"line":137,"column":42},"end":{"line":140,"column":6}},"20":{"start":{"line":142,"column":26},"end":{"line":142,"column":100}},"21":{"start":{"line":144,"column":17},"end":{"line":174,"column":5}},"22":{"start":{"line":177,"column":4},"end":{"line":177,"column":53}},"23":{"start":{"line":179,"column":4},"end":{"line":179,"column":38}},"24":{"start":{"line":181,"column":4},"end":{"line":181,"column":69}},"25":{"start":{"line":186,"column":25},"end":{"line":210,"column":1}},"26":{"start":{"line":187,"column":2},"end":{"line":209,"column":3}},"27":{"start":{"line":188,"column":16},"end":{"line":188,"column":60}},"28":{"start":{"line":189,"column":4},"end":{"line":189,"column":92}},"29":{"start":{"line":189,"column":14},"end":{"line":189,"column":92}},"30":{"start":{"line":190,"column":4},"end":{"line":190,"column":128}},"31":{"start":{"line":190,"column":36},"end":{"line":190,"column":128}},"32":{"start":{"line":192,"column":4},"end":{"line":192,"column":27}},"33":{"start":{"line":193,"column":4},"end":{"line":193,"column":32}},"34":{"start":{"line":194,"column":4},"end":{"line":194,"column":42}},"35":{"start":{"line":195,"column":4},"end":{"line":200,"column":7}},"36":{"start":{"line":201,"column":4},"end":{"line":201,"column":21}},"37":{"start":{"line":204,"column":4},"end":{"line":204,"column":33}},"38":{"start":{"line":206,"column":4},"end":{"line":206,"column":81}},"39":{"start":{"line":208,"column":4},"end":{"line":208,"column":69}},"40":{"start":{"line":213,"column":30},"end":{"line":250,"column":1}},"41":{"start":{"line":214,"column":2},"end":{"line":249,"column":3}},"42":{"start":{"line":215,"column":53},"end":{"line":215,"column":61}},"43":{"start":{"line":216,"column":4},"end":{"line":216,"column":124}},"44":{"start":{"line":216,"column":43},"end":{"line":216,"column":124}},"45":{"start":{"line":218,"column":21},"end":{"line":218,"column":117}},"46":{"start":{"line":219,"column":4},"end":{"line":219,"column":118}},"47":{"start":{"line":219,"column":31},"end":{"line":219,"column":118}},"48":{"start":{"line":221,"column":16},"end":{"line":221,"column":26}},"49":{"start":{"line":222,"column":19},"end":{"line":222,"column":71}},"50":{"start":{"line":224,"column":4},"end":{"line":237,"column":5}},"51":{"start":{"line":225,"column":6},"end":{"line":225,"column":28}},"52":{"start":{"line":226,"column":6},"end":{"line":226,"column":44}},"53":{"start":{"line":227,"column":6},"end":{"line":227,"column":23}},"54":{"start":{"line":228,"column":6},"end":{"line":228,"column":36}},"55":{"start":{"line":229,"column":6},"end":{"line":229,"column":29}},"56":{"start":{"line":230,"column":6},"end":{"line":235,"column":9}},"57":{"start":{"line":236,"column":6},"end":{"line":236,"column":23}},"58":{"start":{"line":240,"column":4},"end":{"line":240,"column":33}},"59":{"start":{"line":242,"column":4},"end":{"line":246,"column":7}},"60":{"start":{"line":248,"column":4},"end":{"line":248,"column":69}},"61":{"start":{"line":253,"column":33},"end":{"line":284,"column":1}},"62":{"start":{"line":254,"column":2},"end":{"line":283,"column":3}},"63":{"start":{"line":255,"column":51},"end":{"line":255,"column":60}},"64":{"start":{"line":256,"column":19},"end":{"line":256,"column":59}},"65":{"start":{"line":257,"column":4},"end":{"line":257,"column":70}},"66":{"start":{"line":257,"column":16},"end":{"line":257,"column":70}},"67":{"start":{"line":258,"column":4},"end":{"line":259,"column":68}},"68":{"start":{"line":258,"column":27},"end":{"line":258,"column":52}},"69":{"start":{"line":259,"column":9},"end":{"line":259,"column":68}},"70":{"start":{"line":259,"column":34},"end":{"line":259,"column":68}},"71":{"start":{"line":260,"column":4},"end":{"line":264,"column":5}},"72":{"start":{"line":261,"column":6},"end":{"line":261,"column":28}},"73":{"start":{"line":262,"column":6},"end":{"line":262,"column":65}},"74":{"start":{"line":262,"column":21},"end":{"line":262,"column":65}},"75":{"start":{"line":263,"column":6},"end":{"line":263,"column":113}},"76":{"start":{"line":263,"column":33},"end":{"line":263,"column":50}},"77":{"start":{"line":263,"column":52},"end":{"line":263,"column":82}},"78":{"start":{"line":263,"column":83},"end":{"line":263,"column":111}},"79":{"start":{"line":266,"column":21},"end":{"line":270,"column":13}},"80":{"start":{"line":273,"column":19},"end":{"line":273,"column":137}},"81":{"start":{"line":274,"column":17},"end":{"line":276,"column":16}},"82":{"start":{"line":275,"column":6},"end":{"line":275,"column":296}},"83":{"start":{"line":278,"column":4},"end":{"line":278,"column":46}},"84":{"start":{"line":279,"column":4},"end":{"line":279,"column":95}},"85":{"start":{"line":280,"column":4},"end":{"line":280,"column":28}},"86":{"start":{"line":282,"column":4},"end":{"line":282,"column":69}},"87":{"start":{"line":287,"column":37},"end":{"line":332,"column":1}},"88":{"start":{"line":288,"column":2},"end":{"line":331,"column":3}},"89":{"start":{"line":289,"column":43},"end":{"line":289,"column":52}},"90":{"start":{"line":291,"column":24},"end":{"line":291,"column":64}},"91":{"start":{"line":292,"column":4},"end":{"line":294,"column":5}},"92":{"start":{"line":293,"column":6},"end":{"line":293,"column":65}},"93":{"start":{"line":296,"column":4},"end":{"line":306,"column":5}},"94":{"start":{"line":297,"column":6},"end":{"line":297,"column":33}},"95":{"start":{"line":298,"column":6},"end":{"line":298,"column":70}},"96":{"start":{"line":298,"column":21},"end":{"line":298,"column":70}},"97":{"start":{"line":301,"column":6},"end":{"line":305,"column":7}},"98":{"start":{"line":302,"column":20},"end":{"line":302,"column":37}},"99":{"start":{"line":303,"column":8},"end":{"line":303,"column":38}},"100":{"start":{"line":304,"column":8},"end":{"line":304,"column":41}},"101":{"start":{"line":308,"column":22},"end":{"line":326,"column":6}},"102":{"start":{"line":328,"column":4},"end":{"line":328,"column":69}},"103":{"start":{"line":330,"column":4},"end":{"line":330,"column":69}},"104":{"start":{"line":335,"column":29},"end":{"line":353,"column":1}},"105":{"start":{"line":336,"column":2},"end":{"line":352,"column":3}},"106":{"start":{"line":337,"column":78},"end":{"line":337,"column":86}},"107":{"start":{"line":339,"column":19},"end":{"line":339,"column":48}},"108":{"start":{"line":340,"column":4},"end":{"line":342,"column":5}},"109":{"start":{"line":341,"column":6},"end":{"line":341,"column":84}},"110":{"start":{"line":344,"column":4},"end":{"line":344,"column":90}},"111":{"start":{"line":345,"column":4},"end":{"line":345,"column":102}},"112":{"start":{"line":346,"column":4},"end":{"line":346,"column":93}},"113":{"start":{"line":347,"column":4},"end":{"line":347,"column":54}},"114":{"start":{"line":349,"column":4},"end":{"line":349,"column":57}},"115":{"start":{"line":351,"column":4},"end":{"line":351,"column":69}},"116":{"start":{"line":356,"column":27},"end":{"line":383,"column":1}},"117":{"start":{"line":357,"column":2},"end":{"line":382,"column":3}},"118":{"start":{"line":358,"column":59},"end":{"line":358,"column":68}},"119":{"start":{"line":359,"column":19},"end":{"line":359,"column":21}},"120":{"start":{"line":360,"column":4},"end":{"line":360,"column":51}},"121":{"start":{"line":360,"column":32},"end":{"line":360,"column":51}},"122":{"start":{"line":361,"column":4},"end":{"line":361,"column":59}},"123":{"start":{"line":361,"column":36},"end":{"line":361,"column":59}},"124":{"start":{"line":362,"column":4},"end":{"line":362,"column":64}},"125":{"start":{"line":362,"column":16},"end":{"line":362,"column":64}},"126":{"start":{"line":364,"column":17},"end":{"line":364,"column":55}},"127":{"start":{"line":366,"column":27},"end":{"line":369,"column":6}},"128":{"start":{"line":371,"column":4},"end":{"line":379,"column":7}},"129":{"start":{"line":381,"column":4},"end":{"line":381,"column":69}},"130":{"start":{"line":386,"column":27},"end":{"line":416,"column":1}},"131":{"start":{"line":387,"column":2},"end":{"line":415,"column":3}},"132":{"start":{"line":388,"column":17},"end":{"line":388,"column":51}},"133":{"start":{"line":389,"column":4},"end":{"line":391,"column":5}},"134":{"start":{"line":390,"column":6},"end":{"line":390,"column":82}},"135":{"start":{"line":392,"column":4},"end":{"line":394,"column":5}},"136":{"start":{"line":393,"column":6},"end":{"line":393,"column":97}},"137":{"start":{"line":396,"column":4},"end":{"line":396,"column":30}},"138":{"start":{"line":397,"column":4},"end":{"line":397,"column":34}},"139":{"start":{"line":398,"column":4},"end":{"line":398,"column":36}},"140":{"start":{"line":399,"column":4},"end":{"line":399,"column":68}},"141":{"start":{"line":401,"column":4},"end":{"line":401,"column":52}},"142":{"start":{"line":403,"column":4},"end":{"line":410,"column":7}},"143":{"start":{"line":412,"column":4},"end":{"line":412,"column":118}},"144":{"start":{"line":414,"column":4},"end":{"line":414,"column":69}},"145":{"start":{"line":419,"column":30},"end":{"line":446,"column":1}},"146":{"start":{"line":420,"column":2},"end":{"line":445,"column":3}},"147":{"start":{"line":421,"column":17},"end":{"line":421,"column":51}},"148":{"start":{"line":422,"column":4},"end":{"line":424,"column":5}},"149":{"start":{"line":423,"column":6},"end":{"line":423,"column":82}},"150":{"start":{"line":426,"column":4},"end":{"line":426,"column":27}},"151":{"start":{"line":427,"column":4},"end":{"line":427,"column":28}},"152":{"start":{"line":428,"column":4},"end":{"line":428,"column":28}},"153":{"start":{"line":429,"column":4},"end":{"line":429,"column":33}},"154":{"start":{"line":431,"column":4},"end":{"line":431,"column":52}},"155":{"start":{"line":433,"column":4},"end":{"line":440,"column":7}},"156":{"start":{"line":442,"column":4},"end":{"line":442,"column":120}},"157":{"start":{"line":444,"column":4},"end":{"line":444,"column":69}},"158":{"start":{"line":449,"column":26},"end":{"line":489,"column":1}},"159":{"start":{"line":450,"column":2},"end":{"line":488,"column":3}},"160":{"start":{"line":451,"column":63},"end":{"line":451,"column":71}},"161":{"start":{"line":453,"column":4},"end":{"line":455,"column":5}},"162":{"start":{"line":454,"column":6},"end":{"line":454,"column":112}},"163":{"start":{"line":457,"column":21},"end":{"line":457,"column":50}},"164":{"start":{"line":458,"column":4},"end":{"line":460,"column":5}},"165":{"start":{"line":459,"column":6},"end":{"line":459,"column":92}},"166":{"start":{"line":462,"column":17},"end":{"line":471,"column":6}},"167":{"start":{"line":473,"column":4},"end":{"line":485,"column":7}},"168":{"start":{"line":487,"column":4},"end":{"line":487,"column":69}},"169":{"start":{"line":494,"column":26},"end":{"line":515,"column":1}},"170":{"start":{"line":495,"column":2},"end":{"line":514,"column":3}},"171":{"start":{"line":496,"column":61},"end":{"line":496,"column":69}},"172":{"start":{"line":497,"column":17},"end":{"line":497,"column":51}},"173":{"start":{"line":498,"column":4},"end":{"line":498,"column":91}},"174":{"start":{"line":498,"column":15},"end":{"line":498,"column":91}},"175":{"start":{"line":500,"column":4},"end":{"line":500,"column":31}},"176":{"start":{"line":500,"column":14},"end":{"line":500,"column":31}},"177":{"start":{"line":501,"column":4},"end":{"line":501,"column":54}},"178":{"start":{"line":501,"column":31},"end":{"line":501,"column":54}},"179":{"start":{"line":502,"column":4},"end":{"line":502,"column":37}},"180":{"start":{"line":502,"column":16},"end":{"line":502,"column":37}},"181":{"start":{"line":503,"column":4},"end":{"line":505,"column":5}},"182":{"start":{"line":504,"column":6},"end":{"line":504,"column":62}},"183":{"start":{"line":506,"column":4},"end":{"line":508,"column":5}},"184":{"start":{"line":507,"column":6},"end":{"line":507,"column":59}},"185":{"start":{"line":510,"column":4},"end":{"line":510,"column":52}},"186":{"start":{"line":511,"column":4},"end":{"line":511,"column":209}},"187":{"start":{"line":513,"column":4},"end":{"line":513,"column":69}},"188":{"start":{"line":518,"column":35},"end":{"line":539,"column":1}},"189":{"start":{"line":519,"column":2},"end":{"line":538,"column":3}},"190":{"start":{"line":520,"column":61},"end":{"line":520,"column":70}},"191":{"start":{"line":521,"column":19},"end":{"line":521,"column":21}},"192":{"start":{"line":522,"column":4},"end":{"line":522,"column":59}},"193":{"start":{"line":522,"column":36},"end":{"line":522,"column":59}},"194":{"start":{"line":523,"column":4},"end":{"line":523,"column":41}},"195":{"start":{"line":523,"column":16},"end":{"line":523,"column":41}},"196":{"start":{"line":524,"column":4},"end":{"line":527,"column":6}},"197":{"start":{"line":524,"column":16},"end":{"line":527,"column":6}},"198":{"start":{"line":529,"column":17},"end":{"line":529,"column":55}},"199":{"start":{"line":530,"column":30},"end":{"line":533,"column":6}},"200":{"start":{"line":535,"column":4},"end":{"line":535,"column":136}},"201":{"start":{"line":537,"column":4},"end":{"line":537,"column":69}},"202":{"start":{"line":542,"column":34},"end":{"line":575,"column":1}},"203":{"start":{"line":543,"column":2},"end":{"line":574,"column":3}},"204":{"start":{"line":544,"column":19},"end":{"line":544,"column":29}},"205":{"start":{"line":545,"column":89},"end":{"line":545,"column":97}},"206":{"start":{"line":547,"column":16},"end":{"line":547,"column":42}},"207":{"start":{"line":548,"column":4},"end":{"line":550,"column":5}},"208":{"start":{"line":549,"column":6},"end":{"line":549,"column":85}},"209":{"start":{"line":552,"column":20},"end":{"line":552,"column":22}},"210":{"start":{"line":553,"column":4},"end":{"line":553,"column":126}},"211":{"start":{"line":553,"column":61},"end":{"line":553,"column":91}},"212":{"start":{"line":553,"column":92},"end":{"line":553,"column":124}},"213":{"start":{"line":554,"column":4},"end":{"line":554,"column":132}},"214":{"start":{"line":554,"column":64},"end":{"line":554,"column":95}},"215":{"start":{"line":554,"column":96},"end":{"line":554,"column":130}},"216":{"start":{"line":555,"column":4},"end":{"line":555,"column":95}},"217":{"start":{"line":555,"column":46},"end":{"line":555,"column":70}},"218":{"start":{"line":555,"column":71},"end":{"line":555,"column":93}},"219":{"start":{"line":556,"column":4},"end":{"line":556,"column":77}},"220":{"start":{"line":556,"column":37},"end":{"line":556,"column":58}},"221":{"start":{"line":556,"column":59},"end":{"line":556,"column":75}},"222":{"start":{"line":557,"column":4},"end":{"line":557,"column":103}},"223":{"start":{"line":557,"column":57},"end":{"line":557,"column":80}},"224":{"start":{"line":557,"column":81},"end":{"line":557,"column":101}},"225":{"start":{"line":558,"column":4},"end":{"line":558,"column":103}},"226":{"start":{"line":558,"column":57},"end":{"line":558,"column":80}},"227":{"start":{"line":558,"column":81},"end":{"line":558,"column":101}},"228":{"start":{"line":559,"column":4},"end":{"line":559,"column":135}},"229":{"start":{"line":559,"column":38},"end":{"line":559,"column":68}},"230":{"start":{"line":559,"column":69},"end":{"line":559,"column":133}},"231":{"start":{"line":561,"column":4},"end":{"line":569,"column":5}},"232":{"start":{"line":562,"column":6},"end":{"line":567,"column":9}},"233":{"start":{"line":568,"column":6},"end":{"line":568,"column":23}},"234":{"start":{"line":571,"column":4},"end":{"line":571,"column":85}},"235":{"start":{"line":573,"column":4},"end":{"line":573,"column":69}},"236":{"start":{"line":578,"column":34},"end":{"line":598,"column":1}},"237":{"start":{"line":579,"column":2},"end":{"line":597,"column":3}},"238":{"start":{"line":580,"column":16},"end":{"line":580,"column":53}},"239":{"start":{"line":581,"column":4},"end":{"line":583,"column":5}},"240":{"start":{"line":582,"column":6},"end":{"line":582,"column":85}},"241":{"start":{"line":585,"column":4},"end":{"line":585,"column":31}},"242":{"start":{"line":586,"column":4},"end":{"line":591,"column":7}},"243":{"start":{"line":592,"column":4},"end":{"line":592,"column":21}},"244":{"start":{"line":594,"column":4},"end":{"line":594,"column":74}},"245":{"start":{"line":596,"column":4},"end":{"line":596,"column":69}},"246":{"start":{"line":601,"column":38},"end":{"line":664,"column":1}},"247":{"start":{"line":602,"column":2},"end":{"line":663,"column":3}},"248":{"start":{"line":603,"column":161},"end":{"line":603,"column":169}},"249":{"start":{"line":605,"column":4},"end":{"line":607,"column":5}},"250":{"start":{"line":606,"column":6},"end":{"line":606,"column":89}},"251":{"start":{"line":608,"column":4},"end":{"line":610,"column":5}},"252":{"start":{"line":609,"column":6},"end":{"line":609,"column":122}},"253":{"start":{"line":612,"column":19},"end":{"line":612,"column":48}},"254":{"start":{"line":613,"column":4},"end":{"line":615,"column":5}},"255":{"start":{"line":614,"column":6},"end":{"line":614,"column":84}},"256":{"start":{"line":617,"column":25},"end":{"line":617,"column":51}},"257":{"start":{"line":618,"column":22},"end":{"line":618,"column":53}},"258":{"start":{"line":620,"column":30},"end":{"line":620,"column":52}},"259":{"start":{"line":621,"column":4},"end":{"line":632,"column":5}},"260":{"start":{"line":622,"column":6},"end":{"line":631,"column":7}},"261":{"start":{"line":623,"column":8},"end":{"line":628,"column":11}},"262":{"start":{"line":630,"column":8},"end":{"line":630,"column":32}},"263":{"start":{"line":634,"column":16},"end":{"line":658,"column":6}},"264":{"start":{"line":660,"column":4},"end":{"line":660,"column":55}},"265":{"start":{"line":662,"column":4},"end":{"line":662,"column":69}},"266":{"start":{"line":667,"column":43},"end":{"line":733,"column":1}},"267":{"start":{"line":668,"column":2},"end":{"line":732,"column":3}},"268":{"start":{"line":669,"column":35},"end":{"line":669,"column":43}},"269":{"start":{"line":671,"column":4},"end":{"line":673,"column":5}},"270":{"start":{"line":672,"column":6},"end":{"line":672,"column":89}},"271":{"start":{"line":674,"column":4},"end":{"line":676,"column":5}},"272":{"start":{"line":675,"column":6},"end":{"line":675,"column":89}},"273":{"start":{"line":678,"column":19},"end":{"line":678,"column":48}},"274":{"start":{"line":679,"column":4},"end":{"line":681,"column":5}},"275":{"start":{"line":680,"column":6},"end":{"line":680,"column":84}},"276":{"start":{"line":683,"column":28},"end":{"line":683,"column":30}},"277":{"start":{"line":684,"column":4},"end":{"line":727,"column":5}},"278":{"start":{"line":685,"column":27},"end":{"line":685,"column":53}},"279":{"start":{"line":686,"column":24},"end":{"line":686,"column":55}},"280":{"start":{"line":688,"column":32},"end":{"line":688,"column":56}},"281":{"start":{"line":689,"column":6},"end":{"line":700,"column":7}},"282":{"start":{"line":690,"column":8},"end":{"line":699,"column":9}},"283":{"start":{"line":691,"column":10},"end":{"line":696,"column":13}},"284":{"start":{"line":698,"column":10},"end":{"line":698,"column":34}},"285":{"start":{"line":702,"column":18},"end":{"line":725,"column":8}},"286":{"start":{"line":726,"column":6},"end":{"line":726,"column":32}},"287":{"start":{"line":729,"column":4},"end":{"line":729,"column":67}},"288":{"start":{"line":731,"column":4},"end":{"line":731,"column":69}},"289":{"start":{"line":736,"column":34},"end":{"line":785,"column":1}},"290":{"start":{"line":737,"column":2},"end":{"line":784,"column":3}},"291":{"start":{"line":738,"column":27},"end":{"line":738,"column":35}},"292":{"start":{"line":740,"column":4},"end":{"line":745,"column":5}},"293":{"start":{"line":741,"column":6},"end":{"line":744,"column":9}},"294":{"start":{"line":747,"column":20},"end":{"line":747,"column":22}},"295":{"start":{"line":749,"column":4},"end":{"line":771,"column":5}},"296":{"start":{"line":750,"column":18},"end":{"line":750,"column":55}},"297":{"start":{"line":751,"column":6},"end":{"line":751,"column":53}},"298":{"start":{"line":751,"column":44},"end":{"line":751,"column":53}},"299":{"start":{"line":754,"column":18},"end":{"line":754,"column":77}},"300":{"start":{"line":755,"column":6},"end":{"line":755,"column":39}},"301":{"start":{"line":756,"column":6},"end":{"line":761,"column":9}},"302":{"start":{"line":762,"column":6},"end":{"line":762,"column":23}},"303":{"start":{"line":765,"column":21},"end":{"line":768,"column":8}},"304":{"start":{"line":770,"column":6},"end":{"line":770,"column":121}},"305":{"start":{"line":773,"column":4},"end":{"line":779,"column":5}},"306":{"start":{"line":774,"column":6},"end":{"line":778,"column":9}},"307":{"start":{"line":781,"column":4},"end":{"line":781,"column":59}},"308":{"start":{"line":783,"column":4},"end":{"line":783,"column":69}},"309":{"start":{"line":788,"column":34},"end":{"line":822,"column":1}},"310":{"start":{"line":789,"column":2},"end":{"line":789,"column":95}},"311":{"start":{"line":789,"column":17},"end":{"line":789,"column":95}},"312":{"start":{"line":791,"column":19},"end":{"line":791,"column":36}},"313":{"start":{"line":792,"column":2},"end":{"line":795,"column":3}},"314":{"start":{"line":793,"column":4},"end":{"line":793,"column":67}},"315":{"start":{"line":793,"column":38},"end":{"line":793,"column":67}},"316":{"start":{"line":794,"column":4},"end":{"line":794,"column":87}},"317":{"start":{"line":797,"column":17},"end":{"line":797,"column":46}},"318":{"start":{"line":798,"column":2},"end":{"line":801,"column":3}},"319":{"start":{"line":799,"column":4},"end":{"line":799,"column":67}},"320":{"start":{"line":799,"column":38},"end":{"line":799,"column":67}},"321":{"start":{"line":800,"column":4},"end":{"line":800,"column":82}},"322":{"start":{"line":803,"column":22},"end":{"line":803,"column":46}},"323":{"start":{"line":805,"column":2},"end":{"line":821,"column":3}},"324":{"start":{"line":806,"column":19},"end":{"line":806,"column":79}},"325":{"start":{"line":807,"column":4},"end":{"line":807,"column":67}},"326":{"start":{"line":807,"column":38},"end":{"line":807,"column":67}},"327":{"start":{"line":810,"column":4},"end":{"line":813,"column":7}},"328":{"start":{"line":815,"column":4},"end":{"line":815,"column":67}},"329":{"start":{"line":815,"column":38},"end":{"line":815,"column":67}},"330":{"start":{"line":816,"column":25},"end":{"line":816,"column":99}},"331":{"start":{"line":817,"column":4},"end":{"line":820,"column":7}},"332":{"start":{"line":825,"column":33},"end":{"line":836,"column":1}},"333":{"start":{"line":826,"column":2},"end":{"line":835,"column":3}},"334":{"start":{"line":827,"column":24},"end":{"line":827,"column":34}},"335":{"start":{"line":828,"column":19},"end":{"line":831,"column":5}},"336":{"start":{"line":832,"column":4},"end":{"line":832,"column":79}},"337":{"start":{"line":834,"column":4},"end":{"line":834,"column":69}},"338":{"start":{"line":839,"column":30},"end":{"line":866,"column":1}},"339":{"start":{"line":840,"column":2},"end":{"line":865,"column":3}},"340":{"start":{"line":841,"column":64},"end":{"line":841,"column":73}},"341":{"start":{"line":842,"column":19},"end":{"line":842,"column":21}},"342":{"start":{"line":843,"column":4},"end":{"line":843,"column":42}},"343":{"start":{"line":843,"column":17},"end":{"line":843,"column":42}},"344":{"start":{"line":844,"column":4},"end":{"line":844,"column":45}},"345":{"start":{"line":844,"column":18},"end":{"line":844,"column":45}},"346":{"start":{"line":845,"column":4},"end":{"line":845,"column":39}},"347":{"start":{"line":845,"column":16},"end":{"line":845,"column":39}},"348":{"start":{"line":847,"column":17},"end":{"line":847,"column":55}},"349":{"start":{"line":849,"column":30},"end":{"line":852,"column":6}},"350":{"start":{"line":854,"column":4},"end":{"line":862,"column":7}},"351":{"start":{"line":864,"column":4},"end":{"line":864,"column":69}},"352":{"start":{"line":869,"column":35},"end":{"line":882,"column":1}},"353":{"start":{"line":870,"column":2},"end":{"line":881,"column":3}},"354":{"start":{"line":871,"column":23},"end":{"line":871,"column":31}},"355":{"start":{"line":872,"column":20},"end":{"line":872,"column":57}},"356":{"start":{"line":873,"column":4},"end":{"line":873,"column":96}},"357":{"start":{"line":873,"column":18},"end":{"line":873,"column":96}},"358":{"start":{"line":875,"column":4},"end":{"line":875,"column":28}},"359":{"start":{"line":876,"column":4},"end":{"line":876,"column":25}},"360":{"start":{"line":878,"column":4},"end":{"line":878,"column":87}},"361":{"start":{"line":880,"column":4},"end":{"line":880,"column":69}},"362":{"start":{"line":885,"column":30},"end":{"line":907,"column":1}},"363":{"start":{"line":886,"column":2},"end":{"line":906,"column":3}},"364":{"start":{"line":887,"column":37},"end":{"line":887,"column":46}},"365":{"start":{"line":888,"column":17},"end":{"line":888,"column":55}},"366":{"start":{"line":890,"column":33},"end":{"line":893,"column":6}},"367":{"start":{"line":895,"column":4},"end":{"line":903,"column":7}},"368":{"start":{"line":905,"column":4},"end":{"line":905,"column":69}},"369":{"start":{"line":910,"column":32},"end":{"line":941,"column":1}},"370":{"start":{"line":911,"column":2},"end":{"line":940,"column":3}},"371":{"start":{"line":912,"column":35},"end":{"line":912,"column":43}},"372":{"start":{"line":913,"column":23},"end":{"line":913,"column":63}},"373":{"start":{"line":915,"column":4},"end":{"line":917,"column":5}},"374":{"start":{"line":916,"column":6},"end":{"line":916,"column":88}},"375":{"start":{"line":919,"column":4},"end":{"line":919,"column":52}},"376":{"start":{"line":920,"column":4},"end":{"line":920,"column":64}},"377":{"start":{"line":921,"column":4},"end":{"line":921,"column":28}},"378":{"start":{"line":924,"column":4},"end":{"line":935,"column":5}},"379":{"start":{"line":925,"column":6},"end":{"line":928,"column":8}},"380":{"start":{"line":929,"column":11},"end":{"line":935,"column":5}},"381":{"start":{"line":931,"column":6},"end":{"line":934,"column":8}},"382":{"start":{"line":937,"column":4},"end":{"line":937,"column":50}},"383":{"start":{"line":939,"column":4},"end":{"line":939,"column":69}},"384":{"start":{"line":944,"column":26},"end":{"line":973,"column":1}},"385":{"start":{"line":945,"column":2},"end":{"line":972,"column":3}},"386":{"start":{"line":946,"column":4},"end":{"line":948,"column":5}},"387":{"start":{"line":947,"column":6},"end":{"line":947,"column":84}},"388":{"start":{"line":951,"column":23},"end":{"line":951,"column":53}},"389":{"start":{"line":952,"column":23},"end":{"line":952,"column":52}},"390":{"start":{"line":953,"column":21},"end":{"line":953,"column":53}},"391":{"start":{"line":954,"column":20},"end":{"line":954,"column":59}},"392":{"start":{"line":957,"column":4},"end":{"line":957,"column":33}},"393":{"start":{"line":960,"column":19},"end":{"line":960,"column":58}},"394":{"start":{"line":961,"column":4},"end":{"line":963,"column":5}},"395":{"start":{"line":962,"column":6},"end":{"line":962,"column":55}},"396":{"start":{"line":965,"column":4},"end":{"line":965,"column":31}},"397":{"start":{"line":966,"column":4},"end":{"line":966,"column":38}},"398":{"start":{"line":967,"column":4},"end":{"line":967,"column":26}},"399":{"start":{"line":969,"column":4},"end":{"line":969,"column":51}},"400":{"start":{"line":971,"column":4},"end":{"line":971,"column":69}}},"fnMap":{"0":{"name":"(anonymous_0)","decl":{"start":{"line":22,"column":33},"end":{"line":22,"column":34}},"loc":{"start":{"line":22,"column":53},"end":{"line":183,"column":1}},"line":22},"1":{"name":"(anonymous_1)","decl":{"start":{"line":133,"column":14},"end":{"line":133,"column":15}},"loc":{"start":{"line":133,"column":23},"end":{"line":133,"column":41}},"line":133},"2":{"name":"(anonymous_2)","decl":{"start":{"line":134,"column":14},"end":{"line":134,"column":15}},"loc":{"start":{"line":134,"column":30},"end":{"line":134,"column":50}},"line":134},"3":{"name":"(anonymous_3)","decl":{"start":{"line":186,"column":25},"end":{"line":186,"column":26}},"loc":{"start":{"line":186,"column":45},"end":{"line":210,"column":1}},"line":186},"4":{"name":"(anonymous_4)","decl":{"start":{"line":213,"column":30},"end":{"line":213,"column":31}},"loc":{"start":{"line":213,"column":50},"end":{"line":250,"column":1}},"line":213},"5":{"name":"(anonymous_5)","decl":{"start":{"line":253,"column":33},"end":{"line":253,"column":34}},"loc":{"start":{"line":253,"column":53},"end":{"line":284,"column":1}},"line":253},"6":{"name":"(anonymous_6)","decl":{"start":{"line":274,"column":30},"end":{"line":274,"column":31}},"loc":{"start":{"line":275,"column":6},"end":{"line":275,"column":296}},"line":275},"7":{"name":"(anonymous_7)","decl":{"start":{"line":287,"column":37},"end":{"line":287,"column":38}},"loc":{"start":{"line":287,"column":57},"end":{"line":332,"column":1}},"line":287},"8":{"name":"(anonymous_8)","decl":{"start":{"line":335,"column":29},"end":{"line":335,"column":30}},"loc":{"start":{"line":335,"column":49},"end":{"line":353,"column":1}},"line":335},"9":{"name":"(anonymous_9)","decl":{"start":{"line":356,"column":27},"end":{"line":356,"column":28}},"loc":{"start":{"line":356,"column":47},"end":{"line":383,"column":1}},"line":356},"10":{"name":"(anonymous_10)","decl":{"start":{"line":386,"column":27},"end":{"line":386,"column":28}},"loc":{"start":{"line":386,"column":47},"end":{"line":416,"column":1}},"line":386},"11":{"name":"(anonymous_11)","decl":{"start":{"line":419,"column":30},"end":{"line":419,"column":31}},"loc":{"start":{"line":419,"column":50},"end":{"line":446,"column":1}},"line":419},"12":{"name":"(anonymous_12)","decl":{"start":{"line":449,"column":26},"end":{"line":449,"column":27}},"loc":{"start":{"line":449,"column":46},"end":{"line":489,"column":1}},"line":449},"13":{"name":"(anonymous_13)","decl":{"start":{"line":494,"column":26},"end":{"line":494,"column":27}},"loc":{"start":{"line":494,"column":46},"end":{"line":515,"column":1}},"line":494},"14":{"name":"(anonymous_14)","decl":{"start":{"line":518,"column":35},"end":{"line":518,"column":36}},"loc":{"start":{"line":518,"column":55},"end":{"line":539,"column":1}},"line":518},"15":{"name":"(anonymous_15)","decl":{"start":{"line":542,"column":34},"end":{"line":542,"column":35}},"loc":{"start":{"line":542,"column":54},"end":{"line":575,"column":1}},"line":542},"16":{"name":"(anonymous_16)","decl":{"start":{"line":578,"column":34},"end":{"line":578,"column":35}},"loc":{"start":{"line":578,"column":54},"end":{"line":598,"column":1}},"line":578},"17":{"name":"(anonymous_17)","decl":{"start":{"line":601,"column":38},"end":{"line":601,"column":39}},"loc":{"start":{"line":601,"column":58},"end":{"line":664,"column":1}},"line":601},"18":{"name":"(anonymous_18)","decl":{"start":{"line":667,"column":43},"end":{"line":667,"column":44}},"loc":{"start":{"line":667,"column":63},"end":{"line":733,"column":1}},"line":667},"19":{"name":"(anonymous_19)","decl":{"start":{"line":736,"column":34},"end":{"line":736,"column":35}},"loc":{"start":{"line":736,"column":54},"end":{"line":785,"column":1}},"line":736},"20":{"name":"(anonymous_20)","decl":{"start":{"line":788,"column":34},"end":{"line":788,"column":35}},"loc":{"start":{"line":788,"column":54},"end":{"line":822,"column":1}},"line":788},"21":{"name":"(anonymous_21)","decl":{"start":{"line":825,"column":33},"end":{"line":825,"column":34}},"loc":{"start":{"line":825,"column":53},"end":{"line":836,"column":1}},"line":825},"22":{"name":"(anonymous_22)","decl":{"start":{"line":839,"column":30},"end":{"line":839,"column":31}},"loc":{"start":{"line":839,"column":50},"end":{"line":866,"column":1}},"line":839},"23":{"name":"(anonymous_23)","decl":{"start":{"line":869,"column":35},"end":{"line":869,"column":36}},"loc":{"start":{"line":869,"column":55},"end":{"line":882,"column":1}},"line":869},"24":{"name":"(anonymous_24)","decl":{"start":{"line":885,"column":30},"end":{"line":885,"column":31}},"loc":{"start":{"line":885,"column":50},"end":{"line":907,"column":1}},"line":885},"25":{"name":"(anonymous_25)","decl":{"start":{"line":910,"column":32},"end":{"line":910,"column":33}},"loc":{"start":{"line":910,"column":52},"end":{"line":941,"column":1}},"line":910},"26":{"name":"(anonymous_26)","decl":{"start":{"line":944,"column":26},"end":{"line":944,"column":27}},"loc":{"start":{"line":944,"column":46},"end":{"line":973,"column":1}},"line":944}},"branchMap":{"0":{"loc":{"start":{"line":25,"column":4},"end":{"line":27,"column":5}},"type":"if","locations":[{"start":{"line":25,"column":4},"end":{"line":27,"column":5}},{"start":{},"end":{}}],"line":25},"1":{"loc":{"start":{"line":25,"column":8},"end":{"line":25,"column":82}},"type":"binary-expr","locations":[{"start":{"line":25,"column":8},"end":{"line":25,"column":27}},{"start":{"line":25,"column":31},"end":{"line":25,"column":82}}],"line":25},"2":{"loc":{"start":{"line":133,"column":23},"end":{"line":133,"column":41}},"type":"binary-expr","locations":[{"start":{"line":133,"column":23},"end":{"line":133,"column":36}},{"start":{"line":133,"column":40},"end":{"line":133,"column":41}}],"line":133},"3":{"loc":{"start":{"line":134,"column":30},"end":{"line":134,"column":50}},"type":"binary-expr","locations":[{"start":{"line":134,"column":30},"end":{"line":134,"column":45}},{"start":{"line":134,"column":49},"end":{"line":134,"column":50}}],"line":134},"4":{"loc":{"start":{"line":166,"column":20},"end":{"line":166,"column":47}},"type":"binary-expr","locations":[{"start":{"line":166,"column":20},"end":{"line":166,"column":41}},{"start":{"line":166,"column":45},"end":{"line":166,"column":47}}],"line":166},"5":{"loc":{"start":{"line":167,"column":23},"end":{"line":167,"column":52}},"type":"binary-expr","locations":[{"start":{"line":167,"column":23},"end":{"line":167,"column":46}},{"start":{"line":167,"column":50},"end":{"line":167,"column":52}}],"line":167},"6":{"loc":{"start":{"line":168,"column":26},"end":{"line":168,"column":59}},"type":"binary-expr","locations":[{"start":{"line":168,"column":26},"end":{"line":168,"column":53}},{"start":{"line":168,"column":57},"end":{"line":168,"column":59}}],"line":168},"7":{"loc":{"start":{"line":169,"column":20},"end":{"line":169,"column":47}},"type":"binary-expr","locations":[{"start":{"line":169,"column":20},"end":{"line":169,"column":41}},{"start":{"line":169,"column":45},"end":{"line":169,"column":47}}],"line":169},"8":{"loc":{"start":{"line":170,"column":21},"end":{"line":170,"column":49}},"type":"binary-expr","locations":[{"start":{"line":170,"column":21},"end":{"line":170,"column":43}},{"start":{"line":170,"column":47},"end":{"line":170,"column":49}}],"line":170},"9":{"loc":{"start":{"line":172,"column":24},"end":{"line":172,"column":55}},"type":"binary-expr","locations":[{"start":{"line":172,"column":24},"end":{"line":172,"column":49}},{"start":{"line":172,"column":53},"end":{"line":172,"column":55}}],"line":172},"10":{"loc":{"start":{"line":173,"column":23},"end":{"line":173,"column":53}},"type":"binary-expr","locations":[{"start":{"line":173,"column":23},"end":{"line":173,"column":47}},{"start":{"line":173,"column":51},"end":{"line":173,"column":53}}],"line":173},"11":{"loc":{"start":{"line":189,"column":4},"end":{"line":189,"column":92}},"type":"if","locations":[{"start":{"line":189,"column":4},"end":{"line":189,"column":92}},{"start":{},"end":{}}],"line":189},"12":{"loc":{"start":{"line":190,"column":4},"end":{"line":190,"column":128}},"type":"if","locations":[{"start":{"line":190,"column":4},"end":{"line":190,"column":128}},{"start":{},"end":{}}],"line":190},"13":{"loc":{"start":{"line":216,"column":4},"end":{"line":216,"column":124}},"type":"if","locations":[{"start":{"line":216,"column":4},"end":{"line":216,"column":124}},{"start":{},"end":{}}],"line":216},"14":{"loc":{"start":{"line":216,"column":8},"end":{"line":216,"column":41}},"type":"binary-expr","locations":[{"start":{"line":216,"column":8},"end":{"line":216,"column":19}},{"start":{"line":216,"column":23},"end":{"line":216,"column":41}}],"line":216},"15":{"loc":{"start":{"line":219,"column":4},"end":{"line":219,"column":118}},"type":"if","locations":[{"start":{"line":219,"column":4},"end":{"line":219,"column":118}},{"start":{},"end":{}}],"line":219},"16":{"loc":{"start":{"line":233,"column":59},"end":{"line":233,"column":98}},"type":"cond-expr","locations":[{"start":{"line":233,"column":71},"end":{"line":233,"column":93}},{"start":{"line":233,"column":96},"end":{"line":233,"column":98}}],"line":233},"17":{"loc":{"start":{"line":257,"column":4},"end":{"line":257,"column":70}},"type":"if","locations":[{"start":{"line":257,"column":4},"end":{"line":257,"column":70}},{"start":{},"end":{}}],"line":257},"18":{"loc":{"start":{"line":258,"column":4},"end":{"line":259,"column":68}},"type":"if","locations":[{"start":{"line":258,"column":4},"end":{"line":259,"column":68}},{"start":{"line":259,"column":9},"end":{"line":259,"column":68}}],"line":258},"19":{"loc":{"start":{"line":259,"column":9},"end":{"line":259,"column":68}},"type":"if","locations":[{"start":{"line":259,"column":9},"end":{"line":259,"column":68}},{"start":{},"end":{}}],"line":259},"20":{"loc":{"start":{"line":260,"column":4},"end":{"line":264,"column":5}},"type":"if","locations":[{"start":{"line":260,"column":4},"end":{"line":264,"column":5}},{"start":{},"end":{}}],"line":260},"21":{"loc":{"start":{"line":260,"column":8},"end":{"line":260,"column":28}},"type":"binary-expr","locations":[{"start":{"line":260,"column":8},"end":{"line":260,"column":17}},{"start":{"line":260,"column":21},"end":{"line":260,"column":28}}],"line":260},"22":{"loc":{"start":{"line":262,"column":6},"end":{"line":262,"column":65}},"type":"if","locations":[{"start":{"line":262,"column":6},"end":{"line":262,"column":65}},{"start":{},"end":{}}],"line":262},"23":{"loc":{"start":{"line":263,"column":6},"end":{"line":263,"column":113}},"type":"if","locations":[{"start":{"line":263,"column":6},"end":{"line":263,"column":113}},{"start":{},"end":{}}],"line":263},"24":{"loc":{"start":{"line":275,"column":28},"end":{"line":275,"column":50}},"type":"binary-expr","locations":[{"start":{"line":275,"column":28},"end":{"line":275,"column":44}},{"start":{"line":275,"column":48},"end":{"line":275,"column":50}}],"line":275},"25":{"loc":{"start":{"line":275,"column":107},"end":{"line":275,"column":130}},"type":"binary-expr","locations":[{"start":{"line":275,"column":107},"end":{"line":275,"column":125}},{"start":{"line":275,"column":129},"end":{"line":275,"column":130}}],"line":275},"26":{"loc":{"start":{"line":275,"column":146},"end":{"line":275,"column":177}},"type":"binary-expr","locations":[{"start":{"line":275,"column":146},"end":{"line":275,"column":164}},{"start":{"line":275,"column":168},"end":{"line":275,"column":177}}],"line":275},"27":{"loc":{"start":{"line":275,"column":181},"end":{"line":275,"column":208}},"type":"cond-expr","locations":[{"start":{"line":275,"column":196},"end":{"line":275,"column":201}},{"start":{"line":275,"column":204},"end":{"line":275,"column":208}}],"line":275},"28":{"loc":{"start":{"line":275,"column":212},"end":{"line":275,"column":267}},"type":"cond-expr","locations":[{"start":{"line":275,"column":223},"end":{"line":275,"column":262}},{"start":{"line":275,"column":265},"end":{"line":275,"column":267}}],"line":275},"29":{"loc":{"start":{"line":275,"column":272},"end":{"line":275,"column":293}},"type":"binary-expr","locations":[{"start":{"line":275,"column":272},"end":{"line":275,"column":287}},{"start":{"line":275,"column":291},"end":{"line":275,"column":293}}],"line":275},"30":{"loc":{"start":{"line":292,"column":4},"end":{"line":294,"column":5}},"type":"if","locations":[{"start":{"line":292,"column":4},"end":{"line":294,"column":5}},{"start":{},"end":{}}],"line":292},"31":{"loc":{"start":{"line":292,"column":8},"end":{"line":292,"column":34}},"type":"binary-expr","locations":[{"start":{"line":292,"column":8},"end":{"line":292,"column":14}},{"start":{"line":292,"column":18},"end":{"line":292,"column":34}}],"line":292},"32":{"loc":{"start":{"line":296,"column":4},"end":{"line":306,"column":5}},"type":"if","locations":[{"start":{"line":296,"column":4},"end":{"line":306,"column":5}},{"start":{},"end":{}}],"line":296},"33":{"loc":{"start":{"line":296,"column":8},"end":{"line":296,"column":28}},"type":"binary-expr","locations":[{"start":{"line":296,"column":8},"end":{"line":296,"column":17}},{"start":{"line":296,"column":21},"end":{"line":296,"column":28}}],"line":296},"34":{"loc":{"start":{"line":298,"column":6},"end":{"line":298,"column":70}},"type":"if","locations":[{"start":{"line":298,"column":6},"end":{"line":298,"column":70}},{"start":{},"end":{}}],"line":298},"35":{"loc":{"start":{"line":301,"column":6},"end":{"line":305,"column":7}},"type":"if","locations":[{"start":{"line":301,"column":6},"end":{"line":305,"column":7}},{"start":{},"end":{}}],"line":301},"36":{"loc":{"start":{"line":340,"column":4},"end":{"line":342,"column":5}},"type":"if","locations":[{"start":{"line":340,"column":4},"end":{"line":342,"column":5}},{"start":{},"end":{}}],"line":340},"37":{"loc":{"start":{"line":340,"column":8},"end":{"line":340,"column":43}},"type":"binary-expr","locations":[{"start":{"line":340,"column":8},"end":{"line":340,"column":15}},{"start":{"line":340,"column":19},"end":{"line":340,"column":43}}],"line":340},"38":{"loc":{"start":{"line":344,"column":39},"end":{"line":344,"column":89}},"type":"binary-expr","locations":[{"start":{"line":344,"column":39},"end":{"line":344,"column":53}},{"start":{"line":344,"column":57},"end":{"line":344,"column":89}}],"line":344},"39":{"loc":{"start":{"line":345,"column":43},"end":{"line":345,"column":101}},"type":"binary-expr","locations":[{"start":{"line":345,"column":43},"end":{"line":345,"column":61}},{"start":{"line":345,"column":65},"end":{"line":345,"column":101}}],"line":345},"40":{"loc":{"start":{"line":346,"column":40},"end":{"line":346,"column":92}},"type":"binary-expr","locations":[{"start":{"line":346,"column":40},"end":{"line":346,"column":55}},{"start":{"line":346,"column":59},"end":{"line":346,"column":92}}],"line":346},"41":{"loc":{"start":{"line":358,"column":12},"end":{"line":358,"column":20}},"type":"default-arg","locations":[{"start":{"line":358,"column":19},"end":{"line":358,"column":20}}],"line":358},"42":{"loc":{"start":{"line":358,"column":22},"end":{"line":358,"column":32}},"type":"default-arg","locations":[{"start":{"line":358,"column":30},"end":{"line":358,"column":32}}],"line":358},"43":{"loc":{"start":{"line":360,"column":4},"end":{"line":360,"column":51}},"type":"if","locations":[{"start":{"line":360,"column":4},"end":{"line":360,"column":51}},{"start":{},"end":{}}],"line":360},"44":{"loc":{"start":{"line":360,"column":8},"end":{"line":360,"column":30}},"type":"binary-expr","locations":[{"start":{"line":360,"column":8},"end":{"line":360,"column":12}},{"start":{"line":360,"column":16},"end":{"line":360,"column":30}}],"line":360},"45":{"loc":{"start":{"line":361,"column":4},"end":{"line":361,"column":59}},"type":"if","locations":[{"start":{"line":361,"column":4},"end":{"line":361,"column":59}},{"start":{},"end":{}}],"line":361},"46":{"loc":{"start":{"line":361,"column":8},"end":{"line":361,"column":34}},"type":"binary-expr","locations":[{"start":{"line":361,"column":8},"end":{"line":361,"column":14}},{"start":{"line":361,"column":18},"end":{"line":361,"column":34}}],"line":361},"47":{"loc":{"start":{"line":362,"column":4},"end":{"line":362,"column":64}},"type":"if","locations":[{"start":{"line":362,"column":4},"end":{"line":362,"column":64}},{"start":{},"end":{}}],"line":362},"48":{"loc":{"start":{"line":389,"column":4},"end":{"line":391,"column":5}},"type":"if","locations":[{"start":{"line":389,"column":4},"end":{"line":391,"column":5}},{"start":{},"end":{}}],"line":389},"49":{"loc":{"start":{"line":392,"column":4},"end":{"line":394,"column":5}},"type":"if","locations":[{"start":{"line":392,"column":4},"end":{"line":394,"column":5}},{"start":{},"end":{}}],"line":392},"50":{"loc":{"start":{"line":399,"column":28},"end":{"line":399,"column":67}},"type":"binary-expr","locations":[{"start":{"line":399,"column":28},"end":{"line":399,"column":43}},{"start":{"line":399,"column":47},"end":{"line":399,"column":67}}],"line":399},"51":{"loc":{"start":{"line":422,"column":4},"end":{"line":424,"column":5}},"type":"if","locations":[{"start":{"line":422,"column":4},"end":{"line":424,"column":5}},{"start":{},"end":{}}],"line":422},"52":{"loc":{"start":{"line":453,"column":4},"end":{"line":455,"column":5}},"type":"if","locations":[{"start":{"line":453,"column":4},"end":{"line":455,"column":5}},{"start":{},"end":{}}],"line":453},"53":{"loc":{"start":{"line":453,"column":8},"end":{"line":453,"column":45}},"type":"binary-expr","locations":[{"start":{"line":453,"column":8},"end":{"line":453,"column":13}},{"start":{"line":453,"column":17},"end":{"line":453,"column":23}},{"start":{"line":453,"column":27},"end":{"line":453,"column":36}},{"start":{"line":453,"column":40},"end":{"line":453,"column":45}}],"line":453},"54":{"loc":{"start":{"line":458,"column":4},"end":{"line":460,"column":5}},"type":"if","locations":[{"start":{"line":458,"column":4},"end":{"line":460,"column":5}},{"start":{},"end":{}}],"line":458},"55":{"loc":{"start":{"line":467,"column":15},"end":{"line":467,"column":28}},"type":"binary-expr","locations":[{"start":{"line":467,"column":15},"end":{"line":467,"column":22}},{"start":{"line":467,"column":26},"end":{"line":467,"column":28}}],"line":467},"56":{"loc":{"start":{"line":468,"column":18},"end":{"line":468,"column":71}},"type":"cond-expr","locations":[{"start":{"line":468,"column":38},"end":{"line":468,"column":66}},{"start":{"line":468,"column":69},"end":{"line":468,"column":71}}],"line":468},"57":{"loc":{"start":{"line":468,"column":50},"end":{"line":468,"column":64}},"type":"binary-expr","locations":[{"start":{"line":468,"column":50},"end":{"line":468,"column":58}},{"start":{"line":468,"column":62},"end":{"line":468,"column":64}}],"line":468},"58":{"loc":{"start":{"line":469,"column":17},"end":{"line":469,"column":97}},"type":"cond-expr","locations":[{"start":{"line":469,"column":36},"end":{"line":469,"column":92}},{"start":{"line":469,"column":95},"end":{"line":469,"column":97}}],"line":469},"59":{"loc":{"start":{"line":469,"column":53},"end":{"line":469,"column":90}},"type":"binary-expr","locations":[{"start":{"line":469,"column":53},"end":{"line":469,"column":85}},{"start":{"line":469,"column":89},"end":{"line":469,"column":90}}],"line":469},"60":{"loc":{"start":{"line":498,"column":4},"end":{"line":498,"column":91}},"type":"if","locations":[{"start":{"line":498,"column":4},"end":{"line":498,"column":91}},{"start":{},"end":{}}],"line":498},"61":{"loc":{"start":{"line":500,"column":4},"end":{"line":500,"column":31}},"type":"if","locations":[{"start":{"line":500,"column":4},"end":{"line":500,"column":31}},{"start":{},"end":{}}],"line":500},"62":{"loc":{"start":{"line":501,"column":4},"end":{"line":501,"column":54}},"type":"if","locations":[{"start":{"line":501,"column":4},"end":{"line":501,"column":54}},{"start":{},"end":{}}],"line":501},"63":{"loc":{"start":{"line":502,"column":4},"end":{"line":502,"column":37}},"type":"if","locations":[{"start":{"line":502,"column":4},"end":{"line":502,"column":37}},{"start":{},"end":{}}],"line":502},"64":{"loc":{"start":{"line":503,"column":4},"end":{"line":505,"column":5}},"type":"if","locations":[{"start":{"line":503,"column":4},"end":{"line":505,"column":5}},{"start":{},"end":{}}],"line":503},"65":{"loc":{"start":{"line":503,"column":8},"end":{"line":503,"column":44}},"type":"binary-expr","locations":[{"start":{"line":503,"column":8},"end":{"line":503,"column":18}},{"start":{"line":503,"column":22},"end":{"line":503,"column":44}}],"line":503},"66":{"loc":{"start":{"line":506,"column":4},"end":{"line":508,"column":5}},"type":"if","locations":[{"start":{"line":506,"column":4},"end":{"line":508,"column":5}},{"start":{},"end":{}}],"line":506},"67":{"loc":{"start":{"line":506,"column":8},"end":{"line":506,"column":42}},"type":"binary-expr","locations":[{"start":{"line":506,"column":8},"end":{"line":506,"column":17}},{"start":{"line":506,"column":21},"end":{"line":506,"column":42}}],"line":506},"68":{"loc":{"start":{"line":520,"column":36},"end":{"line":520,"column":44}},"type":"default-arg","locations":[{"start":{"line":520,"column":43},"end":{"line":520,"column":44}}],"line":520},"69":{"loc":{"start":{"line":520,"column":46},"end":{"line":520,"column":56}},"type":"default-arg","locations":[{"start":{"line":520,"column":54},"end":{"line":520,"column":56}}],"line":520},"70":{"loc":{"start":{"line":522,"column":4},"end":{"line":522,"column":59}},"type":"if","locations":[{"start":{"line":522,"column":4},"end":{"line":522,"column":59}},{"start":{},"end":{}}],"line":522},"71":{"loc":{"start":{"line":522,"column":8},"end":{"line":522,"column":34}},"type":"binary-expr","locations":[{"start":{"line":522,"column":8},"end":{"line":522,"column":14}},{"start":{"line":522,"column":18},"end":{"line":522,"column":34}}],"line":522},"72":{"loc":{"start":{"line":523,"column":4},"end":{"line":523,"column":41}},"type":"if","locations":[{"start":{"line":523,"column":4},"end":{"line":523,"column":41}},{"start":{},"end":{}}],"line":523},"73":{"loc":{"start":{"line":524,"column":4},"end":{"line":527,"column":6}},"type":"if","locations":[{"start":{"line":524,"column":4},"end":{"line":527,"column":6}},{"start":{},"end":{}}],"line":524},"74":{"loc":{"start":{"line":548,"column":4},"end":{"line":550,"column":5}},"type":"if","locations":[{"start":{"line":548,"column":4},"end":{"line":550,"column":5}},{"start":{},"end":{}}],"line":548},"75":{"loc":{"start":{"line":553,"column":4},"end":{"line":553,"column":126}},"type":"if","locations":[{"start":{"line":553,"column":4},"end":{"line":553,"column":126}},{"start":{},"end":{}}],"line":553},"76":{"loc":{"start":{"line":553,"column":8},"end":{"line":553,"column":57}},"type":"binary-expr","locations":[{"start":{"line":553,"column":8},"end":{"line":553,"column":20}},{"start":{"line":553,"column":24},"end":{"line":553,"column":57}}],"line":553},"77":{"loc":{"start":{"line":554,"column":4},"end":{"line":554,"column":132}},"type":"if","locations":[{"start":{"line":554,"column":4},"end":{"line":554,"column":132}},{"start":{},"end":{}}],"line":554},"78":{"loc":{"start":{"line":554,"column":8},"end":{"line":554,"column":60}},"type":"binary-expr","locations":[{"start":{"line":554,"column":8},"end":{"line":554,"column":21}},{"start":{"line":554,"column":25},"end":{"line":554,"column":60}}],"line":554},"79":{"loc":{"start":{"line":555,"column":4},"end":{"line":555,"column":95}},"type":"if","locations":[{"start":{"line":555,"column":4},"end":{"line":555,"column":95}},{"start":{},"end":{}}],"line":555},"80":{"loc":{"start":{"line":555,"column":8},"end":{"line":555,"column":42}},"type":"binary-expr","locations":[{"start":{"line":555,"column":8},"end":{"line":555,"column":15}},{"start":{"line":555,"column":19},"end":{"line":555,"column":42}}],"line":555},"81":{"loc":{"start":{"line":556,"column":4},"end":{"line":556,"column":77}},"type":"if","locations":[{"start":{"line":556,"column":4},"end":{"line":556,"column":77}},{"start":{},"end":{}}],"line":556},"82":{"loc":{"start":{"line":556,"column":8},"end":{"line":556,"column":33}},"type":"binary-expr","locations":[{"start":{"line":556,"column":8},"end":{"line":556,"column":12}},{"start":{"line":556,"column":16},"end":{"line":556,"column":33}}],"line":556},"83":{"loc":{"start":{"line":557,"column":4},"end":{"line":557,"column":103}},"type":"if","locations":[{"start":{"line":557,"column":4},"end":{"line":557,"column":103}},{"start":{},"end":{}}],"line":557},"84":{"loc":{"start":{"line":557,"column":8},"end":{"line":557,"column":53}},"type":"binary-expr","locations":[{"start":{"line":557,"column":8},"end":{"line":557,"column":28}},{"start":{"line":557,"column":32},"end":{"line":557,"column":53}}],"line":557},"85":{"loc":{"start":{"line":558,"column":4},"end":{"line":558,"column":103}},"type":"if","locations":[{"start":{"line":558,"column":4},"end":{"line":558,"column":103}},{"start":{},"end":{}}],"line":558},"86":{"loc":{"start":{"line":558,"column":8},"end":{"line":558,"column":53}},"type":"binary-expr","locations":[{"start":{"line":558,"column":8},"end":{"line":558,"column":28}},{"start":{"line":558,"column":32},"end":{"line":558,"column":53}}],"line":558},"87":{"loc":{"start":{"line":559,"column":4},"end":{"line":559,"column":135}},"type":"if","locations":[{"start":{"line":559,"column":4},"end":{"line":559,"column":135}},{"start":{},"end":{}}],"line":559},"88":{"loc":{"start":{"line":559,"column":88},"end":{"line":559,"column":132}},"type":"cond-expr","locations":[{"start":{"line":559,"column":103},"end":{"line":559,"column":125}},{"start":{"line":559,"column":128},"end":{"line":559,"column":132}}],"line":559},"89":{"loc":{"start":{"line":561,"column":4},"end":{"line":569,"column":5}},"type":"if","locations":[{"start":{"line":561,"column":4},"end":{"line":569,"column":5}},{"start":{},"end":{}}],"line":561},"90":{"loc":{"start":{"line":581,"column":4},"end":{"line":583,"column":5}},"type":"if","locations":[{"start":{"line":581,"column":4},"end":{"line":583,"column":5}},{"start":{},"end":{}}],"line":581},"91":{"loc":{"start":{"line":605,"column":4},"end":{"line":607,"column":5}},"type":"if","locations":[{"start":{"line":605,"column":4},"end":{"line":607,"column":5}},{"start":{},"end":{}}],"line":605},"92":{"loc":{"start":{"line":608,"column":4},"end":{"line":610,"column":5}},"type":"if","locations":[{"start":{"line":608,"column":4},"end":{"line":610,"column":5}},{"start":{},"end":{}}],"line":608},"93":{"loc":{"start":{"line":608,"column":8},"end":{"line":608,"column":75}},"type":"binary-expr","locations":[{"start":{"line":608,"column":8},"end":{"line":608,"column":21}},{"start":{"line":608,"column":25},"end":{"line":608,"column":39}},{"start":{"line":608,"column":43},"end":{"line":608,"column":51}},{"start":{"line":608,"column":55},"end":{"line":608,"column":75}}],"line":608},"94":{"loc":{"start":{"line":613,"column":4},"end":{"line":615,"column":5}},"type":"if","locations":[{"start":{"line":613,"column":4},"end":{"line":615,"column":5}},{"start":{},"end":{}}],"line":613},"95":{"loc":{"start":{"line":613,"column":8},"end":{"line":613,"column":43}},"type":"binary-expr","locations":[{"start":{"line":613,"column":8},"end":{"line":613,"column":15}},{"start":{"line":613,"column":19},"end":{"line":613,"column":43}}],"line":613},"96":{"loc":{"start":{"line":621,"column":4},"end":{"line":632,"column":5}},"type":"if","locations":[{"start":{"line":621,"column":4},"end":{"line":632,"column":5}},{"start":{},"end":{}}],"line":621},"97":{"loc":{"start":{"line":626,"column":16},"end":{"line":626,"column":26}},"type":"binary
[...]
6,"column":69}},"37":{"start":{"line":57,"column":38},"end":{"line":57,"column":100}},"38":{"start":{"line":59,"column":27},"end":{"line":59,"column":29}},"39":{"start":{"line":60,"column":12},"end":{"line":60,"column":72}},"40":{"start":{"line":60,"column":31},"end":{"line":60,"column":72}},"41":{"start":{"line":61,"column":12},"end":{"line":61,"column":74}},"42":{"start":{"line":61,"column":32},"end":{"line":61,"column":74}},"43":{"start":{"line":62,"column":12},"end":{"line":62,"column":70}},"44":{"start":{"line":62,"column":26},"end":{"line":62,"column":70}},"45":{"start":{"line":64,"column":27},"end":{"line":64,"column":44}},"46":{"start":{"line":65,"column":12},"end":{"line":69,"column":13}},"47":{"start":{"line":66,"column":14},"end":{"line":66,"column":58}},"48":{"start":{"line":67,"column":19},"end":{"line":69,"column":13}},"49":{"start":{"line":68,"column":14},"end":{"line":68,"column":59}},"50":{"start":{"line":71,"column":27},"end":{"line":71,"column":62}},"51":{"start":{"line":72,"column":12},"end":{"line":76,"column":13}},"52":{"start":{"line":73,"column":14},"end":{"line":73,"column":59}},"53":{"start":{"line":74,"column":19},"end":{"line":76,"column":13}},"54":{"start":{"line":75,"column":14},"end":{"line":75,"column":61}},"55":{"start":{"line":78,"column":12},"end":{"line":81,"column":13}},"56":{"start":{"line":79,"column":14},"end":{"line":79,"column":72}},"57":{"start":{"line":80,"column":14},"end":{"line":80,"column":23}},"58":{"start":{"line":83,"column":38},"end":{"line":83,"column":152}},"59":{"start":{"line":85,"column":38},"end":{"line":85,"column":63}},"60":{"start":{"line":86,"column":12},"end":{"line":97,"column":13}},"61":{"start":{"line":87,"column":14},"end":{"line":96,"column":15}},"62":{"start":{"line":88,"column":16},"end":{"line":93,"column":19}},"63":{"start":{"line":95,"column":16},"end":{"line":95,"column":40}},"64":{"start":{"line":99,"column":33},"end":{"line":99,"column":59}},"65":{"start":{"line":100,"column":30},"end":{"line":100,"column":61}},"66":{"start":{"line":102,"column":12},"end":{"line":126,"column":15}},"67":{"start":{"line":129,"column":32},"end":{"line":129,"column":34}},"68":{"start":{"line":130,"column":10},"end":{"line":154,"column":11}},"69":{"start":{"line":131,"column":12},"end":{"line":153,"column":13}},"70":{"start":{"line":132,"column":14},"end":{"line":132,"column":90}},"71":{"start":{"line":135,"column":14},"end":{"line":152,"column":15}},"72":{"start":{"line":136,"column":16},"end":{"line":138,"column":17}},"73":{"start":{"line":137,"column":18},"end":{"line":137,"column":53}},"74":{"start":{"line":140,"column":16},"end":{"line":149,"column":17}},"75":{"start":{"line":141,"column":18},"end":{"line":148,"column":21}},"76":{"start":{"line":142,"column":38},"end":{"line":142,"column":59}},"77":{"start":{"line":143,"column":20},"end":{"line":147,"column":23}},"78":{"start":{"line":151,"column":16},"end":{"line":151,"column":26}},"79":{"start":{"line":157,"column":10},"end":{"line":157,"column":51}},"80":{"start":{"line":157,"column":36},"end":{"line":157,"column":49}},"81":{"start":{"line":159,"column":10},"end":{"line":166,"column":13}},"82":{"start":{"line":168,"column":10},"end":{"line":168,"column":22}}},"fnMap":{"0":{"name":"(anonymous_0)","decl":{"start":{"line":8,"column":32},"end":{"line":8,"column":33}},"loc":{"start":{"line":8,"column":75},"end":{"line":172,"column":1}},"line":8},"1":{"name":"(anonymous_1)","decl":{"start":{"line":12,"column":21},"end":{"line":12,"column":22}},"loc":{"start":{"line":12,"column":42},"end":{"line":171,"column":3}},"line":12},"2":{"name":"(anonymous_2)","decl":{"start":{"line":16,"column":18},"end":{"line":16,"column":19}},"loc":{"start":{"line":16,"column":28},"end":{"line":23,"column":7}},"line":16},"3":{"name":"(anonymous_3)","decl":{"start":{"line":24,"column":19},"end":{"line":24,"column":20}},"loc":{"start":{"line":24,"column":28},"end":{"line":26,"column":7}},"line":24},"4":{"name":"(anonymous_4)","decl":{"start":{"line":27,"column":17},"end":{"line":27,"column":18}},"loc":{"start":{"line":27,"column":29},"end":{"line":170,"column":7}},"line":27},"5":{"name":"(anonymous_5)","decl":{"start":{"line":29,"column":25},"end":{"line":29,"column":26}},"loc":{"start":{"line":29,"column":40},"end":{"line":40,"column":11}},"line":29},"6":{"name":"(anonymous_6)","decl":{"start":{"line":32,"column":55},"end":{"line":32,"column":56}},"loc":{"start":{"line":32,"column":69},"end":{"line":35,"column":15}},"line":32},"7":{"name":"(anonymous_7)","decl":{"start":{"line":141,"column":42},"end":{"line":141,"column":43}},"loc":{"start":{"line":141,"column":48},"end":{"line":148,"column":19}},"line":141},"8":{"name":"(anonymous_8)","decl":{"start":{"line":157,"column":26},"end":{"line":157,"column":27}},"loc":{"start":{"line":157,"column":36},"end":{"line":157,"column":49}},"line":157}},"branchMap":{"0":{"loc":{"start":{"line":18,"column":8},"end":{"line":22,"column":9}},"type":"if","locations":[{"start":{"line":18,"column":8},"end":{"line":22,"column":9}},{"start":{"line":20,"column":15},"end":{"line":22,"column":9}}],"line":18},"1":{"loc":{"start":{"line":31,"column":14},"end":{"line":31,"column":71}},"type":"if","locations":[{"start":{"line":31,"column":14},"end":{"line":31,"column":71}},{"start":{},"end":{}}],"line":31},"2":{"loc":{"start":{"line":31,"column":18},"end":{"line":31,"column":55}},"type":"binary-expr","locations":[{"start":{"line":31,"column":18},"end":{"line":31,"column":38}},{"start":{"line":31,"column":42},"end":{"line":31,"column":55}}],"line":31},"3":{"loc":{"start":{"line":37,"column":14},"end":{"line":37,"column":101}},"type":"if","locations":[{"start":{"line":37,"column":14},"end":{"line":37,"column":101}},{"start":{},"end":{}}],"line":37},"4":{"loc":{"start":{"line":37,"column":18},"end":{"line":37,"column":75}},"type":"binary-expr","locations":[{"start":{"line":37,"column":18},"end":{"line":37,"column":48}},{"start":{"line":37,"column":52},"end":{"line":37,"column":75}}],"line":37},"5":{"loc":{"start":{"line":49,"column":30},"end":{"line":49,"column":94}},"type":"binary-expr","locations":[{"start":{"line":49,"column":30},"end":{"line":49,"column":88}},{"start":{"line":49,"column":92},"end":{"line":49,"column":94}}],"line":49},"6":{"loc":{"start":{"line":50,"column":33},"end":{"line":50,"column":101}},"type":"binary-expr","locations":[{"start":{"line":50,"column":33},"end":{"line":50,"column":95}},{"start":{"line":50,"column":99},"end":{"line":50,"column":101}}],"line":50},"7":{"loc":{"start":{"line":51,"column":34},"end":{"line":51,"column":116}},"type":"binary-expr","locations":[{"start":{"line":51,"column":34},"end":{"line":51,"column":110}},{"start":{"line":51,"column":114},"end":{"line":51,"column":116}}],"line":51},"8":{"loc":{"start":{"line":52,"column":28},"end":{"line":52,"column":98}},"type":"binary-expr","locations":[{"start":{"line":52,"column":28},"end":{"line":52,"column":92}},{"start":{"line":52,"column":96},"end":{"line":52,"column":98}}],"line":52},"9":{"loc":{"start":{"line":54,"column":25},"end":{"line":54,"column":80}},"type":"binary-expr","locations":[{"start":{"line":54,"column":25},"end":{"line":54,"column":74}},{"start":{"line":54,"column":78},"end":{"line":54,"column":80}}],"line":54},"10":{"loc":{"start":{"line":60,"column":12},"end":{"line":60,"column":72}},"type":"if","locations":[{"start":{"line":60,"column":12},"end":{"line":60,"column":72}},{"start":{},"end":{}}],"line":60},"11":{"loc":{"start":{"line":61,"column":12},"end":{"line":61,"column":74}},"type":"if","locations":[{"start":{"line":61,"column":12},"end":{"line":61,"column":74}},{"start":{},"end":{}}],"line":61},"12":{"loc":{"start":{"line":62,"column":12},"end":{"line":62,"column":70}},"type":"if","locations":[{"start":{"line":62,"column":12},"end":{"line":62,"column":70}},{"start":{},"end":{}}],"line":62},"13":{"loc":{"start":{"line":65,"column":12},"end":{"line":69,"column":13}},"type":"if","locations":[{"start":{"line":65,"column":12},"end":{"line":69,"column":13}},{"start":{"line":67,"column":19},"end":{"line":69,"column":13}}],"line":65},"14":{"loc":{"start":{"line":65,"column":16},"end":{"line":65,"column":98}},"type":"binary-expr","locations":[{"start":{"line":65,"column":16},"end":{"line":65,"column":29}},{"start":{"line":65,"column":33},"end":{"line":65,"column":56}},{"start":{"line":65,"column":60},"end":{"line":65,"column":78}},{"start":{"line":65,"column":82},"end":{"line":65,"column":98}}],"line":65},"15":{"loc":{"start":{"line":67,"column":19},"end":{"line":69,"column":13}},"type":"if","locations":[{"start":{"line":67,"column":19},"end":{"line":69,"column":13}},{"start":{},"end":{}}],"line":67},"16":{"loc":{"start":{"line":71,"column":27},"end":{"line":71,"column":62}},"type":"cond-expr","locations":[{"start":{"line":71,"column":39},"end":{"line":71,"column":56}},{"start":{"line":71,"column":59},"end":{"line":71,"column":62}}],"line":71},"17":{"loc":{"start":{"line":72,"column":12},"end":{"line":76,"column":13}},"type":"if","locations":[{"start":{"line":72,"column":12},"end":{"line":76,"column":13}},{"start":{"line":74,"column":19},"end":{"line":76,"column":13}}],"line":72},"18":{"loc":{"start":{"line":74,"column":19},"end":{"line":76,"column":13}},"type":"if","locations":[{"start":{"line":74,"column":19},"end":{"line":76,"column":13}},{"start":{},"end":{}}],"line":74},"19":{"loc":{"start":{"line":78,"column":12},"end":{"line":81,"column":13}},"type":"if","locations":[{"start":{"line":78,"column":12},"end":{"line":81,"column":13}},{"start":{},"end":{}}],"line":78},"20":{"loc":{"start":{"line":83,"column":38},"end":{"line":83,"column":152}},"type":"binary-expr","locations":[{"start":{"line":83,"column":38},"end":{"line":83,"column":82}},{"start":{"line":83,"column":86},"end":{"line":83,"column":105}},{"start":{"line":83,"column":109},"end":{"line":83,"column":152}}],"line":83},"21":{"loc":{"start":{"line":86,"column":12},"end":{"line":97,"column":13}},"type":"if","locations":[{"start":{"line":86,"column":12},"end":{"line":97,"column":13}},{"start":{},"end":{}}],"line":86},"22":{"loc":{"start":{"line":86,"column":16},"end":{"line":86,"column":135}},"type":"binary-expr","locations":[{"start":{"line":86,"column":16},"end":{"line":86,"column":42}},{"start":{"line":86,"column":46},"end":{"line":86,"column":77}},{"start":{"line":86,"column":81},"end":{"line":86,"column":107}},{"start":{"line":86,"column":111},"end":{"line":86,"column":135}}],"line":86},"23":{"loc":{"start":{"line":91,"column":24},"end":{"line":91,"column":34}},"type":"binary-expr","locations":[{"start":{"line":91,"column":24},"end":{"line":91,"column":28}},{"start":{"line":91,"column":32},"end":{"line":91,"column":34}}],"line":91},"24":{"loc":{"start":{"line":104,"column":25},"end":{"line":104,"column":57}},"type":"binary-expr","locations":[{"start":{"line":104,"column":25},"end":{"line":104,"column":34}},{"start":{"line":104,"column":38},"end":{"line":104,"column":57}}],"line":104},"25":{"loc":{"start":{"line":109,"column":20},"end":{"line":109,"column":30}},"type":"binary-expr","locations":[{"start":{"line":109,"column":20},"end":{"line":109,"column":24}},{"start":{"line":109,"column":28},"end":{"line":109,"column":30}}],"line":109},"26":{"loc":{"start":{"line":130,"column":10},"end":{"line":154,"column":11}},"type":"if","locations":[{"start":{"line":130,"column":10},"end":{"line":154,"column":11}},{"start":{},"end":{}}],"line":130},"27":{"loc":{"start":{"line":135,"column":14},"end":{"line":152,"column":15}},"type":"if","locations":[{"start":{"line":135,"column":14},"end":{"line":152,"column":15}},{"start":{"line":150,"column":21},"end":{"line":152,"column":15}}],"line":135},"28":{"loc":{"start":{"line":135,"column":18},"end":{"line":135,"column":69}},"type":"binary-expr","locations":[{"start":{"line":135,"column":18},"end":{"line":135,"column":47}},{"start":{"line":135,"column":51},"end":{"line":135,"column":69}}],"line":135},"29":{"loc":{"start":{"line":136,"column":16},"end":{"line":138,"column":17}},"type":"if","locations":[{"start":{"line":136,"column":16},"end":{"line":138,"column":17}},{"start":{},"end":{}}],"line":136},"30":{"loc":{"start":{"line":140,"column":16},"end":{"line":149,"column":17}},"type":"if","locations":[{"start":{"line":140,"column":16},"end":{"line":149,"column":17}},{"start":{},"end":{}}],"line":140},"31":{"loc":{"start":{"line":145,"column":31},"end":{"line":145,"column":75}},"type":"binary-expr","locations":[{"start":{"line":145,"column":31},"end":{"line":145,"column":40}},{"start":{"line":145,"column":44},"end":{"line":145,"column":75}}],"line":145}},"s":{"0":3,"1":0,"2":0,"3":0,"4":0,"5":0,"6":0,"7":0,"8":0,"9":0,"10":0,"11":0,"12":0,"13":0,"14":0,"15":0,"16":0,"17":0,"18":0,"19":0,"20":0,"21":0,"22":0,"23":0,"24":0,"25":0,"26":0,"27":0,"28":0,"29":0,"30":0,"31":0,"32":0,"33":0,"34":0,"35":0,"36":0,"37":0,"38":0,"39":0,"40":0,"41":0,"42":0,"43":0,"44":0,"45":0,"46":0,"47":0,"48":0,"49":0,"50":0,"51":0,"52":0,"53":0,"54":0,"55":0,"56":0,"57":0,"58":0,"59":0,"60":0,"61":0,"62":0,"63":0,"64":0,"65":0,"66":0,"67":0,"68":0,"69":0,"70":0,"71":0,"72":0,"73":0,"74":0,"75":0,"76":0,"77":0,"78":0,"79":0,"80":0,"81":0,"82":0},"f":{"0":0,"1":0,"2":0,"3":0,"4":0,"5":0,"6":0,"7":0,"8":0},"b":{"0":[0,0],"1":[0,0],"2":[0,0],"3":[0,0],"4":[0,0],"5":[0,0],"6":[0,0],"7":[0,0],"8":[0,0],"9":[0,0],"10":[0,0],"11":[0,0],"12":[0,0],"13":[0,0],"14":[0,0,0,0],"15":[0,0],"16":[0,0],"17":[0,0],"18":[0,0],"19":[0,0],"20":[0,0,0],"21":[0,0],"22":[0,0,0,0],"23":[0,0],"24":[0,0],"25":[0,0],"26":[0,0],"27":[0,0],"28":[0,0],"29":[0,0],"30":[0,0],"31":[0,0]},"_coverageSchema":"1a1c01bbd47fc00a2c39e90264f33305004495a9","hash":"68700d27ad92ff9458e4aeafbecc6dcf8e15d187"}
,"C:\\Users\\Diplon\\Desktop\\delivery-system-main\\delivery-system-main\\backend\\utils\\emailService.js": {"path":"C:\\Users\\Diplon\\Desktop\\delivery-system-main\\delivery-system-main\\backend\\utils\\emailService.js","statementMap":{"0":{"start":{"line":9,"column":18},"end":{"line":51,"column":1}},"1":{"start":{"line":13,"column":2},"end":{"line":35,"column":3}},"2":{"start":{"line":14,"column":4},"end":{"line":21,"column":7}},"3":{"start":{"line":24,"column":4},"end":{"line":24,"column":71}},"4":{"start":{"line":25,"column":24},"end":{"line":25,"column":60}},"5":{"start":{"line":26,"column":4},"end":{"line":34,"column":7}},"6":{"start":{"line":37,"column":18},"end":{"line":43,"column":3}},"7":{"start":{"line":45,"column":15},"end":{"line":45,"column":50}},"8":{"start":{"line":47,"column":2},"end":{"line":50,"column":3}},"9":{"start":{"line":48,"column":4},"end":{"line":48,"column":51}},"10":{"start":{"line":49,"column":4},"end":{"line":49,"column":70}}},"fnMap":{"0":{"name":"(anonymous_0)","decl":{"start":{"line":9,"column":18},"end":{"line":9,"column":19}},"loc":{"start":{"line":9,"column":37},"end":{"line":51,"column":1}},"line":9}},"branchMap":{"0":{"loc":{"start":{"line":13,"column":2},"end":{"line":35,"column":3}},"type":"if","locations":[{"start":{"line":13,"column":2},"end":{"line":35,"column":3}},{"start":{"line":22,"column":9},"end":{"line":35,"column":3}}],"line":13},"1":{"loc":{"start":{"line":13,"column":6},"end":{"line":13,"column":52}},"type":"binary-expr","locations":[{"start":{"line":13,"column":6},"end":{"line":13,"column":27}},{"start":{"line":13,"column":31},"end":{"line":13,"column":52}}],"line":13},"2":{"loc":{"start":{"line":38,"column":13},"end":{"line":38,"column":61}},"type":"binary-expr","locations":[{"start":{"line":38,"column":13},"end":{"line":38,"column":34}},{"start":{"line":38,"column":38},"end":{"line":38,"column":61}}],"line":38},"3":{"loc":{"start":{"line":38,"column":66},"end":{"line":38,"column":113}},"type":"binary-expr","locations":[{"start":{"line":38,"column":66},"end":{"line":38,"column":88}},{"start":{"line":38,"column":92},"end":{"line":38,"column":113}}],"line":38},"4":{"loc":{"start":{"line":47,"column":2},"end":{"line":50,"column":3}},"type":"if","locations":[{"start":{"line":47,"column":2},"end":{"line":50,"column":3}},{"start":{},"end":{}}],"line":47}},"s":{"0":4,"1":0,"2":0,"3":0,"4":0,"5":0,"6":0,"7":0,"8":0,"9":0,"10":0},"f":{"0":0},"b":{"0":[0,0],"1":[0,0],"2":[0,0],"3":[0,0],"4":[0,0]},"_coverageSchema":"1a1c01bbd47fc00a2c39e90264f33305004495a9","hash":"cba80fc964b68421540dd0e2393f5f54ff486029"}
,"C:\\Users\\Diplon\\Desktop\\delivery-system-main\\delivery-system-main\\backend\\utils\\helpers.js": {"path":"C:\\Users\\Diplon\\Desktop\\delivery-system-main\\delivery-system-main\\backend\\utils\\helpers.js","statementMap":{"0":{"start":{"line":5,"column":16},"end":{"line":5,"column":54}},"1":{"start":{"line":6,"column":13},"end":{"line":6,"column":15}},"2":{"start":{"line":7,"column":2},"end":{"line":9,"column":3}},"3":{"start":{"line":7,"column":15},"end":{"line":7,"column":16}},"4":{"start":{"line":8,"column":4},"end":{"line":8,"column":67}},"5":{"start":{"line":10,"column":2},"end":{"line":10,"column":14}},"6":{"start":{"line":16,"column":15},"end":{"line":16,"column":19}},"7":{"start":{"line":17,"column":2},"end":{"line":20,"column":3}},"8":{"start":{"line":18,"column":4},"end":{"line":18,"column":34}},"9":{"start":{"line":19,"column":4},"end":{"line":19,"column":58}},"10":{"start":{"line":21,"column":2},"end":{"line":21,"column":14}},"11":{"start":{"line":27,"column":2},"end":{"line":27,"column":65}}},"fnMap":{"0":{"name":"generateTrackingCode","decl":{"start":{"line":4,"column":16},"end":{"line":4,"column":36}},"loc":{"start":{"line":4,"column":39},"end":{"line":11,"column":1}},"line":4},"1":{"name":"uniqueTrackingCode","decl":{"start":{"line":14,"column":22},"end":{"line":14,"column":40}},"loc":{"start":{"line":14,"column":43},"end":{"line":22,"column":1}},"line":14},"2":{"name":"generateInvoiceId","decl":{"start":{"line":25,"column":16},"end":{"line":25,"column":33}},"loc":{"start":{"line":25,"column":36},"end":{"line":28,"column":1}},"line":25}},"branchMap":{},"s":{"0":0,"1":0,"2":0,"3":0,"4":0,"5":0,"6":0,"7":0,"8":0,"9":0,"10":0,"11":0},"f":{"0":0,"1":0,"2":0},"b":{},"_coverageSchema":"1a1c01bbd47fc00a2c39e90264f33305004495a9","hash":"2c619f244e9263f74f5242b95c79c23adbf085da"}
,"C:\\Users\\Diplon\\Desktop\\delivery-system-main\\delivery-system-main\\backend\\utils\\logger.js": {"path":"C:\\Users\\Diplon\\Desktop\\delivery-system-main\\delivery-system-main\\backend\\utils\\logger.js","statementMap":{"0":{"start":{"line":3,"column":49},"end":{"line":3,"column":63}},"1":{"start":{"line":5,"column":21},"end":{"line":7,"column":2}},"2":{"start":{"line":6,"column":2},"end":{"line":6,"column":54}},"3":{"start":{"line":9,"column":15},"end":{"line":23,"column":2}}},"fnMap":{"0":{"name":"(anonymous_0)","decl":{"start":{"line":5,"column":28},"end":{"line":5,"column":29}},"loc":{"start":{"line":5,"column":70},"end":{"line":7,"column":1}},"line":5}},"branchMap":{"0":{"loc":{"start":{"line":6,"column":35},"end":{"line":6,"column":51}},"type":"binary-expr","locations":[{"start":{"line":6,"column":35},"end":{"line":6,"column":40}},{"start":{"line":6,"column":44},"end":{"line":6,"column":51}}],"line":6},"1":{"loc":{"start":{"line":10,"column":9},"end":{"line":10,"column":65}},"type":"cond-expr","locations":[{"start":{"line":10,"column":49},"end":{"line":10,"column":55}},{"start":{"line":10,"column":58},"end":{"line":10,"column":65}}],"line":10},"2":{"loc":{"start":{"line":14,"column":4},"end":{"line":14,"column":80}},"type":"cond-expr","locations":[{"start":{"line":14,"column":44},"end":{"line":14,"column":65}},{"start":{"line":14,"column":68},"end":{"line":14,"column":80}}],"line":14},"3":{"loc":{"start":{"line":18,"column":14},"end":{"line":20,"column":31}},"type":"cond-expr","locations":[{"start":{"line":19,"column":10},"end":{"line":19,"column":43}},{"start":{"line":20,"column":10},"end":{"line":20,"column":31}}],"line":18}},"s":{"0":4,"1":4,"2":0,"3":4},"f":{"0":0},"b":{"0":[0,0],"1":[0,4],"2":[0,4],"3":[4,0]},"_coverageSchema":"1a1c01bbd47fc00a2c39e90264f33305004495a9","hash":"52ef1e6538ece40cb80623dc0be23bab7dd8a59b"}
}
