TN:
SF:server.js
FN:52,(anonymous_0)
FN:64,(anonymous_1)
FN:67,(anonymous_2)
FN:70,(anonymous_3)
FN:93,(anonymous_4)
FN:101,(anonymous_5)
FN:110,(anonymous_6)
FN:146,(anonymous_7)
FN:156,(anonymous_8)
FN:166,(anonymous_9)
FN:190,(anonymous_10)
FN:195,(anonymous_11)
FN:198,(anonymous_12)
FN:208,(anonymous_13)
FN:209,(anonymous_14)
FNF:15
FNH:1
FNDA:0,(anonymous_0)
FNDA:0,(anonymous_1)
FNDA:0,(anonymous_2)
FNDA:0,(anonymous_3)
FNDA:0,(anonymous_4)
FNDA:22,(anonymous_5)
FNDA:0,(anonymous_6)
FNDA:0,(anonymous_7)
FNDA:0,(anonymous_8)
FNDA:0,(anonymous_9)
FNDA:0,(anonymous_10)
FNDA:0,(anonymous_11)
FNDA:0,(anonymous_12)
FNDA:0,(anonymous_13)
FNDA:0,(anonymous_14)
DA:2,3
DA:4,3
DA:11,3
DA:12,3
DA:42,3
DA:43,3
DA:46,3
DA:50,3
DA:52,3
DA:53,0
DA:54,0
DA:55,0
DA:56,0
DA:57,0
DA:58,0
DA:60,0
DA:64,3
DA:65,0
DA:66,0
DA:67,0
DA:68,0
DA:70,0
DA:71,0
DA:76,3
DA:79,3
DA:80,3
DA:81,3
DA:82,3
DA:83,3
DA:86,3
DA:87,3
DA:88,3
DA:89,3
DA:92,3
DA:93,0
DA:101,3
DA:102,22
DA:103,22
DA:107,3
DA:110,3
DA:111,0
DA:117,0
DA:118,0
DA:119,0
DA:121,0
DA:131,3
DA:132,3
DA:133,3
DA:134,3
DA:135,3
DA:136,3
DA:137,3
DA:138,3
DA:139,3
DA:140,3
DA:143,3
DA:144,0
DA:146,0
DA:147,0
DA:148,0
DA:150,0
DA:156,3
DA:157,0
DA:161,3
DA:163,3
DA:165,3
DA:166,0
DA:168,0
DA:169,0
DA:170,0
DA:171,0
DA:172,0
DA:173,0
DA:174,0
DA:182,0
DA:183,0
DA:184,0
DA:187,0
DA:190,0
DA:195,3
DA:196,0
DA:197,0
DA:198,0
DA:199,0
DA:200,0
DA:201,0
DA:203,0
DA:208,3
DA:209,3
LF:89
LH:44
BRDA:54,0,0,0
BRDA:54,0,1,0
BRDA:68,1,0,0
BRDA:68,1,1,0
BRDA:71,2,0,0
BRDA:71,2,1,0
BRDA:92,3,0,0
BRDA:92,3,1,3
BRDA:117,4,0,0
BRDA:117,4,1,0
BRDA:119,5,0,0
BRDA:119,5,1,0
BRDA:122,6,0,0
BRDA:122,6,1,0
BRDA:143,7,0,0
BRDA:143,7,1,3
BRDA:147,8,0,0
BRDA:147,8,1,0
BRDA:163,9,0,3
BRDA:163,9,1,0
BRDA:165,10,0,0
BRDA:165,10,1,3
BRDA:172,11,0,0
BRDA:172,11,1,0
BRDA:197,12,0,0
BRDA:197,12,1,0
BRF:26
BRH:4
end_of_record
TN:
SF:config\corsOptions.js
FN:13,(anonymous_0)
FN:17,(anonymous_1)
FNF:2
FNH:2
FNDA:12,(anonymous_0)
FNDA:22,(anonymous_1)
DA:3,3
DA:10,3
DA:13,12
DA:16,3
DA:19,22
DA:21,22
DA:22,22
DA:24,22
DA:29,22
DA:31,0
DA:32,0
LF:11
LH:9
BRDA:19,0,0,0
BRDA:19,0,1,22
BRDA:21,1,0,22
BRDA:21,1,1,22
BRDA:24,2,0,22
BRDA:24,2,1,0
BRDA:25,3,0,22
BRDA:25,3,1,0
BRDA:25,3,2,0
BRF:9
BRH:5
end_of_record
TN:
SF:config\db.js
FN:7,(anonymous_0)
FN:37,(anonymous_1)
FN:41,(anonymous_2)
FN:45,(anonymous_3)
FN:66,(anonymous_4)
FNF:5
FNH:0
FNDA:0,(anonymous_0)
FNDA:0,(anonymous_1)
FNDA:0,(anonymous_2)
FNDA:0,(anonymous_3)
FNDA:0,(anonymous_4)
DA:7,3
DA:9,0
DA:10,0
DA:11,0
DA:13,0
DA:17,0
DA:19,0
DA:20,0
DA:21,0
DA:22,0
DA:23,0
DA:24,0
DA:25,0
DA:26,0
DA:27,0
DA:29,0
DA:30,0
DA:34,0
DA:35,0
DA:37,0
DA:38,0
DA:41,0
DA:42,0
DA:45,0
DA:46,0
DA:49,0
DA:50,0
DA:51,0
DA:57,0
DA:58,0
DA:60,0
DA:61,0
DA:62,0
DA:63,0
DA:64,0
DA:66,0
LF:36
LH:1
BRDA:9,0,0,0
BRDA:9,0,1,0
BRDA:19,1,0,0
BRDA:19,1,1,0
BRDA:62,2,0,0
BRDA:62,2,1,0
BRF:6
BRH:0
end_of_record
TN:
SF:config\logger.js
FN:5,(anonymous_0)
FNF:1
FNH:0
FNDA:0,(anonymous_0)
DA:3,3
DA:5,3
DA:6,0
DA:9,3
LF:4
LH:3
BRDA:6,0,0,0
BRDA:6,0,1,0
BRDA:10,1,0,0
BRDA:10,1,1,3
BRF:4
BRH:1
end_of_record
TN:
SF:config\validateEnv.js
FN:7,(anonymous_0)
FNF:1
FNH:1
FNDA:3,(anonymous_0)
DA:5,3
DA:7,3
DA:8,3
DA:9,3
DA:10,0
DA:13,3
DA:21,3
DA:23,0
DA:24,0
LF:9
LH:6
BRDA:9,0,0,0
BRDA:9,0,1,3
BRDA:9,1,0,3
BRDA:9,1,1,0
BRF:4
BRH:2
end_of_record
TN:
SF:controllers\adminController.js
FN:22,(anonymous_0)
FN:133,(anonymous_1)
FN:134,(anonymous_2)
FN:186,(anonymous_3)
FN:213,(anonymous_4)
FN:253,(anonymous_5)
FN:274,(anonymous_6)
FN:287,(anonymous_7)
FN:335,(anonymous_8)
FN:356,(anonymous_9)
FN:386,(anonymous_10)
FN:419,(anonymous_11)
FN:449,(anonymous_12)
FN:494,(anonymous_13)
FN:518,(anonymous_14)
FN:542,(anonymous_15)
FN:578,(anonymous_16)
FN:601,(anonymous_17)
FN:667,(anonymous_18)
FN:736,(anonymous_19)
FN:788,(anonymous_20)
FN:825,(anonymous_21)
FN:839,(anonymous_22)
FN:869,(anonymous_23)
FN:885,(anonymous_24)
FN:910,(anonymous_25)
FN:944,(anonymous_26)
FNF:27
FNH:0
FNDA:0,(anonymous_0)
FNDA:0,(anonymous_1)
FNDA:0,(anonymous_2)
FNDA:0,(anonymous_3)
FNDA:0,(anonymous_4)
FNDA:0,(anonymous_5)
FNDA:0,(anonymous_6)
FNDA:0,(anonymous_7)
FNDA:0,(anonymous_8)
FNDA:0,(anonymous_9)
FNDA:0,(anonymous_10)
FNDA:0,(anonymous_11)
FNDA:0,(anonymous_12)
FNDA:0,(anonymous_13)
FNDA:0,(anonymous_14)
FNDA:0,(anonymous_15)
FNDA:0,(anonymous_16)
FNDA:0,(anonymous_17)
FNDA:0,(anonymous_18)
FNDA:0,(anonymous_19)
FNDA:0,(anonymous_20)
FNDA:0,(anonymous_21)
FNDA:0,(anonymous_22)
FNDA:0,(anonymous_23)
FNDA:0,(anonymous_24)
FNDA:0,(anonymous_25)
FNDA:0,(anonymous_26)
DA:18,3
DA:19,3
DA:22,3
DA:23,0
DA:25,0
DA:26,0
DA:29,0
DA:30,0
DA:31,0
DA:32,0
DA:33,0
DA:36,0
DA:133,0
DA:134,0
DA:137,0
DA:142,0
DA:144,0
DA:177,0
DA:179,0
DA:181,0
DA:186,3
DA:187,0
DA:188,0
DA:189,0
DA:190,0
DA:192,0
DA:193,0
DA:194,0
DA:195,0
DA:201,0
DA:204,0
DA:206,0
DA:208,0
DA:213,3
DA:214,0
DA:215,0
DA:216,0
DA:218,0
DA:219,0
DA:221,0
DA:222,0
DA:224,0
DA:225,0
DA:226,0
DA:227,0
DA:228,0
DA:229,0
DA:230,0
DA:236,0
DA:240,0
DA:242,0
DA:248,0
DA:253,3
DA:254,0
DA:255,0
DA:256,0
DA:257,0
DA:258,0
DA:259,0
DA:260,0
DA:261,0
DA:262,0
DA:263,0
DA:266,0
DA:273,0
DA:274,0
DA:275,0
DA:278,0
DA:279,0
DA:280,0
DA:282,0
DA:287,3
DA:288,0
DA:289,0
DA:291,0
DA:292,0
DA:293,0
DA:296,0
DA:297,0
DA:298,0
DA:301,0
DA:302,0
DA:303,0
DA:304,0
DA:308,0
DA:328,0
DA:330,0
DA:335,3
DA:336,0
DA:337,0
DA:339,0
DA:340,0
DA:341,0
DA:344,0
DA:345,0
DA:346,0
DA:347,0
DA:349,0
DA:351,0
DA:356,3
DA:357,0
DA:358,0
DA:359,0
DA:360,0
DA:361,0
DA:362,0
DA:364,0
DA:366,0
DA:371,0
DA:381,0
DA:386,3
DA:387,0
DA:388,0
DA:389,0
DA:390,0
DA:392,0
DA:393,0
DA:396,0
DA:397,0
DA:398,0
DA:399,0
DA:401,0
DA:403,0
DA:412,0
DA:414,0
DA:419,3
DA:420,0
DA:421,0
DA:422,0
DA:423,0
DA:426,0
DA:427,0
DA:428,0
DA:429,0
DA:431,0
DA:433,0
DA:442,0
DA:444,0
DA:449,3
DA:450,0
DA:451,0
DA:453,0
DA:454,0
DA:457,0
DA:458,0
DA:459,0
DA:462,0
DA:473,0
DA:487,0
DA:494,3
DA:495,0
DA:496,0
DA:497,0
DA:498,0
DA:500,0
DA:501,0
DA:502,0
DA:503,0
DA:504,0
DA:506,0
DA:507,0
DA:510,0
DA:511,0
DA:513,0
DA:518,3
DA:519,0
DA:520,0
DA:521,0
DA:522,0
DA:523,0
DA:524,0
DA:529,0
DA:530,0
DA:535,0
DA:537,0
DA:542,3
DA:543,0
DA:544,0
DA:545,0
DA:547,0
DA:548,0
DA:549,0
DA:552,0
DA:553,0
DA:554,0
DA:555,0
DA:556,0
DA:557,0
DA:558,0
DA:559,0
DA:561,0
DA:562,0
DA:568,0
DA:571,0
DA:573,0
DA:578,3
DA:579,0
DA:580,0
DA:581,0
DA:582,0
DA:585,0
DA:586,0
DA:592,0
DA:594,0
DA:596,0
DA:601,3
DA:602,0
DA:603,0
DA:605,0
DA:606,0
DA:608,0
DA:609,0
DA:612,0
DA:613,0
DA:614,0
DA:617,0
DA:618,0
DA:620,0
DA:621,0
DA:622,0
DA:623,0
DA:630,0
DA:634,0
DA:660,0
DA:662,0
DA:667,3
DA:668,0
DA:669,0
DA:671,0
DA:672,0
DA:674,0
DA:675,0
DA:678,0
DA:679,0
DA:680,0
DA:683,0
DA:684,0
DA:685,0
DA:686,0
DA:688,0
DA:689,0
DA:690,0
DA:691,0
DA:698,0
DA:702,0
DA:726,0
DA:729,0
DA:731,0
DA:736,3
DA:737,0
DA:738,0
DA:740,0
DA:741,0
DA:747,0
DA:749,0
DA:750,0
DA:751,0
DA:754,0
DA:755,0
DA:756,0
DA:762,0
DA:765,0
DA:770,0
DA:773,0
DA:774,0
DA:781,0
DA:783,0
DA:788,3
DA:789,0
DA:791,0
DA:792,0
DA:793,0
DA:794,0
DA:797,0
DA:798,0
DA:799,0
DA:800,0
DA:803,0
DA:805,0
DA:806,0
DA:807,0
DA:810,0
DA:815,0
DA:816,0
DA:817,0
DA:825,3
DA:826,0
DA:827,0
DA:828,0
DA:832,0
DA:834,0
DA:839,3
DA:840,0
DA:841,0
DA:842,0
DA:843,0
DA:844,0
DA:845,0
DA:847,0
DA:849,0
DA:854,0
DA:864,0
DA:869,3
DA:870,0
DA:871,0
DA:872,0
DA:873,0
DA:875,0
DA:876,0
DA:878,0
DA:880,0
DA:885,3
DA:886,0
DA:887,0
DA:888,0
DA:890,0
DA:895,0
DA:905,0
DA:910,3
DA:911,0
DA:912,0
DA:913,0
DA:915,0
DA:916,0
DA:919,0
DA:920,0
DA:921,0
DA:924,0
DA:925,0
DA:929,0
DA:931,0
DA:937,0
DA:939,0
DA:944,3
DA:945,0
DA:946,0
DA:947,0
DA:951,0
DA:952,0
DA:953,0
DA:954,0
DA:957,0
DA:960,0
DA:961,0
DA:962,0
DA:965,0
DA:966,0
DA:967,0
DA:969,0
DA:971,0
LF:350
LH:26
BRDA:25,0,0,0
BRDA:25,0,1,0
BRDA:25,1,0,0
BRDA:25,1,1,0
BRDA:133,2,0,0
BRDA:133,2,1,0
BRDA:134,3,0,0
BRDA:134,3,1,0
BRDA:166,4,0,0
BRDA:166,4,1,0
BRDA:167,5,0,0
BRDA:167,5,1,0
BRDA:168,6,0,0
BRDA:168,6,1,0
BRDA:169,7,0,0
BRDA:169,7,1,0
BRDA:170,8,0,0
BRDA:170,8,1,0
BRDA:172,9,0,0
BRDA:172,9,1,0
BRDA:173,10,0,0
BRDA:173,10,1,0
BRDA:189,11,0,0
BRDA:189,11,1,0
BRDA:190,12,0,0
BRDA:190,12,1,0
BRDA:216,13,0,0
BRDA:216,13,1,0
BRDA:216,14,0,0
BRDA:216,14,1,0
BRDA:219,15,0,0
BRDA:219,15,1,0
BRDA:233,16,0,0
BRDA:233,16,1,0
BRDA:257,17,0,0
BRDA:257,17,1,0
BRDA:258,18,0,0
BRDA:258,18,1,0
BRDA:259,19,0,0
BRDA:259,19,1,0
BRDA:260,20,0,0
BRDA:260,20,1,0
BRDA:260,21,0,0
BRDA:260,21,1,0
BRDA:262,22,0,0
BRDA:262,22,1,0
BRDA:263,23,0,0
BRDA:263,23,1,0
BRDA:275,24,0,0
BRDA:275,24,1,0
BRDA:275,25,0,0
BRDA:275,25,1,0
BRDA:275,26,0,0
BRDA:275,26,1,0
BRDA:275,27,0,0
BRDA:275,27,1,0
BRDA:275,28,0,0
BRDA:275,28,1,0
BRDA:275,29,0,0
BRDA:275,29,1,0
BRDA:292,30,0,0
BRDA:292,30,1,0
BRDA:292,31,0,0
BRDA:292,31,1,0
BRDA:296,32,0,0
BRDA:296,32,1,0
BRDA:296,33,0,0
BRDA:296,33,1,0
BRDA:298,34,0,0
BRDA:298,34,1,0
BRDA:301,35,0,0
BRDA:301,35,1,0
BRDA:340,36,0,0
BRDA:340,36,1,0
BRDA:340,37,0,0
BRDA:340,37,1,0
BRDA:344,38,0,0
BRDA:344,38,1,0
BRDA:345,39,0,0
BRDA:345,39,1,0
BRDA:346,40,0,0
BRDA:346,40,1,0
BRDA:358,41,0,0
BRDA:358,42,0,0
BRDA:360,43,0,0
BRDA:360,43,1,0
BRDA:360,44,0,0
BRDA:360,44,1,0
BRDA:361,45,0,0
BRDA:361,45,1,0
BRDA:361,46,0,0
BRDA:361,46,1,0
BRDA:362,47,0,0
BRDA:362,47,1,0
BRDA:389,48,0,0
BRDA:389,48,1,0
BRDA:392,49,0,0
BRDA:392,49,1,0
BRDA:399,50,0,0
BRDA:399,50,1,0
BRDA:422,51,0,0
BRDA:422,51,1,0
BRDA:453,52,0,0
BRDA:453,52,1,0
BRDA:453,53,0,0
BRDA:453,53,1,0
BRDA:453,53,2,0
BRDA:453,53,3,0
BRDA:458,54,0,0
BRDA:458,54,1,0
BRDA:467,55,0,0
BRDA:467,55,1,0
BRDA:468,56,0,0
BRDA:468,56,1,0
BRDA:468,57,0,0
BRDA:468,57,1,0
BRDA:469,58,0,0
BRDA:469,58,1,0
BRDA:469,59,0,0
BRDA:469,59,1,0
BRDA:498,60,0,0
BRDA:498,60,1,0
BRDA:500,61,0,0
BRDA:500,61,1,0
BRDA:501,62,0,0
BRDA:501,62,1,0
BRDA:502,63,0,0
BRDA:502,63,1,0
BRDA:503,64,0,0
BRDA:503,64,1,0
BRDA:503,65,0,0
BRDA:503,65,1,0
BRDA:506,66,0,0
BRDA:506,66,1,0
BRDA:506,67,0,0
BRDA:506,67,1,0
BRDA:520,68,0,0
BRDA:520,69,0,0
BRDA:522,70,0,0
BRDA:522,70,1,0
BRDA:522,71,0,0
BRDA:522,71,1,0
BRDA:523,72,0,0
BRDA:523,72,1,0
BRDA:524,73,0,0
BRDA:524,73,1,0
BRDA:548,74,0,0
BRDA:548,74,1,0
BRDA:553,75,0,0
BRDA:553,75,1,0
BRDA:553,76,0,0
BRDA:553,76,1,0
BRDA:554,77,0,0
BRDA:554,77,1,0
BRDA:554,78,0,0
BRDA:554,78,1,0
BRDA:555,79,0,0
BRDA:555,79,1,0
BRDA:555,80,0,0
BRDA:555,80,1,0
BRDA:556,81,0,0
BRDA:556,81,1,0
BRDA:556,82,0,0
BRDA:556,82,1,0
BRDA:557,83,0,0
BRDA:557,83,1,0
BRDA:557,84,0,0
BRDA:557,84,1,0
BRDA:558,85,0,0
BRDA:558,85,1,0
BRDA:558,86,0,0
BRDA:558,86,1,0
BRDA:559,87,0,0
BRDA:559,87,1,0
BRDA:559,88,0,0
BRDA:559,88,1,0
BRDA:561,89,0,0
BRDA:561,89,1,0
BRDA:581,90,0,0
BRDA:581,90,1,0
BRDA:605,91,0,0
BRDA:605,91,1,0
BRDA:608,92,0,0
BRDA:608,92,1,0
BRDA:608,93,0,0
BRDA:608,93,1,0
BRDA:608,93,2,0
BRDA:608,93,3,0
BRDA:613,94,0,0
BRDA:613,94,1,0
BRDA:613,95,0,0
BRDA:613,95,1,0
BRDA:621,96,0,0
BRDA:621,96,1,0
BRDA:626,97,0,0
BRDA:626,97,1,0
BRDA:627,98,0,0
BRDA:627,98,1,0
BRDA:636,99,0,0
BRDA:636,99,1,0
BRDA:641,100,0,0
BRDA:641,100,1,0
BRDA:642,101,0,0
BRDA:642,101,1,0
BRDA:643,102,0,0
BRDA:643,102,1,0
BRDA:644,103,0,0
BRDA:644,103,1,0
BRDA:648,104,0,0
BRDA:648,104,1,0
BRDA:671,105,0,0
BRDA:671,105,1,0
BRDA:674,106,0,0
BRDA:674,106,1,0
BRDA:674,107,0,0
BRDA:674,107,1,0
BRDA:679,108,0,0
BRDA:679,108,1,0
BRDA:679,109,0,0
BRDA:679,109,1,0
BRDA:689,110,0,0
BRDA:689,110,1,0
BRDA:694,111,0,0
BRDA:694,111,1,0
BRDA:695,112,0,0
BRDA:695,112,1,0
BRDA:704,113,0,0
BRDA:704,113,1,0
BRDA:709,114,0,0
BRDA:709,114,1,0
BRDA:710,115,0,0
BRDA:710,115,1,0
BRDA:711,116,0,0
BRDA:711,116,1,0
BRDA:712,117,0,0
BRDA:712,117,1,0
BRDA:714,118,0,0
BRDA:714,118,1,0
BRDA:715,119,0,0
BRDA:715,119,1,0
BRDA:740,120,0,0
BRDA:740,120,1,0
BRDA:740,121,0,0
BRDA:740,121,1,0
BRDA:751,122,0,0
BRDA:751,122,1,0
BRDA:751,123,0,0
BRDA:751,123,1,0
BRDA:773,124,0,0
BRDA:773,124,1,0
BRDA:773,125,0,0
BRDA:773,125,1,0
BRDA:789,126,0,0
BRDA:789,126,1,0
BRDA:792,127,0,0
BRDA:792,127,1,0
BRDA:793,128,0,0
BRDA:793,128,1,0
BRDA:798,129,0,0
BRDA:798,129,1,0
BRDA:798,130,0,0
BRDA:798,130,1,0
BRDA:799,131,0,0
BRDA:799,131,1,0
BRDA:803,132,0,0
BRDA:803,132,1,0
BRDA:807,133,0,0
BRDA:807,133,1,0
BRDA:815,134,0,0
BRDA:815,134,1,0
BRDA:816,135,0,0
BRDA:816,135,1,0
BRDA:817,136,0,0
BRDA:817,136,1,0
BRDA:819,137,0,0
BRDA:819,137,1,0
BRDA:841,138,0,0
BRDA:841,139,0,0
BRDA:843,140,0,0
BRDA:843,140,1,0
BRDA:844,141,0,0
BRDA:844,141,1,0
BRDA:845,142,0,0
BRDA:845,142,1,0
BRDA:873,143,0,0
BRDA:873,143,1,0
BRDA:887,144,0,0
BRDA:887,145,0,0
BRDA:915,146,0,0
BRDA:915,146,1,0
BRDA:919,147,0,0
BRDA:919,147,1,0
BRDA:920,148,0,0
BRDA:920,148,1,0
BRDA:924,149,0,0
BRDA:924,149,1,0
BRDA:929,150,0,0
BRDA:929,150,1,0
BRDA:946,151,0,0
BRDA:946,151,1,0
BRDA:953,152,0,0
BRDA:953,152,1,0
BRDA:961,153,0,0
BRDA:961,153,1,0
BRF:304
BRH:0
end_of_record
TN:
SF:controllers\authController.js
FN:5,(anonymous_0)
FN:14,(anonymous_1)
FN:23,(anonymous_2)
FN:81,(anonymous_3)
FN:163,(anonymous_4)
FN:183,(anonymous_5)
FN:206,(anonymous_6)
FN:223,(anonymous_7)
FN:265,(anonymous_8)
FNF:9
FNH:4
FNDA:6,(anonymous_0)
FNDA:6,(anonymous_1)
FNDA:1,(anonymous_2)
FNDA:14,(anonymous_3)
FNDA:0,(anonymous_4)
FNDA:0,(anonymous_5)
FNDA:0,(anonymous_6)
FNDA:0,(anonymous_7)
FNDA:0,(anonymous_8)
DA:5,4
DA:6,6
DA:14,4
DA:15,6
DA:23,4
DA:24,1
DA:25,1
DA:27,1
DA:28,0
DA:34,1
DA:35,1
DA:36,0
DA:42,1
DA:51,1
DA:52,1
DA:55,1
DA:62,1
DA:76,0
DA:81,4
DA:82,14
DA:83,14
DA:85,14
DA:86,1
DA:93,13
DA:94,13
DA:95,1
DA:102,12
DA:103,1
DA:104,1
DA:105,1
DA:111,11
DA:112,11
DA:113,6
DA:114,6
DA:120,5
DA:121,0
DA:128,5
DA:133,5
DA:134,5
DA:137,5
DA:144,5
DA:158,0
DA:163,4
DA:164,0
DA:165,0
DA:178,0
DA:183,4
DA:184,0
DA:185,0
DA:186,0
DA:188,0
DA:189,0
DA:191,0
DA:192,0
DA:194,0
DA:195,0
DA:198,0
DA:199,0
DA:201,0
DA:206,4
DA:207,0
DA:208,0
DA:210,0
DA:215,0
DA:223,4
DA:224,0
DA:225,0
DA:226,0
DA:227,0
DA:231,0
DA:234,0
DA:235,0
DA:237,0
DA:240,0
DA:242,0
DA:244,0
DA:245,0
DA:251,0
DA:253,0
DA:254,0
DA:255,0
DA:257,0
DA:260,0
DA:265,4
DA:266,0
DA:268,0
DA:270,0
DA:275,0
DA:276,0
DA:280,0
DA:281,0
DA:282,0
DA:284,0
DA:285,0
DA:287,0
DA:289,0
DA:291,0
LF:97
LH:42
BRDA:27,0,0,0
BRDA:27,0,1,1
BRDA:27,1,0,1
BRDA:27,1,1,1
BRDA:35,2,0,0
BRDA:35,2,1,1
BRDA:47,3,0,1
BRDA:47,3,1,1
BRDA:48,4,0,1
BRDA:48,4,1,1
BRDA:58,5,0,0
BRDA:58,5,1,1
BRDA:85,6,0,1
BRDA:85,6,1,13
BRDA:85,7,0,14
BRDA:85,7,1,13
BRDA:94,8,0,1
BRDA:94,8,1,12
BRDA:102,9,0,1
BRDA:102,9,1,11
BRDA:112,10,0,6
BRDA:112,10,1,5
BRDA:120,11,0,0
BRDA:120,11,1,5
BRDA:140,12,0,0
BRDA:140,12,1,5
BRDA:186,13,0,0
BRDA:186,13,1,0
BRDA:189,14,0,0
BRDA:189,14,1,0
BRDA:194,15,0,0
BRDA:194,15,1,0
BRDA:194,16,0,0
BRDA:194,16,1,0
BRDA:208,17,0,0
BRDA:208,17,1,0
BRDA:213,18,0,0
BRDA:213,18,1,0
BRDA:226,19,0,0
BRDA:226,19,1,0
BRDA:240,20,0,0
BRDA:240,20,1,0
BRDA:275,21,0,0
BRDA:275,21,1,0
BRF:44
BRH:21
end_of_record
TN:
SF:controllers\deliveryChargeController.js
FN:8,calculateCharge
FN:20,(anonymous_1)
FN:78,(anonymous_2)
FN:93,(anonymous_3)
FN:139,(anonymous_4)
FN:173,(anonymous_5)
FN:188,(anonymous_6)
FNF:7
FNH:0
FNDA:0,calculateCharge
FNDA:0,(anonymous_1)
FNDA:0,(anonymous_2)
FNDA:0,(anonymous_3)
FNDA:0,(anonymous_4)
FNDA:0,(anonymous_5)
FNDA:0,(anonymous_6)
DA:9,0
DA:10,0
DA:11,0
DA:20,3
DA:21,0
DA:22,0
DA:24,0
DA:25,0
DA:31,0
DA:32,0
DA:38,0
DA:44,0
DA:45,0
DA:51,0
DA:52,0
DA:54,0
DA:68,0
DA:78,3
DA:79,0
DA:80,0
DA:83,0
DA:85,0
DA:93,3
DA:94,0
DA:95,0
DA:97,0
DA:98,0
DA:100,0
DA:101,0
DA:103,0
DA:104,0
DA:108,0
DA:112,0
DA:113,0
DA:119,0
DA:129,0
DA:131,0
DA:139,3
DA:140,0
DA:141,0
DA:142,0
DA:144,0
DA:145,0
DA:146,0
DA:147,0
DA:148,0
DA:149,0
DA:150,0
DA:153,0
DA:154,0
DA:156,0
DA:157,0
DA:158,0
DA:159,0
DA:162,0
DA:163,0
DA:165,0
DA:173,3
DA:174,0
DA:175,0
DA:176,0
DA:177,0
DA:178,0
DA:180,0
DA:188,3
DA:189,0
DA:190,0
DA:191,0
DA:192,0
DA:193,0
DA:194,0
DA:195,0
DA:197,0
LF:73
LH:6
BRDA:9,0,0,0
BRDA:9,0,1,0
BRDA:10,1,0,0
BRDA:10,1,1,0
BRDA:11,2,0,0
BRDA:11,2,1,0
BRDA:24,3,0,0
BRDA:24,3,1,0
BRDA:24,4,0,0
BRDA:24,4,1,0
BRDA:31,5,0,0
BRDA:31,5,1,0
BRDA:44,6,0,0
BRDA:44,6,1,0
BRDA:51,7,0,0
BRDA:51,7,1,0
BRDA:97,8,0,0
BRDA:97,8,1,0
BRDA:97,9,0,0
BRDA:97,9,1,0
BRDA:100,10,0,0
BRDA:100,10,1,0
BRDA:103,11,0,0
BRDA:103,11,1,0
BRDA:103,12,0,0
BRDA:103,12,1,0
BRDA:103,12,2,0
BRDA:112,13,0,0
BRDA:112,13,1,0
BRDA:123,14,0,0
BRDA:123,14,1,0
BRDA:124,15,0,0
BRDA:124,15,1,0
BRDA:125,16,0,0
BRDA:125,16,1,0
BRDA:145,17,0,0
BRDA:145,17,1,0
BRDA:146,18,0,0
BRDA:146,18,1,0
BRDA:147,19,0,0
BRDA:147,19,1,0
BRDA:148,20,0,0
BRDA:148,20,1,0
BRDA:149,21,0,0
BRDA:149,21,1,0
BRDA:150,22,0,0
BRDA:150,22,1,0
BRDA:154,23,0,0
BRDA:154,23,1,0
BRDA:156,24,0,0
BRDA:156,24,1,0
BRDA:157,25,0,0
BRDA:157,25,1,0
BRDA:158,26,0,0
BRDA:158,26,1,0
BRDA:177,27,0,0
BRDA:177,27,1,0
BRDA:192,28,0,0
BRDA:192,28,1,0
BRF:59
BRH:0
end_of_record
TN:
SF:controllers\dispatcherController.js
FN:7,nowStr
FN:12,(anonymous_1)
FN:27,(anonymous_2)
FN:73,(anonymous_3)
FN:104,(anonymous_4)
FN:143,(anonymous_5)
FN:188,(anonymous_6)
FN:224,(anonymous_7)
FN:245,(anonymous_8)
FN:272,(anonymous_9)
FN:280,(anonymous_10)
FN:285,(anonymous_11)
FN:287,(anonymous_12)
FN:298,(anonymous_13)
FN:316,(anonymous_14)
FNF:15
FNH:0
FNDA:0,nowStr
FNDA:0,(anonymous_1)
FNDA:0,(anonymous_2)
FNDA:0,(anonymous_3)
FNDA:0,(anonymous_4)
FNDA:0,(anonymous_5)
FNDA:0,(anonymous_6)
FNDA:0,(anonymous_7)
FNDA:0,(anonymous_8)
FNDA:0,(anonymous_9)
FNDA:0,(anonymous_10)
FNDA:0,(anonymous_11)
FNDA:0,(anonymous_12)
FNDA:0,(anonymous_13)
FNDA:0,(anonymous_14)
DA:8,0
DA:12,3
DA:13,0
DA:14,0
DA:20,0
DA:22,0
DA:27,3
DA:28,0
DA:29,0
DA:31,0
DA:32,0
DA:33,0
DA:36,0
DA:37,0
DA:38,0
DA:41,0
DA:42,0
DA:43,0
DA:46,0
DA:47,0
DA:48,0
DA:49,0
DA:55,0
DA:58,0
DA:59,0
DA:66,0
DA:68,0
DA:73,3
DA:74,0
DA:75,0
DA:77,0
DA:78,0
DA:79,0
DA:82,0
DA:83,0
DA:89,0
DA:92,0
DA:97,0
DA:99,0
DA:104,3
DA:105,0
DA:106,0
DA:108,0
DA:109,0
DA:110,0
DA:113,0
DA:114,0
DA:115,0
DA:118,0
DA:119,0
DA:120,0
DA:126,0
DA:128,0
DA:129,0
DA:136,0
DA:138,0
DA:143,3
DA:144,0
DA:145,0
DA:147,0
DA:148,0
DA:151,0
DA:152,0
DA:153,0
DA:156,0
DA:157,0
DA:158,0
DA:159,0
DA:161,0
DA:162,0
DA:163,0
DA:169,0
DA:170,0
DA:173,0
DA:174,0
DA:181,0
DA:183,0
DA:188,3
DA:189,0
DA:190,0
DA:192,0
DA:193,0
DA:194,0
DA:197,0
DA:198,0
DA:199,0
DA:205,0
DA:206,0
DA:207,0
DA:208,0
DA:216,0
DA:217,0
DA:219,0
DA:224,3
DA:225,0
DA:226,0
DA:235,0
DA:240,0
DA:245,3
DA:246,0
DA:247,0
DA:248,0
DA:249,0
DA:251,0
DA:252,0
DA:254,0
DA:259,0
DA:265,0
DA:267,0
DA:272,3
DA:273,0
DA:274,0
DA:279,0
DA:280,0
DA:284,0
DA:285,0
DA:287,0
DA:288,0
DA:291,0
DA:293,0
DA:298,3
DA:299,0
DA:300,0
DA:301,0
DA:302,0
DA:304,0
DA:309,0
DA:311,0
DA:316,3
DA:317,0
DA:318,0
DA:319,0
DA:321,0
DA:322,0
DA:324,0
DA:325,0
DA:328,0
DA:329,0
DA:330,0
DA:331,0
DA:333,0
DA:335,0
DA:336,0
DA:342,0
DA:344,0
LF:145
LH:11
BRDA:32,0,0,0
BRDA:32,0,1,0
BRDA:37,1,0,0
BRDA:37,1,1,0
BRDA:47,2,0,0
BRDA:47,2,1,0
BRDA:58,3,0,0
BRDA:58,3,1,0
BRDA:78,4,0,0
BRDA:78,4,1,0
BRDA:109,5,0,0
BRDA:109,5,1,0
BRDA:114,6,0,0
BRDA:114,6,1,0
BRDA:128,7,0,0
BRDA:128,7,1,0
BRDA:147,8,0,0
BRDA:147,8,1,0
BRDA:152,9,0,0
BRDA:152,9,1,0
BRDA:159,10,0,0
BRDA:159,10,1,0
BRDA:159,11,0,0
BRDA:159,11,1,0
BRDA:173,12,0,0
BRDA:173,12,1,0
BRDA:173,13,0,0
BRDA:173,13,1,0
BRDA:193,14,0,0
BRDA:193,14,1,0
BRDA:197,15,0,0
BRDA:197,15,1,0
BRDA:205,16,0,0
BRDA:205,16,1,0
BRDA:249,17,0,0
BRDA:249,17,1,0
BRDA:249,18,0,0
BRDA:249,18,1,0
BRDA:252,19,0,0
BRDA:252,19,1,0
BRDA:254,20,0,0
BRDA:254,20,1,0
BRDA:288,21,0,0
BRDA:288,21,1,0
BRDA:302,22,0,0
BRDA:302,22,1,0
BRDA:302,23,0,0
BRDA:302,23,1,0
BRDA:322,24,0,0
BRDA:322,24,1,0
BRDA:324,25,0,0
BRDA:324,25,1,0
BRDA:329,26,0,0
BRDA:329,26,1,0
BRDA:335,27,0,0
BRDA:335,27,1,0
BRF:56
BRH:0
end_of_record
TN:
SF:controllers\expenseController.js
FN:5,(anonymous_0)
FN:31,(anonymous_1)
FN:73,(anonymous_2)
FN:112,(anonymous_3)
FN:112,(anonymous_4)
FNF:5
FNH:0
FNDA:0,(anonymous_0)
FNDA:0,(anonymous_1)
FNDA:0,(anonymous_2)
FNDA:0,(anonymous_3)
FNDA:0,(anonymous_4)
DA:5,3
DA:6,0
DA:7,0
DA:9,0
DA:10,0
DA:16,0
DA:24,0
DA:26,0
DA:31,3
DA:32,0
DA:33,0
DA:34,0
DA:36,0
DA:39,0
DA:40,0
DA:41,0
DA:42,0
DA:43,0
DA:44,0
DA:45,0
DA:46,0
DA:47,0
DA:48,0
DA:49,0
DA:50,0
DA:51,0
DA:52,0
DA:55,0
DA:57,0
DA:62,0
DA:68,0
DA:73,3
DA:74,0
DA:75,0
DA:76,0
DA:79,0
DA:80,0
DA:83,0
DA:84,0
DA:87,0
DA:88,0
DA:89,0
DA:91,0
DA:107,0
DA:108,0
DA:109,0
DA:112,0
DA:114,0
DA:124,0
LF:49
LH:3
BRDA:9,0,0,0
BRDA:9,0,1,0
BRDA:9,1,0,0
BRDA:9,1,1,0
BRDA:20,2,0,0
BRDA:20,2,1,0
BRDA:21,3,0,0
BRDA:21,3,1,0
BRDA:34,4,0,0
BRDA:34,5,0,0
BRDA:40,6,0,0
BRDA:40,6,1,0
BRDA:44,7,0,0
BRDA:44,7,1,0
BRDA:48,8,0,0
BRDA:48,8,1,0
BRDA:108,9,0,0
BRDA:108,9,1,0
BRF:18
BRH:0
end_of_record
TN:
SF:controllers\packageController.js
FN:7,(anonymous_0)
FN:52,(anonymous_1)
FN:80,(anonymous_2)
FN:111,(anonymous_3)
FN:168,(anonymous_4)
FN:198,(anonymous_5)
FN:216,(anonymous_6)
FNF:7
FNH:3
FNDA:0,(anonymous_0)
FNDA:0,(anonymous_1)
FNDA:0,(anonymous_2)
FNDA:0,(anonymous_3)
FNDA:5,(anonymous_4)
FNDA:3,(anonymous_5)
FNDA:1,(anonymous_6)
DA:7,3
DA:8,0
DA:9,0
DA:11,0
DA:12,0
DA:13,0
DA:14,0
DA:15,0
DA:16,0
DA:24,0
DA:26,0
DA:37,0
DA:47,0
DA:52,3
DA:53,0
DA:54,0
DA:56,0
DA:66,0
DA:67,0
DA:73,0
DA:75,0
DA:80,3
DA:81,0
DA:82,0
DA:84,0
DA:85,0
DA:86,0
DA:89,0
DA:91,0
DA:92,0
DA:93,0
DA:94,0
DA:96,0
DA:103,0
DA:104,0
DA:106,0
DA:111,3
DA:112,0
DA:124,0
DA:127,0
DA:128,0
DA:131,0
DA:133,0
DA:135,0
DA:161,0
DA:163,0
DA:168,3
DA:169,5
DA:170,5
DA:173,5
DA:174,1
DA:177,4
DA:182,4
DA:183,0
DA:187,4
DA:188,1
DA:191,3
DA:193,0
DA:198,3
DA:199,3
DA:200,3
DA:202,3
DA:203,0
DA:206,3
DA:209,3
DA:211,3
DA:212,0
DA:215,3
DA:216,1
DA:217,1
DA:218,1
DA:219,1
DA:227,2
DA:228,2
DA:230,2
DA:251,2
DA:253,1
DA:260,1
DA:274,1
DA:275,1
DA:278,1
DA:280,0
LF:82
LH:35
BRDA:9,0,0,0
BRDA:9,1,0,0
BRDA:12,2,0,0
BRDA:12,2,1,0
BRDA:12,3,0,0
BRDA:12,3,1,0
BRDA:13,4,0,0
BRDA:13,4,1,0
BRDA:14,5,0,0
BRDA:14,5,1,0
BRDA:15,6,0,0
BRDA:15,6,1,0
BRDA:66,7,0,0
BRDA:66,7,1,0
BRDA:85,8,0,0
BRDA:85,8,1,0
BRDA:91,9,0,0
BRDA:91,9,1,0
BRDA:92,10,0,0
BRDA:92,10,1,0
BRDA:93,11,0,0
BRDA:93,11,1,0
BRDA:94,12,0,0
BRDA:94,12,1,0
BRDA:99,13,0,0
BRDA:99,13,1,0
BRDA:141,14,0,0
BRDA:141,14,1,0
BRDA:142,15,0,0
BRDA:142,15,1,0
BRDA:143,16,0,0
BRDA:143,16,1,0
BRDA:144,17,0,0
BRDA:144,17,1,0
BRDA:145,18,0,0
BRDA:145,18,1,0
BRDA:147,19,0,0
BRDA:147,19,1,0
BRDA:173,20,0,1
BRDA:173,20,1,4
BRDA:173,21,0,5
BRDA:173,21,1,5
BRDA:182,22,0,0
BRDA:182,22,1,4
BRDA:187,23,0,1
BRDA:187,23,1,3
BRDA:187,24,0,4
BRDA:187,24,1,2
BRDA:202,25,0,0
BRDA:202,25,1,3
BRDA:202,26,0,3
BRDA:202,26,1,3
BRDA:211,27,0,0
BRDA:211,27,1,3
BRDA:215,28,0,1
BRDA:215,28,1,2
BRDA:217,29,0,1
BRDA:217,29,1,0
BRDA:218,30,0,1
BRDA:218,30,1,0
BRDA:251,31,0,1
BRDA:251,31,1,1
BRDA:274,32,0,1
BRDA:274,32,1,0
BRF:64
BRH:20
end_of_record
TN:
SF:controllers\pricingController.js
FN:8,(anonymous_0)
FN:17,(anonymous_1)
FN:31,(anonymous_2)
FN:42,(anonymous_3)
FN:67,(anonymous_4)
FN:90,(anonymous_5)
FN:115,(anonymous_6)
FN:129,(anonymous_7)
FN:159,(anonymous_8)
FN:184,(anonymous_9)
FNF:10
FNH:1
FNDA:0,(anonymous_0)
FNDA:0,(anonymous_1)
FNDA:1,(anonymous_2)
FNDA:0,(anonymous_3)
FNDA:0,(anonymous_4)
FNDA:0,(anonymous_5)
FNDA:0,(anonymous_6)
FNDA:0,(anonymous_7)
FNDA:0,(anonymous_8)
FNDA:0,(anonymous_9)
DA:8,3
DA:9,0
DA:10,0
DA:11,0
DA:13,0
DA:17,3
DA:18,0
DA:19,0
DA:20,0
DA:25,0
DA:27,0
DA:31,3
DA:32,1
DA:33,1
DA:34,1
DA:36,0
DA:42,3
DA:43,0
DA:44,0
DA:45,0
DA:46,0
DA:47,0
DA:50,0
DA:52,0
DA:57,0
DA:63,0
DA:67,3
DA:68,0
DA:69,0
DA:72,0
DA:73,0
DA:74,0
DA:77,0
DA:84,0
DA:86,0
DA:90,3
DA:91,0
DA:92,0
DA:93,0
DA:95,0
DA:96,0
DA:97,0
DA:98,0
DA:101,0
DA:102,0
DA:103,0
DA:106,0
DA:107,0
DA:109,0
DA:111,0
DA:115,3
DA:116,0
DA:117,0
DA:118,0
DA:119,0
DA:121,0
DA:123,0
DA:129,3
DA:130,0
DA:131,0
DA:132,0
DA:134,0
DA:135,0
DA:142,0
DA:144,0
DA:149,0
DA:155,0
DA:159,3
DA:160,0
DA:161,0
DA:162,0
DA:164,0
DA:165,0
DA:166,0
DA:169,0
DA:170,0
DA:171,0
DA:172,0
DA:174,0
DA:176,0
DA:178,0
DA:184,3
DA:185,0
DA:186,0
DA:188,0
DA:190,0
DA:191,0
DA:193,0
LF:88
LH:13
BRDA:44,0,0,0
BRDA:44,1,0,0
BRDA:46,2,0,0
BRDA:46,2,1,0
BRDA:73,3,0,0
BRDA:73,3,1,0
BRDA:80,4,0,0
BRDA:80,4,1,0
BRDA:96,5,0,0
BRDA:96,5,1,0
BRDA:97,6,0,0
BRDA:97,6,1,0
BRDA:98,7,0,0
BRDA:98,7,1,0
BRDA:101,8,0,0
BRDA:101,8,1,0
BRDA:103,9,0,0
BRDA:103,9,1,0
BRDA:107,10,0,0
BRDA:107,10,1,0
BRDA:119,11,0,0
BRDA:119,11,1,0
BRDA:131,12,0,0
BRDA:131,13,0,0
BRDA:134,14,0,0
BRDA:134,14,1,0
BRDA:165,15,0,0
BRDA:165,15,1,0
BRDA:165,16,0,0
BRDA:165,16,1,0
BRDA:169,17,0,0
BRDA:169,17,1,0
BRDA:170,18,0,0
BRDA:170,18,1,0
BRDA:171,19,0,0
BRDA:171,19,1,0
BRDA:172,20,0,0
BRDA:172,20,1,0
BRDA:188,21,0,0
BRDA:188,21,1,0
BRF:40
BRH:0
end_of_record
TN:
SF:controllers\publicController.js
FN:5,(anonymous_0)
FN:23,(anonymous_1)
FN:43,(anonymous_2)
FNF:3
FNH:0
FNDA:0,(anonymous_0)
FNDA:0,(anonymous_1)
FNDA:0,(anonymous_2)
DA:5,3
DA:6,0
DA:7,0
DA:10,0
DA:13,0
DA:14,0
DA:18,0
DA:23,0
DA:36,0
DA:38,0
DA:43,3
DA:44,0
DA:45,0
DA:46,0
DA:48,0
LF:15
LH:2
BRDA:13,0,0,0
BRDA:13,0,1,0
BRDA:26,1,0,0
BRDA:26,1,1,0
BRDA:27,2,0,0
BRDA:27,2,1,0
BRDA:29,3,0,0
BRDA:29,3,1,0
BRDA:29,4,0,0
BRDA:29,4,1,0
BRDA:46,5,0,0
BRDA:46,5,1,0
BRF:12
BRH:0
end_of_record
TN:
SF:controllers\riderController.js
FN:6,nowStr
FN:11,(anonymous_1)
FN:39,(anonymous_2)
FN:131,(anonymous_3)
FN:164,(anonymous_4)
FN:197,(anonymous_5)
FN:232,(anonymous_6)
FN:260,(anonymous_7)
FNF:8
FNH:0
FNDA:0,nowStr
FNDA:0,(anonymous_1)
FNDA:0,(anonymous_2)
FNDA:0,(anonymous_3)
FNDA:0,(anonymous_4)
FNDA:0,(anonymous_5)
FNDA:0,(anonymous_6)
FNDA:0,(anonymous_7)
DA:7,0
DA:11,3
DA:12,0
DA:13,0
DA:14,0
DA:16,0
DA:18,0
DA:19,0
DA:20,0
DA:21,0
DA:22,0
DA:23,0
DA:24,0
DA:25,0
DA:28,0
DA:32,0
DA:34,0
DA:39,3
DA:40,0
DA:41,0
DA:42,0
DA:44,0
DA:45,0
DA:46,0
DA:52,0
DA:54,0
DA:56,0
DA:57,0
DA:58,0
DA:59,0
DA:65,0
DA:68,0
DA:69,0
DA:70,0
DA:76,0
DA:79,0
DA:80,0
DA:81,0
DA:87,0
DA:90,0
DA:91,0
DA:92,0
DA:98,0
DA:101,0
DA:102,0
DA:108,0
DA:111,0
DA:114,0
DA:116,0
DA:117,0
DA:124,0
DA:126,0
DA:131,3
DA:132,0
DA:133,0
DA:134,0
DA:135,0
DA:137,0
DA:138,0
DA:141,0
DA:142,0
DA:143,0
DA:144,0
DA:146,0
DA:147,0
DA:153,0
DA:154,0
DA:157,0
DA:159,0
DA:164,3
DA:165,0
DA:166,0
DA:167,0
DA:168,0
DA:169,0
DA:171,0
DA:179,0
DA:184,0
DA:185,0
DA:187,0
DA:192,0
DA:197,3
DA:198,0
DA:199,0
DA:200,0
DA:202,0
DA:203,0
DA:206,0
DA:209,0
DA:210,0
DA:211,0
DA:212,0
DA:213,0
DA:214,0
DA:220,0
DA:221,0
DA:225,0
DA:227,0
DA:232,3
DA:233,0
DA:234,0
DA:235,0
DA:237,0
DA:238,0
DA:241,0
DA:245,0
DA:246,0
DA:249,0
DA:256,0
DA:257,0
DA:260,0
DA:262,0
DA:269,0
DA:271,0
LF:114
LH:6
BRDA:18,0,0,0
BRDA:18,0,1,0
BRDA:18,1,0,0
BRDA:18,1,1,0
BRDA:20,2,0,0
BRDA:20,2,1,0
BRDA:22,3,0,0
BRDA:22,3,1,0
BRDA:24,4,0,0
BRDA:24,4,1,0
BRDA:45,5,0,0
BRDA:45,5,1,0
BRDA:54,6,0,0
BRDA:54,6,1,0
BRDA:54,6,2,0
BRDA:54,6,3,0
BRDA:54,6,4,0
BRDA:54,6,5,0
BRDA:58,7,0,0
BRDA:58,7,1,0
BRDA:62,8,0,0
BRDA:62,8,1,0
BRDA:69,9,0,0
BRDA:69,9,1,0
BRDA:73,10,0,0
BRDA:73,10,1,0
BRDA:80,11,0,0
BRDA:80,11,1,0
BRDA:91,12,0,0
BRDA:91,12,1,0
BRDA:116,13,0,0
BRDA:116,13,1,0
BRDA:116,14,0,0
BRDA:116,14,1,0
BRDA:137,15,0,0
BRDA:137,15,1,0
BRDA:144,16,0,0
BRDA:144,16,1,0
BRDA:144,17,0,0
BRDA:144,17,1,0
BRDA:184,18,0,0
BRDA:184,18,1,0
BRDA:185,19,0,0
BRDA:185,19,1,0
BRDA:202,20,0,0
BRDA:202,20,1,0
BRDA:202,21,0,0
BRDA:202,21,1,0
BRDA:212,22,0,0
BRDA:212,22,1,0
BRDA:237,23,0,0
BRDA:237,23,1,0
BRDA:237,24,0,0
BRDA:237,24,1,0
BRDA:245,25,0,0
BRDA:245,25,1,0
BRDA:256,26,0,0
BRDA:256,26,1,0
BRF:58
BRH:0
end_of_record
TN:
SF:controllers\scanController.js
FN:35,resolveTransition
FN:53,(anonymous_1)
FN:141,(anonymous_2)
FN:228,(anonymous_3)
FN:241,(anonymous_4)
FN:254,(anonymous_5)
FN:276,(anonymous_6)
FN:307,(anonymous_7)
FNF:8
FNH:0
FNDA:0,resolveTransition
FNDA:0,(anonymous_1)
FNDA:0,(anonymous_2)
FNDA:0,(anonymous_3)
FNDA:0,(anonymous_4)
FNDA:0,(anonymous_5)
FNDA:0,(anonymous_6)
FNDA:0,(anonymous_7)
DA:7,3
DA:22,3
DA:27,3
DA:36,0
DA:38,0
DA:39,0
DA:41,0
DA:42,0
DA:43,0
DA:46,0
DA:47,0
DA:49,0
DA:53,3
DA:54,0
DA:55,0
DA:56,0
DA:57,0
DA:59,0
DA:60,0
DA:63,0
DA:67,0
DA:68,0
DA:73,0
DA:75,0
DA:76,0
DA:79,0
DA:80,0
DA:81,0
DA:83,0
DA:86,0
DA:87,0
DA:88,0
DA:91,0
DA:107,0
DA:108,0
DA:120,0
DA:121,0
DA:124,0
DA:126,0
DA:135,0
DA:136,0
DA:141,3
DA:142,0
DA:143,0
DA:144,0
DA:145,0
DA:147,0
DA:148,0
DA:151,0
DA:152,0
DA:154,0
DA:155,0
DA:156,0
DA:157,0
DA:158,0
DA:159,0
DA:160,0
DA:164,0
DA:165,0
DA:167,0
DA:168,0
DA:169,0
DA:170,0
DA:172,0
DA:175,0
DA:176,0
DA:177,0
DA:179,0
DA:194,0
DA:195,0
DA:206,0
DA:207,0
DA:210,0
DA:211,0
DA:213,0
DA:217,0
DA:223,0
DA:228,3
DA:229,0
DA:230,0
DA:231,0
DA:234,0
DA:236,0
DA:241,3
DA:242,0
DA:243,0
DA:244,0
DA:247,0
DA:249,0
DA:254,3
DA:255,0
DA:256,0
DA:257,0
DA:258,0
DA:265,0
DA:271,0
DA:276,3
DA:277,0
DA:278,0
DA:279,0
DA:280,0
DA:281,0
DA:282,0
DA:283,0
DA:284,0
DA:285,0
DA:287,0
DA:288,0
DA:296,0
DA:302,0
DA:307,3
DA:308,0
DA:309,0
DA:310,0
DA:313,0
DA:314,0
DA:317,0
DA:318,0
DA:319,0
DA:320,0
DA:321,0
DA:333,0
LF:122
LH:10
BRDA:36,0,0,0
BRDA:36,0,1,0
BRDA:38,1,0,0
BRDA:38,1,1,0
BRDA:41,2,0,0
BRDA:41,2,1,0
BRDA:41,3,0,0
BRDA:41,3,1,0
BRDA:42,4,0,0
BRDA:42,4,1,0
BRDA:46,5,0,0
BRDA:46,5,1,0
BRDA:55,6,0,0
BRDA:55,7,0,0
BRDA:59,8,0,0
BRDA:59,8,1,0
BRDA:67,9,0,0
BRDA:67,9,1,0
BRDA:73,10,0,0
BRDA:73,10,1,0
BRDA:75,11,0,0
BRDA:75,11,1,0
BRDA:80,12,0,0
BRDA:80,12,1,0
BRDA:88,13,0,0
BRDA:88,13,1,0
BRDA:111,14,0,0
BRDA:111,14,1,0
BRDA:111,15,0,0
BRDA:111,15,1,0
BRDA:111,16,0,0
BRDA:111,16,1,0
BRDA:113,17,0,0
BRDA:113,17,1,0
BRDA:120,18,0,0
BRDA:120,18,1,0
BRDA:120,19,0,0
BRDA:120,19,1,0
BRDA:143,20,0,0
BRDA:143,21,0,0
BRDA:147,22,0,0
BRDA:147,22,1,0
BRDA:147,23,0,0
BRDA:147,23,1,0
BRDA:158,24,0,0
BRDA:158,24,1,0
BRDA:164,25,0,0
BRDA:164,25,1,0
BRDA:168,26,0,0
BRDA:168,26,1,0
BRDA:177,27,0,0
BRDA:177,27,1,0
BRDA:198,28,0,0
BRDA:198,28,1,0
BRDA:198,29,0,0
BRDA:198,29,1,0
BRDA:198,30,0,0
BRDA:198,30,1,0
BRDA:200,31,0,0
BRDA:200,31,1,0
BRDA:206,32,0,0
BRDA:206,32,1,0
BRDA:206,33,0,0
BRDA:206,33,1,0
BRDA:256,34,0,0
BRDA:256,35,0,0
BRDA:278,36,0,0
BRDA:278,37,0,0
BRDA:280,38,0,0
BRDA:280,38,1,0
BRDA:281,39,0,0
BRDA:281,39,1,0
BRDA:282,40,0,0
BRDA:282,40,1,0
BRDA:282,41,0,0
BRDA:282,41,1,0
BRDA:284,42,0,0
BRDA:284,42,1,0
BRDA:285,43,0,0
BRDA:285,43,1,0
BRDA:313,44,0,0
BRDA:313,44,1,0
BRDA:318,45,0,0
BRDA:318,45,1,0
BRDA:319,46,0,0
BRDA:319,46,1,0
BRDA:319,47,0,0
BRDA:319,47,1,0
BRDA:319,48,0,0
BRDA:319,48,1,0
BRDA:320,49,0,0
BRDA:320,49,1,0
BRDA:327,50,0,0
BRDA:327,50,1,0
BRDA:327,51,0,0
BRDA:327,51,1,0
BRDA:329,52,0,0
BRDA:329,52,1,0
BRF:98
BRH:0
end_of_record
TN:
SF:controllers\vendorController.js
FN:16,(anonymous_0)
FN:60,(anonymous_1)
FN:61,(anonymous_2)
FN:90,(anonymous_3)
FN:151,(anonymous_4)
FN:204,(anonymous_5)
FN:272,(anonymous_6)
FN:296,(anonymous_7)
FN:357,(anonymous_8)
FN:384,(anonymous_9)
FN:402,(anonymous_10)
FN:409,(anonymous_11)
FN:410,(anonymous_12)
FN:428,(anonymous_13)
FN:437,(anonymous_14)
FN:454,(anonymous_15)
FN:455,(anonymous_16)
FN:471,(anonymous_17)
FN:483,(anonymous_18)
FN:508,(anonymous_19)
FN:519,(anonymous_20)
FN:546,(anonymous_21)
FN:568,(anonymous_22)
FN:581,(anonymous_23)
FNF:24
FNH:0
FNDA:0,(anonymous_0)
FNDA:0,(anonymous_1)
FNDA:0,(anonymous_2)
FNDA:0,(anonymous_3)
FNDA:0,(anonymous_4)
FNDA:0,(anonymous_5)
FNDA:0,(anonymous_6)
FNDA:0,(anonymous_7)
FNDA:0,(anonymous_8)
FNDA:0,(anonymous_9)
FNDA:0,(anonymous_10)
FNDA:0,(anonymous_11)
FNDA:0,(anonymous_12)
FNDA:0,(anonymous_13)
FNDA:0,(anonymous_14)
FNDA:0,(anonymous_15)
FNDA:0,(anonymous_16)
FNDA:0,(anonymous_17)
FNDA:0,(anonymous_18)
FNDA:0,(anonymous_19)
FNDA:0,(anonymous_20)
FNDA:0,(anonymous_21)
FNDA:0,(anonymous_22)
FNDA:0,(anonymous_23)
DA:16,3
DA:17,0
DA:18,0
DA:19,0
DA:20,0
DA:22,0
DA:60,0
DA:61,0
DA:63,0
DA:78,0
DA:80,0
DA:85,0
DA:90,3
DA:91,0
DA:92,0
DA:93,0
DA:95,0
DA:96,0
DA:97,0
DA:98,0
DA:99,0
DA:100,0
DA:101,0
DA:102,0
DA:104,0
DA:107,0
DA:108,0
DA:114,0
DA:115,0
DA:116,0
DA:117,0
DA:118,0
DA:119,0
DA:120,0
DA:124,0
DA:126,0
DA:136,0
DA:146,0
DA:151,3
DA:152,0
DA:153,0
DA:154,0
DA:156,0
DA:157,0
DA:163,0
DA:165,0
DA:166,0
DA:167,0
DA:170,0
DA:171,0
DA:172,0
DA:178,0
DA:181,0
DA:186,0
DA:189,0
DA:190,0
DA:197,0
DA:199,0
DA:204,3
DA:205,0
DA:206,0
DA:207,0
DA:209,0
DA:210,0
DA:213,0
DA:214,0
DA:215,0
DA:216,0
DA:223,0
DA:224,0
DA:228,0
DA:229,0
DA:231,0
DA:257,0
DA:258,0
DA:265,0
DA:267,0
DA:272,3
DA:273,0
DA:274,0
DA:275,0
DA:277,0
DA:278,0
DA:279,0
DA:281,0
DA:282,0
DA:283,0
DA:284,0
DA:285,0
DA:286,0
DA:288,0
DA:289,0
DA:291,0
DA:296,3
DA:297,0
DA:298,0
DA:299,0
DA:301,0
DA:302,0
DA:305,0
DA:306,0
DA:307,0
DA:308,0
DA:310,0
DA:311,0
DA:312,0
DA:313,0
DA:320,0
DA:324,0
DA:347,0
DA:350,0
DA:352,0
DA:357,3
DA:358,0
DA:359,0
DA:360,0
DA:362,0
DA:364,0
DA:365,0
DA:368,0
DA:369,0
DA:376,0
DA:377,0
DA:379,0
DA:384,3
DA:385,0
DA:386,0
DA:387,0
DA:389,0
DA:390,0
DA:392,0
DA:393,0
DA:395,0
DA:397,0
DA:402,3
DA:403,0
DA:404,0
DA:407,0
DA:409,0
DA:410,0
DA:411,0
DA:413,0
DA:423,0
DA:428,3
DA:429,0
DA:430,0
DA:431,0
DA:433,0
DA:434,0
DA:437,0
DA:440,0
DA:445,0
DA:447,0
DA:451,0
DA:454,0
DA:455,0
DA:456,0
DA:458,0
DA:464,0
DA:466,0
DA:471,3
DA:472,0
DA:473,0
DA:474,0
DA:475,0
DA:477,0
DA:483,3
DA:484,0
DA:486,0
DA:487,0
DA:489,0
DA:490,0
DA:491,0
DA:494,0
DA:496,0
DA:497,0
DA:498,0
DA:508,3
DA:509,0
DA:510,0
DA:511,0
DA:512,0
DA:514,0
DA:519,3
DA:520,0
DA:521,0
DA:522,0
DA:524,0
DA:525,0
DA:528,0
DA:539,0
DA:541,0
DA:546,3
DA:547,0
DA:548,0
DA:549,0
DA:551,0
DA:552,0
DA:554,0
DA:555,0
DA:556,0
DA:557,0
DA:558,0
DA:560,0
DA:561,0
DA:563,0
DA:568,3
DA:569,0
DA:570,0
DA:571,0
DA:572,0
DA:574,0
DA:576,0
DA:581,3
DA:582,0
DA:583,0
DA:584,0
DA:586,0
DA:587,0
DA:590,0
DA:591,0
DA:594,0
DA:596,0
DA:597,0
DA:599,0
LF:225
LH:17
BRDA:60,0,0,0
BRDA:60,0,1,0
BRDA:61,1,0,0
BRDA:61,1,1,0
BRDA:93,2,0,0
BRDA:93,3,0,0
BRDA:96,4,0,0
BRDA:96,4,1,0
BRDA:96,5,0,0
BRDA:96,5,1,0
BRDA:97,6,0,0
BRDA:97,6,1,0
BRDA:99,7,0,0
BRDA:99,7,1,0
BRDA:101,8,0,0
BRDA:101,8,1,0
BRDA:107,9,0,0
BRDA:107,9,1,0
BRDA:114,10,0,0
BRDA:114,10,1,0
BRDA:114,11,0,0
BRDA:114,11,1,0
BRDA:116,12,0,0
BRDA:116,12,1,0
BRDA:117,13,0,0
BRDA:117,13,1,0
BRDA:156,14,0,0
BRDA:156,14,1,0
BRDA:156,15,0,0
BRDA:156,15,1,0
BRDA:167,16,0,0
BRDA:167,16,1,0
BRDA:167,17,0,0
BRDA:167,17,1,0
BRDA:189,18,0,0
BRDA:189,18,1,0
BRDA:189,19,0,0
BRDA:189,19,1,0
BRDA:209,20,0,0
BRDA:209,20,1,0
BRDA:209,21,0,0
BRDA:209,21,1,0
BRDA:209,21,2,0
BRDA:209,21,3,0
BRDA:214,22,0,0
BRDA:214,22,1,0
BRDA:219,23,0,0
BRDA:219,23,1,0
BRDA:220,24,0,0
BRDA:220,24,1,0
BRDA:233,25,0,0
BRDA:233,25,1,0
BRDA:238,26,0,0
BRDA:238,26,1,0
BRDA:239,27,0,0
BRDA:239,27,1,0
BRDA:240,28,0,0
BRDA:240,28,1,0
BRDA:241,29,0,0
BRDA:241,29,1,0
BRDA:245,30,0,0
BRDA:245,30,1,0
BRDA:257,31,0,0
BRDA:257,31,1,0
BRDA:278,32,0,0
BRDA:278,32,1,0
BRDA:279,33,0,0
BRDA:279,33,1,0
BRDA:281,34,0,0
BRDA:281,34,1,0
BRDA:282,35,0,0
BRDA:282,35,1,0
BRDA:283,36,0,0
BRDA:283,36,1,0
BRDA:284,37,0,0
BRDA:284,37,1,0
BRDA:285,38,0,0
BRDA:285,38,1,0
BRDA:286,39,0,0
BRDA:286,39,1,0
BRDA:301,40,0,0
BRDA:301,40,1,0
BRDA:301,41,0,0
BRDA:301,41,1,0
BRDA:311,42,0,0
BRDA:311,42,1,0
BRDA:316,43,0,0
BRDA:316,43,1,0
BRDA:317,44,0,0
BRDA:317,44,1,0
BRDA:326,45,0,0
BRDA:326,45,1,0
BRDA:331,46,0,0
BRDA:331,46,1,0
BRDA:332,47,0,0
BRDA:332,47,1,0
BRDA:333,48,0,0
BRDA:333,48,1,0
BRDA:334,49,0,0
BRDA:334,49,1,0
BRDA:336,50,0,0
BRDA:336,50,1,0
BRDA:362,51,0,0
BRDA:362,51,1,0
BRDA:364,52,0,0
BRDA:364,52,1,0
BRDA:390,53,0,0
BRDA:390,53,1,0
BRDA:392,54,0,0
BRDA:392,54,1,0
BRDA:409,55,0,0
BRDA:409,55,1,0
BRDA:410,56,0,0
BRDA:410,56,1,0
BRDA:433,57,0,0
BRDA:433,57,1,0
BRDA:445,58,0,0
BRDA:445,58,1,0
BRDA:454,59,0,0
BRDA:454,59,1,0
BRDA:455,60,0,0
BRDA:455,60,1,0
BRDA:484,61,0,0
BRDA:484,61,1,0
BRDA:487,62,0,0
BRDA:487,62,1,0
BRDA:491,63,0,0
BRDA:491,63,1,0
BRDA:496,64,0,0
BRDA:496,64,1,0
BRDA:497,65,0,0
BRDA:497,65,1,0
BRDA:498,66,0,0
BRDA:498,66,1,0
BRDA:500,67,0,0
BRDA:500,67,1,0
BRDA:524,68,0,0
BRDA:524,68,1,0
BRDA:524,69,0,0
BRDA:524,69,1,0
BRDA:530,70,0,0
BRDA:530,70,1,0
BRDA:532,71,0,0
BRDA:532,71,1,0
BRDA:534,72,0,0
BRDA:534,72,1,0
BRDA:535,73,0,0
BRDA:535,73,1,0
BRDA:552,74,0,0
BRDA:552,74,1,0
BRDA:554,75,0,0
BRDA:554,75,1,0
BRDA:555,76,0,0
BRDA:555,76,1,0
BRDA:556,77,0,0
BRDA:556,77,1,0
BRDA:557,78,0,0
BRDA:557,78,1,0
BRDA:558,79,0,0
BRDA:558,79,1,0
BRDA:572,80,0,0
BRDA:572,80,1,0
BRDA:586,81,0,0
BRDA:586,81,1,0
BRDA:586,82,0,0
BRDA:586,82,1,0
BRDA:591,83,0,0
BRDA:591,83,1,0
BRF:168
BRH:0
end_of_record
TN:
SF:middleware\auditMiddleware.js
FN:8,(anonymous_0)
FN:14,(anonymous_1)
FN:31,(anonymous_2)
FNF:3
FNH:1
FNDA:1,(anonymous_0)
FNDA:0,(anonymous_1)
FNDA:0,(anonymous_2)
DA:8,3
DA:10,1
DA:12,0
DA:14,0
DA:15,0
DA:18,0
DA:19,0
DA:31,0
DA:32,0
DA:36,0
DA:40,1
LF:11
LH:3
BRDA:10,0,0,0
BRDA:10,0,1,1
BRDA:18,1,0,0
BRDA:18,1,1,0
BRDA:18,2,0,0
BRDA:18,2,1,0
BRDA:18,2,2,0
BRDA:20,3,0,0
BRDA:20,3,1,0
BRDA:24,4,0,0
BRDA:24,4,1,0
BRDA:28,5,0,0
BRDA:28,5,1,0
BRF:13
BRH:1
end_of_record
TN:
SF:middleware\auth.js
FN:4,(anonymous_0)
FNF:1
FNH:1
FNDA:11,(anonymous_0)
DA:4,3
DA:5,11
DA:7,11
DA:8,11
DA:9,1
DA:15,10
DA:18,10
DA:21,10
DA:22,10
DA:23,0
DA:29,10
DA:30,0
DA:36,10
DA:37,10
DA:39,0
DA:40,0
DA:45,0
LF:17
LH:12
BRDA:8,0,0,1
BRDA:8,0,1,10
BRDA:8,1,0,11
BRDA:8,1,1,10
BRDA:22,2,0,0
BRDA:22,2,1,10
BRDA:29,3,0,0
BRDA:29,3,1,10
BRDA:39,4,0,0
BRDA:39,4,1,0
BRF:10
BRH:6
end_of_record
TN:
SF:middleware\errorHandler.js
FN:3,(anonymous_0)
FN:11,(anonymous_1)
FNF:2
FNH:0
FNDA:0,(anonymous_0)
FNDA:0,(anonymous_1)
DA:3,3
DA:4,0
DA:7,0
DA:8,0
DA:11,0
DA:16,0
DA:17,0
DA:18,0
DA:25,0
DA:26,0
DA:28,0
DA:29,0
DA:33,0
DA:34,0
DA:38,0
DA:39,0
LF:16
LH:1
BRDA:7,0,0,0
BRDA:7,0,1,0
BRDA:16,1,0,0
BRDA:16,1,1,0
BRDA:25,2,0,0
BRDA:25,2,1,0
BRDA:28,3,0,0
BRDA:28,3,1,0
BRDA:33,4,0,0
BRDA:33,4,1,0
BRDA:38,5,0,0
BRDA:38,5,1,0
BRDA:41,6,0,0
BRDA:41,6,1,0
BRF:14
BRH:0
end_of_record
TN:
SF:middleware\pricingValidation.js
FN:1,(anonymous_0)
FN:15,(anonymous_1)
FNF:2
FNH:0
FNDA:0,(anonymous_0)
FNDA:0,(anonymous_1)
DA:1,3
DA:2,0
DA:4,0
DA:5,0
DA:8,0
DA:9,0
DA:12,0
DA:15,3
DA:16,0
DA:18,0
DA:19,0
DA:22,0
DA:23,0
DA:26,0
LF:14
LH:2
BRDA:4,0,0,0
BRDA:4,0,1,0
BRDA:4,1,0,0
BRDA:4,1,1,0
BRDA:4,1,2,0
BRDA:8,2,0,0
BRDA:8,2,1,0
BRDA:8,3,0,0
BRDA:8,3,1,0
BRDA:8,3,2,0
BRDA:18,4,0,0
BRDA:18,4,1,0
BRDA:18,5,0,0
BRDA:18,5,1,0
BRDA:18,5,2,0
BRDA:22,6,0,0
BRDA:22,6,1,0
BRDA:22,7,0,0
BRDA:22,7,1,0
BRDA:22,7,2,0
BRF:20
BRH:0
end_of_record
TN:
SF:middleware\rateLimiter.js
FNF:0
FNH:0
DA:4,3
DA:13,3
DA:22,3
DA:31,3
DA:40,3
DA:49,3
LF:6
LH:6
BRF:0
BRH:0
end_of_record
TN:
SF:middleware\roleGuard.js
FN:6,(anonymous_0)
FN:7,(anonymous_1)
FNF:2
FNH:2
FNDA:39,(anonymous_0)
FNDA:5,(anonymous_1)
DA:6,3
DA:7,39
DA:8,5
DA:9,0
DA:15,5
DA:16,1
DA:22,4
LF:7
LH:6
BRDA:8,0,0,0
BRDA:8,0,1,5
BRDA:15,1,0,1
BRDA:15,1,1,4
BRF:4
BRH:3
end_of_record
TN:
SF:models\Allowance.js
FNF:0
FNH:0
DA:3,3
DA:33,3
LF:2
LH:2
BRF:0
BRH:0
end_of_record
TN:
SF:models\AuditLog.js
FNF:0
FNH:0
DA:3,3
DA:30,3
DA:31,3
DA:32,3
LF:4
LH:4
BRF:0
BRH:0
end_of_record
TN:
SF:models\CodHandover.js
FNF:0
FNH:0
DA:3,3
DA:43,3
DA:44,3
DA:45,3
DA:46,3
DA:48,3
LF:6
LH:6
BRF:0
BRH:0
end_of_record
TN:
SF:models\DeliveryChargeRule.js
FNF:0
FNH:0
DA:9,3
DA:52,3
LF:2
LH:2
BRF:0
BRH:0
end_of_record
TN:
SF:models\Expense.js
FN:48,(anonymous_0)
FNF:1
FNH:0
FNDA:0,(anonymous_0)
DA:3,3
DA:43,3
DA:44,3
DA:45,3
DA:48,3
DA:49,0
DA:50,0
DA:52,0
DA:54,3
DA:55,3
DA:56,3
DA:57,3
LF:12
LH:9
BRDA:49,0,0,0
BRDA:49,0,1,0
BRF:2
BRH:0
end_of_record
TN:
SF:models\GlobalPricingSettings.js
FNF:0
FNH:0
DA:3,3
LF:1
LH:1
BRF:0
BRH:0
end_of_record
TN:
SF:models\OutsideValleyFee.js
FNF:0
FNH:0
DA:3,3
LF:1
LH:1
BRF:0
BRH:0
end_of_record
TN:
SF:models\Package.js
FN:198,(anonymous_0)
FNF:1
FNH:1
FNDA:9,(anonymous_0)
DA:3,3
DA:17,3
DA:27,3
DA:181,3
DA:182,3
DA:183,3
DA:184,3
DA:185,3
DA:186,3
DA:187,3
DA:188,3
DA:190,3
DA:191,3
DA:192,3
DA:194,3
DA:195,3
DA:198,3
DA:199,9
DA:200,9
DA:202,9
DA:204,3
DA:205,3
DA:206,3
DA:207,3
DA:209,3
LF:25
LH:25
BRDA:199,0,0,9
BRDA:199,0,1,0
BRF:2
BRH:1
end_of_record
TN:
SF:models\PickupRequest.js
FNF:0
FNH:0
DA:3,3
DA:37,3
DA:38,3
LF:3
LH:3
BRF:0
BRH:0
end_of_record
TN:
SF:models\Product.js
FNF:0
FNH:0
DA:3,3
LF:1
LH:1
BRF:0
BRH:0
end_of_record
TN:
SF:models\ScanEvent.js
FNF:0
FNH:0
DA:7,3
DA:72,3
DA:73,3
DA:74,3
DA:75,3
DA:76,3
LF:6
LH:6
BRF:0
BRH:0
end_of_record
TN:
SF:models\Settlement.js
FN:50,(anonymous_0)
FNF:1
FNH:0
FNDA:0,(anonymous_0)
DA:3,3
DA:45,3
DA:46,3
DA:47,3
DA:50,3
DA:51,0
DA:52,0
DA:54,0
DA:56,3
DA:57,3
DA:58,3
DA:59,3
LF:12
LH:9
BRDA:51,0,0,0
BRDA:51,0,1,0
BRF:2
BRH:0
end_of_record
TN:
SF:models\SystemSettings.js
FNF:0
FNH:0
DA:3,3
LF:1
LH:1
BRF:0
BRH:0
end_of_record
TN:
SF:models\User.js
FN:84,(anonymous_0)
FN:92,(anonymous_1)
FN:97,(anonymous_2)
FN:102,(anonymous_3)
FN:120,(anonymous_4)
FNF:5
FNH:5
FNDA:8,(anonymous_0)
FNDA:11,(anonymous_1)
FNDA:12,(anonymous_2)
FNDA:6,(anonymous_3)
FNDA:29,(anonymous_4)
DA:4,4
DA:84,4
DA:85,8
DA:86,8
DA:87,8
DA:88,8
DA:92,4
DA:93,11
DA:97,4
DA:98,12
DA:102,4
DA:104,6
DA:105,0
DA:111,6
DA:113,6
DA:114,1
DA:116,6
DA:120,4
DA:121,29
DA:122,29
DA:124,29
DA:126,4
DA:127,4
DA:128,4
DA:129,4
DA:131,4
DA:132,4
DA:134,4
LF:28
LH:27
BRDA:85,0,0,0
BRDA:85,0,1,8
BRDA:98,1,0,12
BRDA:98,1,1,1
BRDA:104,2,0,0
BRDA:104,2,1,6
BRDA:104,3,0,6
BRDA:104,3,1,0
BRDA:113,4,0,1
BRDA:113,4,1,5
BRDA:121,5,0,29
BRDA:121,5,1,0
BRF:12
BRH:8
end_of_record
TN:
SF:routes\adminRoutes.js
FN:59,(anonymous_0)
FN:74,(anonymous_1)
FNF:2
FNH:0
FNDA:0,(anonymous_0)
FNDA:0,(anonymous_1)
DA:2,3
DA:56,3
DA:60,0
DA:63,0
DA:64,0
DA:66,0
DA:71,3
DA:75,0
DA:76,0
DA:81,3
DA:84,3
DA:86,3
DA:87,3
DA:88,3
DA:91,3
DA:92,3
DA:93,3
DA:94,3
DA:95,3
DA:96,3
DA:97,3
DA:98,3
DA:99,3
DA:100,3
DA:101,3
DA:104,3
DA:105,3
DA:106,3
DA:107,3
DA:108,3
DA:111,3
DA:112,3
DA:113,3
DA:114,3
DA:115,3
DA:118,3
DA:119,3
DA:120,3
DA:121,3
DA:122,3
DA:123,3
DA:124,3
DA:127,3
DA:130,3
DA:131,3
DA:132,3
DA:133,3
DA:134,3
DA:135,3
DA:136,3
LF:50
LH:44
BRDA:60,0,0,0
BRDA:60,0,1,0
BRDA:60,0,2,0
BRDA:63,1,0,0
BRDA:63,1,1,0
BRDA:75,2,0,0
BRDA:75,2,1,0
BRF:7
BRH:0
end_of_record
TN:
SF:routes\authRoutes.js
FNF:0
FNH:0
DA:2,3
DA:15,3
DA:16,3
DA:17,3
DA:18,3
DA:19,3
DA:20,3
DA:23,3
LF:8
LH:8
BRF:0
BRH:0
end_of_record
TN:
SF:routes\deliveryChargeRoutes.js
FNF:0
FNH:0
DA:2,3
DA:8,3
LF:2
LH:2
BRF:0
BRH:0
end_of_record
TN:
SF:routes\dispatcherRoutes.js
FNF:0
FNH:0
DA:2,3
DA:20,3
DA:22,3
DA:23,3
DA:24,3
DA:25,3
DA:26,3
DA:27,3
DA:28,3
DA:29,3
DA:30,3
DA:31,3
DA:32,3
LF:13
LH:13
BRF:0
BRH:0
end_of_record
TN:
SF:routes\expenseRoutes.js
FNF:0
FNH:0
DA:2,3
DA:12,3
DA:14,3
DA:15,3
DA:16,3
LF:5
LH:5
BRF:0
BRH:0
end_of_record
TN:
SF:routes\packageRoutes.js
FNF:0
FNH:0
DA:2,3
DA:16,3
DA:19,3
DA:22,3
DA:25,3
DA:28,3
DA:31,3
DA:34,3
LF:8
LH:8
BRF:0
BRH:0
end_of_record
TN:
SF:routes\publicRoutes.js
FNF:0
FNH:0
DA:2,3
DA:5,3
DA:6,3
LF:3
LH:3
BRF:0
BRH:0
end_of_record
TN:
SF:routes\riderRoutes.js
FNF:0
FNH:0
DA:2,3
DA:14,3
DA:16,3
DA:17,3
DA:18,3
DA:19,3
DA:20,3
LF:7
LH:7
BRF:0
BRH:0
end_of_record
TN:
SF:routes\scanRoutes.js
FNF:0
FNH:0
DA:2,3
DA:16,3
DA:19,3
DA:22,3
DA:25,3
DA:28,3
DA:29,3
DA:32,3
DA:35,3
LF:9
LH:9
BRF:0
BRH:0
end_of_record
TN:
SF:routes\vendorRoutes.js
FN:30,(anonymous_0)
FNF:1
FNH:0
FNDA:0,(anonymous_0)
DA:2,3
DA:27,3
DA:31,0
DA:34,0
DA:35,0
DA:37,0
DA:42,3
DA:44,3
DA:45,3
DA:46,3
DA:47,3
DA:48,3
DA:49,3
DA:50,3
DA:51,3
DA:52,3
DA:53,3
DA:56,3
DA:57,3
DA:60,3
DA:61,3
DA:62,3
DA:63,3
DA:64,3
LF:24
LH:20
BRDA:31,0,0,0
BRDA:31,0,1,0
BRDA:31,0,2,0
BRDA:34,1,0,0
BRDA:34,1,1,0
BRF:5
BRH:0
end_of_record
TN:
SF:services\labelService.js
FN:10,(anonymous_0)
FN:17,(anonymous_1)
FN:26,(anonymous_2)
FN:32,(anonymous_3)
FNF:4
FNH:0
FNDA:0,(anonymous_0)
FNDA:0,(anonymous_1)
FNDA:0,(anonymous_2)
FNDA:0,(anonymous_3)
DA:4,3
DA:10,3
DA:11,0
DA:17,3
DA:18,0
DA:19,0
DA:26,3
DA:27,0
DA:32,3
LF:9
LH:5
BRDA:4,0,0,3
BRDA:4,0,1,0
BRF:2
BRH:1
end_of_record
TN:
SF:services\pricingService.js
FN:5,(anonymous_0)
FN:26,(anonymous_1)
FN:87,(anonymous_2)
FN:95,(anonymous_3)
FNF:4
FNH:2
FNDA:1,(anonymous_0)
FNDA:0,(anonymous_1)
FNDA:1,(anonymous_2)
FNDA:0,(anonymous_3)
DA:5,3
DA:6,1
DA:7,1
DA:8,1
DA:10,1
DA:26,3
DA:27,0
DA:28,0
DA:29,0
DA:38,0
DA:40,0
DA:41,0
DA:44,0
DA:45,0
DA:49,0
DA:50,0
DA:51,0
DA:53,0
DA:54,0
DA:55,0
DA:56,0
DA:59,0
DA:62,0
DA:68,0
DA:69,0
DA:71,0
DA:76,0
DA:77,0
DA:79,0
DA:81,0
DA:82,0
DA:84,0
DA:87,3
DA:88,1
DA:89,1
DA:91,1
DA:92,1
DA:94,1
DA:95,1
DA:96,0
DA:97,0
DA:101,1
LF:42
LH:14
BRDA:7,0,0,1
BRDA:7,0,1,0
BRDA:28,1,0,0
BRDA:28,1,1,0
BRDA:28,2,0,0
BRDA:28,2,1,0
BRDA:44,3,0,0
BRDA:44,3,1,0
BRDA:44,4,0,0
BRDA:44,4,1,0
BRDA:49,5,0,0
BRDA:49,5,1,0
BRDA:50,6,0,0
BRDA:50,6,1,0
BRDA:50,7,0,0
BRDA:50,7,1,0
BRDA:53,8,0,0
BRDA:53,8,1,0
BRDA:55,9,0,0
BRDA:55,9,1,0
BRDA:59,10,0,0
BRDA:59,10,1,0
BRDA:62,11,0,0
BRDA:62,11,1,0
BRDA:68,12,0,0
BRDA:68,12,1,0
BRDA:68,13,0,0
BRDA:68,13,1,0
BRDA:76,14,0,0
BRDA:76,14,1,0
BRDA:77,15,0,0
BRDA:77,15,1,0
BRDA:81,16,0,0
BRDA:81,16,1,0
BRDA:81,17,0,0
BRDA:81,17,1,0
BRDA:96,18,0,0
BRDA:96,18,1,0
BRDA:96,19,0,0
BRDA:96,19,1,0
BRF:40
BRH:1
end_of_record
TN:
SF:utils\csvHelper.js
FN:8,(anonymous_0)
FN:12,(anonymous_1)
FN:16,(anonymous_2)
FN:24,(anonymous_3)
FN:27,(anonymous_4)
FN:29,(anonymous_5)
FN:32,(anonymous_6)
FN:141,(anonymous_7)
FN:157,(anonymous_8)
FNF:9
FNH:0
FNDA:0,(anonymous_0)
FNDA:0,(anonymous_1)
FNDA:0,(anonymous_2)
FNDA:0,(anonymous_3)
FNDA:0,(anonymous_4)
FNDA:0,(anonymous_5)
FNDA:0,(anonymous_6)
FNDA:0,(anonymous_7)
FNDA:0,(anonymous_8)
DA:8,3
DA:9,0
DA:10,0
DA:12,0
DA:13,0
DA:14,0
DA:17,0
DA:18,0
DA:19,0
DA:21,0
DA:25,0
DA:28,0
DA:29,0
DA:30,0
DA:31,0
DA:32,0
DA:33,0
DA:34,0
DA:36,0
DA:37,0
DA:39,0
DA:42,0
DA:43,0
DA:45,0
DA:46,0
DA:47,0
DA:49,0
DA:50,0
DA:51,0
DA:52,0
DA:53,0
DA:54,0
DA:55,0
DA:56,0
DA:57,0
DA:59,0
DA:60,0
DA:61,0
DA:62,0
DA:64,0
DA:65,0
DA:66,0
DA:67,0
DA:68,0
DA:71,0
DA:72,0
DA:73,0
DA:74,0
DA:75,0
DA:78,0
DA:79,0
DA:80,0
DA:83,0
DA:85,0
DA:86,0
DA:87,0
DA:88,0
DA:95,0
DA:99,0
DA:100,0
DA:102,0
DA:129,0
DA:130,0
DA:131,0
DA:132,0
DA:135,0
DA:136,0
DA:137,0
DA:140,0
DA:141,0
DA:142,0
DA:143,0
DA:151,0
DA:157,0
DA:159,0
DA:168,0
LF:76
LH:1
BRDA:18,0,0,0
BRDA:18,0,1,0
BRDA:31,1,0,0
BRDA:31,1,1,0
BRDA:31,2,0,0
BRDA:31,2,1,0
BRDA:37,3,0,0
BRDA:37,3,1,0
BRDA:37,4,0,0
BRDA:37,4,1,0
BRDA:49,5,0,0
BRDA:49,5,1,0
BRDA:50,6,0,0
BRDA:50,6,1,0
BRDA:51,7,0,0
BRDA:51,7,1,0
BRDA:52,8,0,0
BRDA:52,8,1,0
BRDA:54,9,0,0
BRDA:54,9,1,0
BRDA:60,10,0,0
BRDA:60,10,1,0
BRDA:61,11,0,0
BRDA:61,11,1,0
BRDA:62,12,0,0
BRDA:62,12,1,0
BRDA:65,13,0,0
BRDA:65,13,1,0
BRDA:65,14,0,0
BRDA:65,14,1,0
BRDA:65,14,2,0
BRDA:65,14,3,0
BRDA:67,15,0,0
BRDA:67,15,1,0
BRDA:71,16,0,0
BRDA:71,16,1,0
BRDA:72,17,0,0
BRDA:72,17,1,0
BRDA:74,18,0,0
BRDA:74,18,1,0
BRDA:78,19,0,0
BRDA:78,19,1,0
BRDA:83,20,0,0
BRDA:83,20,1,0
BRDA:83,20,2,0
BRDA:86,21,0,0
BRDA:86,21,1,0
BRDA:86,22,0,0
BRDA:86,22,1,0
BRDA:86,22,2,0
BRDA:86,22,3,0
BRDA:91,23,0,0
BRDA:91,23,1,0
BRDA:104,24,0,0
BRDA:104,24,1,0
BRDA:109,25,0,0
BRDA:109,25,1,0
BRDA:130,26,0,0
BRDA:130,26,1,0
BRDA:135,27,0,0
BRDA:135,27,1,0
BRDA:135,28,0,0
BRDA:135,28,1,0
BRDA:136,29,0,0
BRDA:136,29,1,0
BRDA:140,30,0,0
BRDA:140,30,1,0
BRDA:145,31,0,0
BRDA:145,31,1,0
BRF:69
BRH:0
end_of_record
TN:
SF:utils\emailService.js
FN:9,(anonymous_0)
FNF:1
FNH:0
FNDA:0,(anonymous_0)
DA:9,4
DA:13,0
DA:14,0
DA:24,0
DA:25,0
DA:26,0
DA:37,0
DA:45,0
DA:47,0
DA:48,0
DA:49,0
LF:11
LH:1
BRDA:13,0,0,0
BRDA:13,0,1,0
BRDA:13,1,0,0
BRDA:13,1,1,0
BRDA:38,2,0,0
BRDA:38,2,1,0
BRDA:38,3,0,0
BRDA:38,3,1,0
BRDA:47,4,0,0
BRDA:47,4,1,0
BRF:10
BRH:0
end_of_record
TN:
SF:utils\helpers.js
FN:4,generateTrackingCode
FN:14,uniqueTrackingCode
FN:25,generateInvoiceId
FNF:3
FNH:0
FNDA:0,generateTrackingCode
FNDA:0,uniqueTrackingCode
FNDA:0,generateInvoiceId
DA:5,0
DA:6,0
DA:7,0
DA:8,0
DA:10,0
DA:16,0
DA:17,0
DA:18,0
DA:19,0
DA:21,0
DA:27,0
LF:11
LH:0
BRF:0
BRH:0
end_of_record
TN:
SF:utils\logger.js
FN:5,(anonymous_0)
FNF:1
FNH:0
FNDA:0,(anonymous_0)
DA:3,4
DA:5,4
DA:6,0
DA:9,4
LF:4
LH:3
BRDA:6,0,0,0
BRDA:6,0,1,0
BRDA:10,1,0,0
BRDA:10,1,1,4
BRDA:14,2,0,0
BRDA:14,2,1,4
BRDA:18,3,0,4
BRDA:18,3,1,0
BRF:8
BRH:3
end_of_record
